<?xml version="1.0" encoding="UTF-8"?>
<coverage generated="1508781451963" clover="3.2.0">
  <project timestamp="1508781451964" name="All files">
    <metrics statements="506" coveredstatements="184" conditionals="283" coveredconditionals="71" methods="210" coveredmethods="38" elements="999" coveredelements="293" complexity="0" loc="506" ncloc="506" packages="19" files="35" classes="35">
      <package name="src">
        <metrics statements="46" coveredstatements="12" conditionals="51" coveredconditionals="2" methods="26" coveredmethods="0"/>
        <file name="config.js" path="/Users/johnbrown/Desktop/projects/mailtroopers/client/src/config.js">
          <metrics statements="2" coveredstatements="2" conditionals="4" coveredconditionals="2" methods="0" coveredmethods="0"/>
          <line num="1" count="14" type="cond" truecount="1" falsecount="1"/>
          <line num="3" count="14" type="cond" truecount="1" falsecount="1"/>
        </file>
        <file name="index.js" path="/Users/johnbrown/Desktop/projects/mailtroopers/client/src/index.js">
          <metrics statements="9" coveredstatements="0" conditionals="4" coveredconditionals="0" methods="1" coveredmethods="0"/>
          <line num="1" count="0" type="stmt"/>
          <line num="2" count="0" type="stmt"/>
          <line num="3" count="0" type="stmt"/>
          <line num="5" count="0" type="stmt"/>
          <line num="6" count="0" type="stmt"/>
          <line num="7" count="0" type="stmt"/>
          <line num="8" count="0" type="cond" truecount="0" falsecount="4"/>
          <line num="10" count="0" type="stmt"/>
          <line num="15" count="0" type="stmt"/>
        </file>
        <file name="local-storage.js" path="/Users/johnbrown/Desktop/projects/mailtroopers/client/src/local-storage.js">
          <metrics statements="6" coveredstatements="3" conditionals="0" coveredconditionals="0" methods="3" coveredmethods="0"/>
          <line num="1" count="10" type="stmt"/>
          <line num="2" count="0" type="stmt"/>
          <line num="5" count="10" type="stmt"/>
          <line num="6" count="0" type="stmt"/>
          <line num="9" count="10" type="stmt"/>
          <line num="10" count="0" type="stmt"/>
        </file>
        <file name="registerServiceWorker.js" path="/Users/johnbrown/Desktop/projects/mailtroopers/client/src/registerServiceWorker.js">
          <metrics statements="14" coveredstatements="0" conditionals="21" coveredconditionals="0" methods="14" coveredmethods="0"/>
          <line num="1" count="0" type="stmt"/>
          <line num="21" count="0" type="stmt"/>
          <line num="109" count="0" type="cond" truecount="0" falsecount="3"/>
          <line num="111" count="0" type="cond" truecount="0" falsecount="4"/>
          <line num="112" count="0" type="cond" truecount="0" falsecount="2"/>
          <line num="115" count="0" type="cond" truecount="0" falsecount="2"/>
          <line num="116" count="0" type="stmt"/>
          <line num="117" count="0" type="cond" truecount="0" falsecount="4"/>
          <line num="121" count="0" type="stmt"/>
          <line num="124" count="0" type="stmt"/>
          <line num="125" count="0" type="stmt"/>
          <line num="126" count="0" type="cond" truecount="0" falsecount="4"/>
          <line num="127" count="0" type="stmt"/>
          <line num="128" count="0" type="cond" truecount="0" falsecount="2"/>
        </file>
        <file name="store.js" path="/Users/johnbrown/Desktop/projects/mailtroopers/client/src/store.js">
          <metrics statements="1" coveredstatements="1" conditionals="0" coveredconditionals="0" methods="0" coveredmethods="0"/>
          <line num="12" count="10" type="stmt"/>
        </file>
        <file name="validators.js" path="/Users/johnbrown/Desktop/projects/mailtroopers/client/src/validators.js">
          <metrics statements="14" coveredstatements="6" conditionals="22" coveredconditionals="0" methods="8" coveredmethods="0"/>
          <line num="1" count="5" type="cond" truecount="0" falsecount="2"/>
          <line num="2" count="5" type="stmt"/>
          <line num="3" count="0" type="cond" truecount="0" falsecount="2"/>
          <line num="4" count="5" type="stmt"/>
          <line num="5" count="0" type="cond" truecount="0" falsecount="2"/>
          <line num="6" count="5" type="stmt"/>
          <line num="7" count="0" type="cond" truecount="0" falsecount="4"/>
          <line num="8" count="0" type="stmt"/>
          <line num="10" count="0" type="cond" truecount="0" falsecount="4"/>
          <line num="11" count="0" type="stmt"/>
          <line num="14" count="5" type="stmt"/>
          <line num="15" count="0" type="cond" truecount="0" falsecount="4"/>
          <line num="19" count="5" type="stmt"/>
          <line num="20" count="0" type="cond" truecount="0" falsecount="4"/>
        </file>
      </package>
      <package name="src.actions">
        <metrics statements="105" coveredstatements="59" conditionals="6" coveredconditionals="0" methods="50" coveredmethods="0"/>
        <file name="email.js" path="/Users/johnbrown/Desktop/projects/mailtroopers/client/src/actions/email.js">
          <metrics statements="32" coveredstatements="24" conditionals="0" coveredconditionals="0" methods="22" coveredmethods="0"/>
          <line num="4" count="14" type="stmt"/>
          <line num="5" count="14" type="stmt"/>
          <line num="10" count="14" type="stmt"/>
          <line num="11" count="0" type="stmt"/>
          <line num="14" count="14" type="stmt"/>
          <line num="15" count="0" type="stmt"/>
          <line num="17" count="0" type="stmt"/>
          <line num="20" count="0" type="stmt"/>
          <line num="24" count="14" type="stmt"/>
          <line num="25" count="14" type="stmt"/>
          <line num="30" count="14" type="stmt"/>
          <line num="31" count="14" type="stmt"/>
          <line num="36" count="14" type="stmt"/>
          <line num="37" count="0" type="stmt"/>
          <line num="40" count="14" type="stmt"/>
          <line num="41" count="14" type="stmt"/>
          <line num="46" count="14" type="stmt"/>
          <line num="47" count="14" type="stmt"/>
          <line num="52" count="14" type="stmt"/>
          <line num="53" count="14" type="stmt"/>
          <line num="58" count="14" type="stmt"/>
          <line num="59" count="0" type="stmt"/>
          <line num="67" count="14" type="stmt"/>
          <line num="68" count="14" type="stmt"/>
          <line num="73" count="14" type="stmt"/>
          <line num="74" count="0" type="stmt"/>
          <line num="81" count="14" type="stmt"/>
          <line num="82" count="0" type="stmt"/>
          <line num="88" count="14" type="stmt"/>
          <line num="89" count="14" type="stmt"/>
          <line num="94" count="14" type="stmt"/>
          <line num="95" count="14" type="stmt"/>
        </file>
        <file name="index.js" path="/Users/johnbrown/Desktop/projects/mailtroopers/client/src/actions/index.js">
          <metrics statements="10" coveredstatements="10" conditionals="0" coveredconditionals="0" methods="0" coveredmethods="0"/>
          <line num="1" count="12" type="stmt"/>
          <line num="2" count="12" type="stmt"/>
          <line num="6" count="12" type="stmt"/>
          <line num="7" count="12" type="stmt"/>
          <line num="11" count="12" type="stmt"/>
          <line num="12" count="12" type="stmt"/>
          <line num="16" count="12" type="stmt"/>
          <line num="17" count="12" type="stmt"/>
          <line num="21" count="12" type="stmt"/>
          <line num="22" count="12" type="stmt"/>
        </file>
        <file name="io.js" path="/Users/johnbrown/Desktop/projects/mailtroopers/client/src/actions/io.js">
          <metrics statements="23" coveredstatements="7" conditionals="4" coveredconditionals="0" methods="11" coveredmethods="0"/>
          <line num="9" count="10" type="stmt"/>
          <line num="10" count="10" type="stmt"/>
          <line num="15" count="10" type="stmt"/>
          <line num="16" count="10" type="stmt"/>
          <line num="20" count="10" type="stmt"/>
          <line num="22" count="10" type="stmt"/>
          <line num="23" count="0" type="stmt"/>
          <line num="25" count="0" type="stmt"/>
          <line num="27" count="0" type="stmt"/>
          <line num="28" count="0" type="stmt"/>
          <line num="29" count="0" type="stmt"/>
          <line num="32" count="0" type="stmt"/>
          <line num="33" count="0" type="stmt"/>
          <line num="34" count="0" type="cond" truecount="0" falsecount="2"/>
          <line num="35" count="0" type="cond" truecount="0" falsecount="2"/>
          <line num="36" count="0" type="stmt"/>
          <line num="40" count="0" type="stmt"/>
          <line num="41" count="0" type="stmt"/>
          <line num="44" count="0" type="stmt"/>
          <line num="45" count="0" type="stmt"/>
          <line num="49" count="10" type="stmt"/>
          <line num="50" count="0" type="stmt"/>
          <line num="51" count="0" type="stmt"/>
        </file>
        <file name="modal.js" path="/Users/johnbrown/Desktop/projects/mailtroopers/client/src/actions/modal.js">
          <metrics statements="6" coveredstatements="6" conditionals="0" coveredconditionals="0" methods="0" coveredmethods="0"/>
          <line num="1" count="12" type="stmt"/>
          <line num="2" count="12" type="stmt"/>
          <line num="6" count="12" type="stmt"/>
          <line num="7" count="12" type="stmt"/>
          <line num="11" count="12" type="stmt"/>
          <line num="12" count="12" type="stmt"/>
        </file>
        <file name="user.js" path="/Users/johnbrown/Desktop/projects/mailtroopers/client/src/actions/user.js">
          <metrics statements="34" coveredstatements="12" conditionals="2" coveredconditionals="0" methods="17" coveredmethods="0"/>
          <line num="11" count="10" type="stmt"/>
          <line num="12" count="0" type="stmt"/>
          <line num="13" count="0" type="stmt"/>
          <line num="14" count="0" type="stmt"/>
          <line num="15" count="0" type="stmt"/>
          <line num="16" count="0" type="stmt"/>
          <line num="17" count="0" type="stmt"/>
          <line num="20" count="10" type="stmt"/>
          <line num="21" count="0" type="stmt"/>
          <line num="25" count="0" type="cond" truecount="0" falsecount="2"/>
          <line num="26" count="0" type="stmt"/>
          <line num="31" count="10" type="stmt"/>
          <line num="32" count="10" type="stmt"/>
          <line num="37" count="10" type="stmt"/>
          <line num="38" count="10" type="stmt"/>
          <line num="43" count="10" type="stmt"/>
          <line num="44" count="10" type="stmt"/>
          <line num="49" count="10" type="stmt"/>
          <line num="50" count="0" type="stmt"/>
          <line num="51" count="0" type="stmt"/>
          <line num="59" count="0" type="stmt"/>
          <line num="60" count="0" type="stmt"/>
          <line num="63" count="0" type="stmt"/>
          <line num="64" count="0" type="stmt"/>
          <line num="68" count="10" type="stmt"/>
          <line num="69" count="10" type="stmt"/>
          <line num="74" count="10" type="stmt"/>
          <line num="75" count="0" type="stmt"/>
          <line num="76" count="0" type="stmt"/>
          <line num="84" count="0" type="stmt"/>
          <line num="89" count="0" type="stmt"/>
          <line num="90" count="0" type="stmt"/>
          <line num="91" count="0" type="stmt"/>
          <line num="92" count="0" type="stmt"/>
        </file>
      </package>
      <package name="src.components.app">
        <metrics statements="17" coveredstatements="3" conditionals="12" coveredconditionals="0" methods="9" coveredmethods="2"/>
        <file name="App.js" path="/Users/johnbrown/Desktop/projects/mailtroopers/client/src/components/app/App.js">
          <metrics statements="17" coveredstatements="3" conditionals="12" coveredconditionals="0" methods="9" coveredmethods="2"/>
          <line num="24" count="0" type="cond" truecount="0" falsecount="2"/>
          <line num="27" count="0" type="stmt"/>
          <line num="32" count="0" type="cond" truecount="0" falsecount="4"/>
          <line num="34" count="0" type="stmt"/>
          <line num="35" count="0" type="cond" truecount="0" falsecount="4"/>
          <line num="37" count="0" type="stmt"/>
          <line num="42" count="0" type="stmt"/>
          <line num="43" count="0" type="stmt"/>
          <line num="44" count="0" type="stmt"/>
          <line num="48" count="0" type="stmt"/>
          <line num="49" count="0" type="stmt"/>
          <line num="55" count="0" type="cond" truecount="0" falsecount="2"/>
          <line num="56" count="0" type="stmt"/>
          <line num="58" count="0" type="stmt"/>
          <line num="63" count="1" type="stmt"/>
          <line num="68" count="3" type="stmt"/>
          <line num="79" count="1" type="stmt"/>
        </file>
      </package>
      <package name="src.components.dashboard">
        <metrics statements="16" coveredstatements="1" conditionals="23" coveredconditionals="0" methods="4" coveredmethods="0"/>
        <file name="Dashboard.js" path="/Users/johnbrown/Desktop/projects/mailtroopers/client/src/components/dashboard/Dashboard.js">
          <metrics statements="16" coveredstatements="1" conditionals="23" coveredconditionals="0" methods="4" coveredmethods="0"/>
          <line num="23" count="0" type="cond" truecount="0" falsecount="2"/>
          <line num="24" count="0" type="stmt"/>
          <line num="27" count="0" type="cond" truecount="0" falsecount="2"/>
          <line num="28" count="0" type="stmt"/>
          <line num="33" count="0" type="cond" truecount="0" falsecount="2"/>
          <line num="34" count="0" type="cond" truecount="0" falsecount="4"/>
          <line num="35" count="0" type="stmt"/>
          <line num="38" count="0" type="stmt"/>
          <line num="42" count="0" type="stmt"/>
          <line num="43" count="0" type="cond" truecount="0" falsecount="2"/>
          <line num="44" count="0" type="stmt"/>
          <line num="47" count="0" type="cond" truecount="0" falsecount="2"/>
          <line num="48" count="0" type="cond" truecount="0" falsecount="2"/>
          <line num="49" count="0" type="cond" truecount="0" falsecount="2"/>
          <line num="51" count="0" type="stmt"/>
          <line num="74" count="2" type="stmt"/>
        </file>
      </package>
      <package name="src.components.dashboard.left-sidebar">
        <metrics statements="32" coveredstatements="2" conditionals="8" coveredconditionals="0" methods="16" coveredmethods="0"/>
        <file name="LeftSidebar.js" path="/Users/johnbrown/Desktop/projects/mailtroopers/client/src/components/dashboard/left-sidebar/LeftSidebar.js">
          <metrics statements="32" coveredstatements="2" conditionals="8" coveredconditionals="0" methods="16" coveredmethods="0"/>
          <line num="12" count="3" type="stmt"/>
          <line num="15" count="0" type="stmt"/>
          <line num="16" count="0" type="stmt"/>
          <line num="17" count="0" type="stmt"/>
          <line num="20" count="0" type="stmt"/>
          <line num="21" count="0" type="stmt"/>
          <line num="24" count="0" type="stmt"/>
          <line num="25" count="0" type="cond" truecount="0" falsecount="2"/>
          <line num="26" count="0" type="stmt"/>
          <line num="28" count="0" type="stmt"/>
          <line num="31" count="0" type="stmt"/>
          <line num="32" count="0" type="cond" truecount="0" falsecount="2"/>
          <line num="33" count="0" type="stmt"/>
          <line num="34" count="0" type="stmt"/>
          <line num="39" count="0" type="stmt"/>
          <line num="42" count="0" type="stmt"/>
          <line num="45" count="0" type="stmt"/>
          <line num="46" count="0" type="stmt"/>
          <line num="53" count="0" type="stmt"/>
          <line num="60" count="0" type="stmt"/>
          <line num="69" count="0" type="stmt"/>
          <line num="70" count="0" type="cond" truecount="0" falsecount="2"/>
          <line num="71" count="0" type="stmt"/>
          <line num="73" count="0" type="stmt"/>
          <line num="77" count="0" type="stmt"/>
          <line num="78" count="0" type="cond" truecount="0" falsecount="2"/>
          <line num="79" count="0" type="stmt"/>
          <line num="81" count="0" type="stmt"/>
          <line num="84" count="0" type="stmt"/>
          <line num="89" count="0" type="stmt"/>
          <line num="98" count="0" type="stmt"/>
          <line num="109" count="3" type="stmt"/>
        </file>
      </package>
      <package name="src.components.dashboard.main">
        <metrics statements="35" coveredstatements="19" conditionals="34" coveredconditionals="17" methods="10" coveredmethods="6"/>
        <file name="Main.js" path="/Users/johnbrown/Desktop/projects/mailtroopers/client/src/components/dashboard/main/Main.js">
          <metrics statements="35" coveredstatements="19" conditionals="34" coveredconditionals="17" methods="10" coveredmethods="6"/>
          <line num="12" count="0" type="stmt"/>
          <line num="16" count="1" type="cond" truecount="1" falsecount="1"/>
          <line num="17" count="1" type="stmt"/>
          <line num="21" count="0" type="cond" truecount="0" falsecount="2"/>
          <line num="22" count="0" type="stmt"/>
          <line num="33" count="0" type="stmt"/>
          <line num="34" count="0" type="cond" truecount="0" falsecount="2"/>
          <line num="35" count="0" type="stmt"/>
          <line num="47" count="1" type="cond" truecount="1" falsecount="1"/>
          <line num="48" count="0" type="stmt"/>
          <line num="50" count="1" type="cond" truecount="2" falsecount="2"/>
          <line num="51" count="0" type="stmt"/>
          <line num="53" count="1" type="cond" truecount="3" falsecount="1"/>
          <line num="54" count="0" type="stmt"/>
          <line num="56" count="1" type="cond" truecount="3" falsecount="1"/>
          <line num="57" count="1" type="stmt"/>
          <line num="59" count="0" type="stmt"/>
          <line num="63" count="2" type="cond" truecount="2" falsecount="0"/>
          <line num="64" count="1" type="cond" truecount="1" falsecount="1"/>
          <line num="65" count="0" type="stmt"/>
          <line num="67" count="1" type="stmt"/>
          <line num="70" count="1" type="cond" truecount="1" falsecount="1"/>
          <line num="71" count="1" type="cond" truecount="1" falsecount="1"/>
          <line num="72" count="0" type="stmt"/>
          <line num="74" count="1" type="stmt"/>
          <line num="80" count="1" type="cond" truecount="1" falsecount="1"/>
          <line num="81" count="0" type="stmt"/>
          <line num="83" count="1" type="stmt"/>
          <line num="86" count="0" type="stmt"/>
          <line num="92" count="1" type="cond" truecount="1" falsecount="1"/>
          <line num="93" count="0" type="stmt"/>
          <line num="95" count="1" type="stmt"/>
          <line num="98" count="0" type="stmt"/>
          <line num="105" count="1" type="stmt"/>
          <line num="117" count="3" type="stmt"/>
        </file>
      </package>
      <package name="src.components.dashboard.main.version">
        <metrics statements="12" coveredstatements="1" conditionals="8" coveredconditionals="0" methods="6" coveredmethods="0"/>
        <file name="Version.js" path="/Users/johnbrown/Desktop/projects/mailtroopers/client/src/components/dashboard/main/version/Version.js">
          <metrics statements="12" coveredstatements="1" conditionals="8" coveredconditionals="0" methods="6" coveredmethods="0"/>
          <line num="10" count="0" type="stmt"/>
          <line num="11" count="0" type="stmt"/>
          <line num="12" count="0" type="cond" truecount="0" falsecount="4"/>
          <line num="13" count="0" type="stmt"/>
          <line num="17" count="0" type="stmt"/>
          <line num="18" count="0" type="cond" truecount="0" falsecount="4"/>
          <line num="19" count="0" type="stmt"/>
          <line num="22" count="0" type="stmt"/>
          <line num="24" count="0" type="stmt"/>
          <line num="28" count="0" type="stmt"/>
          <line num="32" count="0" type="stmt"/>
          <line num="39" count="4" type="stmt"/>
        </file>
      </package>
      <package name="src.components.dashboard.right-sidebar">
        <metrics statements="19" coveredstatements="12" conditionals="20" coveredconditionals="12" methods="6" coveredmethods="4"/>
        <file name="RightSidebar.js" path="/Users/johnbrown/Desktop/projects/mailtroopers/client/src/components/dashboard/right-sidebar/RightSidebar.js">
          <metrics statements="19" coveredstatements="12" conditionals="20" coveredconditionals="12" methods="6" coveredmethods="4"/>
          <line num="14" count="1" type="cond" truecount="2" falsecount="2"/>
          <line num="15" count="0" type="stmt"/>
          <line num="17" count="1" type="cond" truecount="3" falsecount="1"/>
          <line num="18" count="0" type="stmt"/>
          <line num="20" count="1" type="cond" truecount="2" falsecount="2"/>
          <line num="21" count="0" type="stmt"/>
          <line num="23" count="1" type="stmt"/>
          <line num="27" count="2" type="cond" truecount="2" falsecount="0"/>
          <line num="28" count="1" type="cond" truecount="1" falsecount="1"/>
          <line num="29" count="1" type="stmt"/>
          <line num="31" count="0" type="stmt"/>
          <line num="34" count="1" type="cond" truecount="1" falsecount="1"/>
          <line num="35" count="1" type="cond" truecount="1" falsecount="1"/>
          <line num="36" count="1" type="stmt"/>
          <line num="38" count="0" type="stmt"/>
          <line num="44" count="1" type="stmt"/>
          <line num="49" count="0" type="stmt"/>
          <line num="60" count="0" type="stmt"/>
          <line num="72" count="3" type="stmt"/>
        </file>
      </package>
      <package name="src.components.dashboard.right-sidebar.comments">
        <metrics statements="18" coveredstatements="6" conditionals="10" coveredconditionals="4" methods="9" coveredmethods="5"/>
        <file name="Comments.js" path="/Users/johnbrown/Desktop/projects/mailtroopers/client/src/components/dashboard/right-sidebar/comments/Comments.js">
          <metrics statements="18" coveredstatements="6" conditionals="10" coveredconditionals="4" methods="9" coveredmethods="5"/>
          <line num="13" count="2" type="stmt"/>
          <line num="15" count="2" type="stmt"/>
          <line num="19" count="0" type="stmt"/>
          <line num="23" count="2" type="cond" truecount="2" falsecount="2"/>
          <line num="25" count="0" type="stmt"/>
          <line num="26" count="0" type="stmt"/>
          <line num="27" count="0" type="stmt"/>
          <line num="28" count="0" type="stmt"/>
          <line num="30" count="0" type="stmt"/>
          <line num="32" count="0" type="cond" truecount="0" falsecount="2"/>
          <line num="34" count="0" type="stmt"/>
          <line num="38" count="0" type="stmt"/>
          <line num="51" count="2" type="cond" truecount="2" falsecount="2"/>
          <line num="53" count="0" type="stmt"/>
          <line num="63" count="0" type="stmt"/>
          <line num="64" count="0" type="stmt"/>
          <line num="68" count="2" type="stmt"/>
          <line num="77" count="4" type="stmt"/>
        </file>
      </package>
      <package name="src.components.dashboard.right-sidebar.troop">
        <metrics statements="16" coveredstatements="7" conditionals="6" coveredconditionals="2" methods="8" coveredmethods="5"/>
        <file name="Troop.js" path="/Users/johnbrown/Desktop/projects/mailtroopers/client/src/components/dashboard/right-sidebar/troop/Troop.js">
          <metrics statements="16" coveredstatements="7" conditionals="6" coveredconditionals="2" methods="8" coveredmethods="5"/>
          <line num="8" count="2" type="stmt"/>
          <line num="10" count="2" type="stmt"/>
          <line num="14" count="2" type="cond" truecount="1" falsecount="1"/>
          <line num="15" count="2" type="stmt"/>
          <line num="17" count="0" type="cond" truecount="0" falsecount="2"/>
          <line num="18" count="0" type="stmt"/>
          <line num="23" count="0" type="stmt"/>
          <line num="24" count="0" type="stmt"/>
          <line num="34" count="2" type="cond" truecount="1" falsecount="1"/>
          <line num="35" count="0" type="stmt"/>
          <line num="45" count="0" type="stmt"/>
          <line num="46" count="0" type="stmt"/>
          <line num="50" count="0" type="stmt"/>
          <line num="51" count="0" type="stmt"/>
          <line num="55" count="2" type="stmt"/>
          <line num="63" count="4" type="stmt"/>
        </file>
      </package>
      <package name="src.components.input">
        <metrics statements="8" coveredstatements="0" conditionals="12" coveredconditionals="0" methods="3" coveredmethods="0"/>
        <file name="Input.js" path="/Users/johnbrown/Desktop/projects/mailtroopers/client/src/components/input/Input.js">
          <metrics statements="8" coveredstatements="0" conditionals="12" coveredconditionals="0" methods="3" coveredmethods="0"/>
          <line num="7" count="0" type="cond" truecount="0" falsecount="4"/>
          <line num="8" count="0" type="stmt"/>
          <line num="14" count="0" type="cond" truecount="0" falsecount="4"/>
          <line num="15" count="0" type="stmt"/>
          <line num="19" count="0" type="cond" truecount="0" falsecount="4"/>
          <line num="20" count="0" type="stmt"/>
          <line num="25" count="0" type="stmt"/>
          <line num="38" count="0" type="stmt"/>
        </file>
      </package>
      <package name="src.components.landing-page">
        <metrics statements="4" coveredstatements="1" conditionals="2" coveredconditionals="0" methods="2" coveredmethods="0"/>
        <file name="LandingPage.js" path="/Users/johnbrown/Desktop/projects/mailtroopers/client/src/components/landing-page/LandingPage.js">
          <metrics statements="4" coveredstatements="1" conditionals="2" coveredconditionals="0" methods="2" coveredmethods="0"/>
          <line num="7" count="0" type="cond" truecount="0" falsecount="2"/>
          <line num="8" count="0" type="stmt"/>
          <line num="11" count="0" type="stmt"/>
          <line num="18" count="2" type="stmt"/>
        </file>
      </package>
      <package name="src.components.modals.comment-modal">
        <metrics statements="19" coveredstatements="5" conditionals="6" coveredconditionals="2" methods="8" coveredmethods="3"/>
        <file name="CommentModal.js" path="/Users/johnbrown/Desktop/projects/mailtroopers/client/src/components/modals/comment-modal/CommentModal.js">
          <metrics statements="19" coveredstatements="5" conditionals="6" coveredconditionals="2" methods="8" coveredmethods="3"/>
          <line num="12" count="1" type="stmt"/>
          <line num="13" count="1" type="stmt"/>
          <line num="21" count="0" type="stmt"/>
          <line num="22" count="0" type="stmt"/>
          <line num="28" count="0" type="stmt"/>
          <line num="29" count="0" type="stmt"/>
          <line num="33" count="0" type="cond" truecount="0" falsecount="2"/>
          <line num="34" count="0" type="stmt"/>
          <line num="35" count="0" type="stmt"/>
          <line num="36" count="0" type="stmt"/>
          <line num="37" count="0" type="stmt"/>
          <line num="39" count="0" type="stmt"/>
          <line num="41" count="0" type="stmt"/>
          <line num="45" count="0" type="stmt"/>
          <line num="52" count="1" type="cond" truecount="1" falsecount="1"/>
          <line num="62" count="1" type="stmt"/>
          <line num="64" count="0" type="stmt"/>
          <line num="78" count="0" type="stmt"/>
          <line num="97" count="3" type="stmt"/>
        </file>
      </package>
      <package name="src.components.modals.create-email-modal">
        <metrics statements="13" coveredstatements="4" conditionals="2" coveredconditionals="0" methods="8" coveredmethods="1"/>
        <file name="CreateEmailForm.js" path="/Users/johnbrown/Desktop/projects/mailtroopers/client/src/components/modals/create-email-modal/CreateEmailForm.js">
          <metrics statements="5" coveredstatements="0" conditionals="2" coveredconditionals="0" methods="4" coveredmethods="0"/>
          <line num="12" count="0" type="stmt"/>
          <line num="13" count="0" type="stmt"/>
          <line num="17" count="0" type="stmt"/>
          <line num="21" count="0" type="stmt"/>
          <line num="47" count="0" type="stmt"/>
        </file>
        <file name="CreateEmailModal.js" path="/Users/johnbrown/Desktop/projects/mailtroopers/client/src/components/modals/create-email-modal/CreateEmailModal.js">
          <metrics statements="8" coveredstatements="4" conditionals="0" coveredconditionals="0" methods="4" coveredmethods="1"/>
          <line num="7" count="3" type="stmt"/>
          <line num="8" count="1" type="stmt"/>
          <line num="9" count="0" type="stmt"/>
          <line num="10" count="0" type="stmt"/>
          <line num="13" count="1" type="stmt"/>
          <line num="16" count="0" type="stmt"/>
          <line num="27" count="3" type="stmt"/>
          <line num="28" count="0" type="stmt"/>
        </file>
      </package>
      <package name="src.components.modals.login-modal">
        <metrics statements="11" coveredstatements="2" conditionals="4" coveredconditionals="0" methods="6" coveredmethods="0"/>
        <file name="LogIn.js" path="/Users/johnbrown/Desktop/projects/mailtroopers/client/src/components/modals/login-modal/LogIn.js">
          <metrics statements="5" coveredstatements="0" conditionals="2" coveredconditionals="0" methods="4" coveredmethods="0"/>
          <line num="15" count="0" type="stmt"/>
          <line num="16" count="0" type="stmt"/>
          <line num="21" count="0" type="stmt"/>
          <line num="32" count="0" type="stmt"/>
          <line num="71" count="0" type="stmt"/>
        </file>
        <file name="LogInWrapper.js" path="/Users/johnbrown/Desktop/projects/mailtroopers/client/src/components/modals/login-modal/LogInWrapper.js">
          <metrics statements="6" coveredstatements="2" conditionals="2" coveredconditionals="0" methods="2" coveredmethods="0"/>
          <line num="6" count="1" type="stmt"/>
          <line num="8" count="0" type="cond" truecount="0" falsecount="2"/>
          <line num="9" count="0" type="stmt"/>
          <line num="12" count="0" type="stmt"/>
          <line num="19" count="1" type="stmt"/>
          <line num="20" count="0" type="stmt"/>
        </file>
      </package>
      <package name="src.components.modals.recruit-modal">
        <metrics statements="43" coveredstatements="9" conditionals="18" coveredconditionals="4" methods="20" coveredmethods="7"/>
        <file name="RecruitModal.js" path="/Users/johnbrown/Desktop/projects/mailtroopers/client/src/components/modals/recruit-modal/RecruitModal.js">
          <metrics statements="43" coveredstatements="9" conditionals="18" coveredconditionals="4" methods="20" coveredmethods="7"/>
          <line num="11" count="1" type="stmt"/>
          <line num="12" count="1" type="stmt"/>
          <line num="19" count="0" type="stmt"/>
          <line num="20" count="0" type="stmt"/>
          <line num="21" count="0" type="stmt"/>
          <line num="25" count="0" type="cond" truecount="0" falsecount="2"/>
          <line num="26" count="0" type="stmt"/>
          <line num="28" count="0" type="stmt"/>
          <line num="32" count="1" type="cond" truecount="1" falsecount="1"/>
          <line num="33" count="0" type="stmt"/>
          <line num="41" count="0" type="stmt"/>
          <line num="43" count="0" type="cond" truecount="0" falsecount="2"/>
          <line num="44" count="0" type="stmt"/>
          <line num="49" count="0" type="stmt"/>
          <line num="50" count="0" type="stmt"/>
          <line num="53" count="0" type="cond" truecount="0" falsecount="2"/>
          <line num="54" count="0" type="stmt"/>
          <line num="60" count="0" type="stmt"/>
          <line num="64" count="0" type="stmt"/>
          <line num="68" count="0" type="stmt"/>
          <line num="69" count="0" type="stmt"/>
          <line num="74" count="1" type="stmt"/>
          <line num="75" count="0" type="stmt"/>
          <line num="80" count="0" type="stmt"/>
          <line num="88" count="0" type="stmt"/>
          <line num="89" count="0" type="stmt"/>
          <line num="90" count="0" type="stmt"/>
          <line num="91" count="0" type="stmt"/>
          <line num="95" count="1" type="cond" truecount="1" falsecount="1"/>
          <line num="96" count="0" type="stmt"/>
          <line num="97" count="0" type="stmt"/>
          <line num="102" count="1" type="stmt"/>
          <line num="106" count="1" type="stmt"/>
          <line num="114" count="0" type="stmt"/>
          <line num="115" count="0" type="stmt"/>
          <line num="136" count="0" type="stmt"/>
          <line num="137" count="0" type="stmt"/>
          <line num="139" count="0" type="cond" truecount="0" falsecount="2"/>
          <line num="146" count="0" type="cond" truecount="0" falsecount="2"/>
          <line num="156" count="0" type="stmt"/>
          <line num="165" count="1" type="stmt"/>
          <line num="167" count="0" type="stmt"/>
          <line num="179" count="3" type="stmt"/>
        </file>
      </package>
      <package name="src.components.modals.signup-modal">
        <metrics statements="12" coveredstatements="2" conditionals="4" coveredconditionals="0" methods="7" coveredmethods="0"/>
        <file name="SignUp.js" path="/Users/johnbrown/Desktop/projects/mailtroopers/client/src/components/modals/signup-modal/SignUp.js">
          <metrics statements="7" coveredstatements="0" conditionals="2" coveredconditionals="0" methods="5" coveredmethods="0"/>
          <line num="15" count="0" type="stmt"/>
          <line num="16" count="0" type="stmt"/>
          <line num="17" count="0" type="stmt"/>
          <line num="20" count="0" type="stmt"/>
          <line num="26" count="0" type="stmt"/>
          <line num="37" count="0" type="stmt"/>
          <line num="96" count="0" type="stmt"/>
        </file>
        <file name="SignUpWrapper.js" path="/Users/johnbrown/Desktop/projects/mailtroopers/client/src/components/modals/signup-modal/SignUpWrapper.js">
          <metrics statements="5" coveredstatements="2" conditionals="2" coveredconditionals="0" methods="2" coveredmethods="0"/>
          <line num="6" count="2" type="stmt"/>
          <line num="8" count="0" type="cond" truecount="0" falsecount="2"/>
          <line num="9" count="0" type="stmt"/>
          <line num="12" count="0" type="stmt"/>
          <line num="19" count="2" type="stmt"/>
        </file>
      </package>
      <package name="src.components.navbar">
        <metrics statements="13" coveredstatements="1" conditionals="4" coveredconditionals="0" methods="5" coveredmethods="0"/>
        <file name="Navbar.js" path="/Users/johnbrown/Desktop/projects/mailtroopers/client/src/components/navbar/Navbar.js">
          <metrics statements="13" coveredstatements="1" conditionals="4" coveredconditionals="0" methods="5" coveredmethods="0"/>
          <line num="11" count="0" type="stmt"/>
          <line num="12" count="0" type="cond" truecount="0" falsecount="2"/>
          <line num="13" count="0" type="stmt"/>
          <line num="14" count="0" type="stmt"/>
          <line num="15" count="0" type="stmt"/>
          <line num="16" count="0" type="stmt"/>
          <line num="19" count="0" type="stmt"/>
          <line num="20" count="0" type="cond" truecount="0" falsecount="2"/>
          <line num="21" count="0" type="stmt"/>
          <line num="22" count="0" type="stmt"/>
          <line num="26" count="0" type="stmt"/>
          <line num="33" count="0" type="stmt"/>
          <line num="45" count="3" type="stmt"/>
        </file>
      </package>
      <package name="src.reducers">
        <metrics statements="67" coveredstatements="38" conditionals="53" coveredconditionals="28" methods="7" coveredmethods="5"/>
        <file name="email.js" path="/Users/johnbrown/Desktop/projects/mailtroopers/client/src/reducers/email.js">
          <metrics statements="27" coveredstatements="12" conditionals="21" coveredconditionals="10" methods="3" coveredmethods="1"/>
          <line num="3" count="10" type="stmt"/>
          <line num="12" count="10" type="cond" truecount="1" falsecount="0"/>
          <line num="13" count="30" type="cond" truecount="1" falsecount="1"/>
          <line num="14" count="0" type="stmt"/>
          <line num="16" count="30" type="cond" truecount="1" falsecount="1"/>
          <line num="17" count="0" type="stmt"/>
          <line num="19" count="30" type="cond" truecount="1" falsecount="1"/>
          <line num="20" count="0" type="stmt"/>
          <line num="22" count="30" type="cond" truecount="1" falsecount="1"/>
          <line num="23" count="0" type="stmt"/>
          <line num="24" count="0" type="stmt"/>
          <line num="27" count="30" type="cond" truecount="1" falsecount="1"/>
          <line num="28" count="0" type="stmt"/>
          <line num="30" count="30" type="cond" truecount="1" falsecount="1"/>
          <line num="31" count="0" type="stmt"/>
          <line num="33" count="30" type="cond" truecount="1" falsecount="1"/>
          <line num="34" count="0" type="stmt"/>
          <line num="35" count="0" type="stmt"/>
          <line num="36" count="0" type="stmt"/>
          <line num="38" count="0" type="cond" truecount="0" falsecount="2"/>
          <line num="39" count="0" type="stmt"/>
          <line num="41" count="0" type="stmt"/>
          <line num="46" count="30" type="cond" truecount="1" falsecount="1"/>
          <line num="47" count="0" type="stmt"/>
          <line num="52" count="30" type="cond" truecount="1" falsecount="1"/>
          <line num="53" count="0" type="stmt"/>
          <line num="59" count="30" type="stmt"/>
        </file>
        <file name="index.js" path="/Users/johnbrown/Desktop/projects/mailtroopers/client/src/reducers/index.js">
          <metrics statements="13" coveredstatements="8" conditionals="11" coveredconditionals="6" methods="1" coveredmethods="1"/>
          <line num="3" count="10" type="stmt"/>
          <line num="14" count="10" type="cond" truecount="1" falsecount="0"/>
          <line num="15" count="30" type="cond" truecount="1" falsecount="1"/>
          <line num="16" count="0" type="stmt"/>
          <line num="18" count="30" type="cond" truecount="1" falsecount="1"/>
          <line num="19" count="0" type="stmt"/>
          <line num="21" count="30" type="cond" truecount="1" falsecount="1"/>
          <line num="22" count="0" type="stmt"/>
          <line num="24" count="30" type="cond" truecount="1" falsecount="1"/>
          <line num="25" count="0" type="stmt"/>
          <line num="27" count="30" type="cond" truecount="1" falsecount="1"/>
          <line num="28" count="0" type="stmt"/>
          <line num="30" count="30" type="stmt"/>
        </file>
        <file name="io.js" path="/Users/johnbrown/Desktop/projects/mailtroopers/client/src/reducers/io.js">
          <metrics statements="7" coveredstatements="5" conditionals="5" coveredconditionals="3" methods="1" coveredmethods="1"/>
          <line num="3" count="10" type="stmt"/>
          <line num="7" count="10" type="cond" truecount="1" falsecount="0"/>
          <line num="8" count="30" type="cond" truecount="1" falsecount="1"/>
          <line num="9" count="0" type="stmt"/>
          <line num="12" count="30" type="cond" truecount="1" falsecount="1"/>
          <line num="13" count="0" type="stmt"/>
          <line num="17" count="30" type="stmt"/>
        </file>
        <file name="modal.js" path="/Users/johnbrown/Desktop/projects/mailtroopers/client/src/reducers/modal.js">
          <metrics statements="9" coveredstatements="6" conditionals="7" coveredconditionals="4" methods="1" coveredmethods="1"/>
          <line num="3" count="10" type="stmt"/>
          <line num="9" count="10" type="cond" truecount="1" falsecount="0"/>
          <line num="10" count="30" type="cond" truecount="1" falsecount="1"/>
          <line num="11" count="0" type="stmt"/>
          <line num="13" count="30" type="cond" truecount="1" falsecount="1"/>
          <line num="14" count="0" type="stmt"/>
          <line num="16" count="30" type="cond" truecount="1" falsecount="1"/>
          <line num="17" count="0" type="stmt"/>
          <line num="19" count="30" type="stmt"/>
        </file>
        <file name="user.js" path="/Users/johnbrown/Desktop/projects/mailtroopers/client/src/reducers/user.js">
          <metrics statements="11" coveredstatements="7" conditionals="9" coveredconditionals="5" methods="1" coveredmethods="1"/>
          <line num="8" count="10" type="stmt"/>
          <line num="15" count="10" type="cond" truecount="1" falsecount="0"/>
          <line num="16" count="30" type="cond" truecount="1" falsecount="1"/>
          <line num="17" count="0" type="stmt"/>
          <line num="21" count="30" type="cond" truecount="1" falsecount="1"/>
          <line num="22" count="0" type="stmt"/>
          <line num="26" count="30" type="cond" truecount="1" falsecount="1"/>
          <line num="27" count="0" type="stmt"/>
          <line num="31" count="30" type="cond" truecount="1" falsecount="1"/>
          <line num="32" count="0" type="stmt"/>
          <line num="36" count="30" type="stmt"/>
        </file>
      </package>
    </metrics>
  </project>
</coverage>
