{"/Users/johnbrown/Desktop/projects/mailtroopers/client/src/config.js": {"path":"/Users/johnbrown/Desktop/projects/mailtroopers/client/src/config.js","statementMap":{"0":{"start":{"line":1,"column":0},"end":{"line":1,"column":124}},"1":{"start":{"line":3,"column":0},"end":{"line":3,"column":122}}},"fnMap":{},"branchMap":{"0":{"loc":{"start":{"line":1,"column":21},"end":{"line":1,"column":124}},"type":"cond-expr","locations":[{"start":{"line":1,"column":61},"end":{"line":1,"column":98}},{"start":{"line":1,"column":101},"end":{"line":1,"column":124}}],"line":1},"1":{"loc":{"start":{"line":3,"column":19},"end":{"line":3,"column":122}},"type":"cond-expr","locations":[{"start":{"line":3,"column":59},"end":{"line":3,"column":96}},{"start":{"line":3,"column":99},"end":{"line":3,"column":122}}],"line":3}},"s":{"0":8,"1":8},"f":{},"b":{"0":[0,8],"1":[0,8]},"_coverageSchema":"332fd63041d2c1bcb487cc26dd0d5f7d97098a6c","hash":"acc31b09879851def31e50b6cc6d0bca50bfa884"}
,"/Users/johnbrown/Desktop/projects/mailtroopers/client/src/index.js": {"path":"/Users/johnbrown/Desktop/projects/mailtroopers/client/src/index.js","statementMap":{"0":{"start":{"line":1,"column":32},"end":{"line":1,"column":100}},"1":{"start":{"line":1,"column":114},"end":{"line":1,"column":130}},"2":{"start":{"line":1,"column":145},"end":{"line":1,"column":175}},"3":{"start":{"line":2,"column":16},"end":{"line":2,"column":36}},"4":{"start":{"line":2,"column":54},"end":{"line":2,"column":87}},"5":{"start":{"line":3,"column":18},"end":{"line":3,"column":40}},"6":{"start":{"line":4,"column":22},"end":{"line":4,"column":49}},"7":{"start":{"line":6,"column":0},"end":{"line":6,"column":23}},"8":{"start":{"line":7,"column":11},"end":{"line":7,"column":42}},"9":{"start":{"line":7,"column":55},"end":{"line":7,"column":83}},"10":{"start":{"line":8,"column":29},"end":{"line":8,"column":63}},"11":{"start":{"line":8,"column":94},"end":{"line":8,"column":140}},"12":{"start":{"line":9,"column":13},"end":{"line":9,"column":31}},"13":{"start":{"line":9,"column":46},"end":{"line":9,"column":76}},"14":{"start":{"line":9,"column":115},"end":{"line":9,"column":169}},"15":{"start":{"line":11,"column":0},"end":{"line":17,"column":33}},"16":{"start":{"line":18,"column":0},"end":{"line":18,"column":39}}},"fnMap":{"0":{"name":"_interopRequireDefault","decl":{"start":{"line":9,"column":86},"end":{"line":9,"column":108}},"loc":{"start":{"line":9,"column":114},"end":{"line":9,"column":170}},"line":9}},"branchMap":{"0":{"loc":{"start":{"line":9,"column":122},"end":{"line":9,"column":168}},"type":"cond-expr","locations":[{"start":{"line":9,"column":146},"end":{"line":9,"column":149}},{"start":{"line":9,"column":152},"end":{"line":9,"column":168}}],"line":9},"1":{"loc":{"start":{"line":9,"column":122},"end":{"line":9,"column":143}},"type":"binary-expr","locations":[{"start":{"line":9,"column":122},"end":{"line":9,"column":125}},{"start":{"line":9,"column":129},"end":{"line":9,"column":143}}],"line":9}},"s":{"0":0,"1":0,"2":0,"3":0,"4":0,"5":0,"6":0,"7":0,"8":0,"9":0,"10":0,"11":0,"12":0,"13":0,"14":0,"15":0,"16":0},"f":{"0":0},"b":{"0":[0,0],"1":[0,0]}}
,"/Users/johnbrown/Desktop/projects/mailtroopers/client/src/local-storage.js": {"path":"/Users/johnbrown/Desktop/projects/mailtroopers/client/src/local-storage.js","statementMap":{"0":{"start":{"line":1,"column":29},"end":{"line":3,"column":1}},"1":{"start":{"line":2,"column":4},"end":{"line":2,"column":45}},"2":{"start":{"line":5,"column":29},"end":{"line":7,"column":1}},"3":{"start":{"line":6,"column":4},"end":{"line":6,"column":49}},"4":{"start":{"line":9,"column":30},"end":{"line":11,"column":1}},"5":{"start":{"line":10,"column":4},"end":{"line":10,"column":41}}},"fnMap":{"0":{"name":"(anonymous_0)","decl":{"start":{"line":1,"column":29},"end":{"line":1,"column":30}},"loc":{"start":{"line":1,"column":35},"end":{"line":3,"column":1}},"line":1},"1":{"name":"(anonymous_1)","decl":{"start":{"line":5,"column":29},"end":{"line":5,"column":30}},"loc":{"start":{"line":5,"column":42},"end":{"line":7,"column":1}},"line":5},"2":{"name":"(anonymous_2)","decl":{"start":{"line":9,"column":30},"end":{"line":9,"column":31}},"loc":{"start":{"line":9,"column":36},"end":{"line":11,"column":1}},"line":9}},"branchMap":{},"s":{"0":4,"1":0,"2":4,"3":0,"4":4,"5":0},"f":{"0":0,"1":0,"2":0},"b":{},"_coverageSchema":"332fd63041d2c1bcb487cc26dd0d5f7d97098a6c","hash":"7129e6859eb9aeb7bbee43e5f0c54a66b9eadf5f"}
,"/Users/johnbrown/Desktop/projects/mailtroopers/client/src/registerServiceWorker.js": {"path":"/Users/johnbrown/Desktop/projects/mailtroopers/client/src/registerServiceWorker.js","statementMap":{"0":{"start":{"line":1,"column":13},"end":{"line":1,"column":75}},"1":{"start":{"line":1,"column":75},"end":{"line":21,"column":9}},"2":{"start":{"line":21,"column":9},"end":{"line":102,"column":24}},"3":{"start":{"line":109,"column":20},"end":{"line":111,"column":89}},"4":{"start":{"line":111,"column":111},"end":{"line":117,"column":44}},"5":{"start":{"line":112,"column":22},"end":{"line":112,"column":70}},"6":{"start":{"line":112,"column":71},"end":{"line":115,"column":14}},"7":{"start":{"line":115,"column":6},"end":{"line":115,"column":13}},"8":{"start":{"line":115,"column":14},"end":{"line":117,"column":43}},"9":{"start":{"line":115,"column":67},"end":{"line":115,"column":112}},"10":{"start":{"line":115,"column":113},"end":{"line":117,"column":40}},"11":{"start":{"line":116,"column":8},"end":{"line":116,"column":31}},"12":{"start":{"line":117,"column":8},"end":{"line":117,"column":39}},"13":{"start":{"line":117,"column":78},"end":{"line":124,"column":156}},"14":{"start":{"line":117,"column":140},"end":{"line":124,"column":68}},"15":{"start":{"line":117,"column":201},"end":{"line":117,"column":224}},"16":{"start":{"line":117,"column":225},"end":{"line":124,"column":66}},"17":{"start":{"line":117,"column":265},"end":{"line":124,"column":64}},"18":{"start":{"line":117,"column":310},"end":{"line":124,"column":63}},"19":{"start":{"line":121,"column":12},"end":{"line":121,"column":69}},"20":{"start":{"line":124,"column":12},"end":{"line":124,"column":62}},"21":{"start":{"line":124,"column":87},"end":{"line":124,"column":153}},"22":{"start":{"line":125,"column":2},"end":{"line":128,"column":126}},"23":{"start":{"line":126,"column":4},"end":{"line":128,"column":30}},"24":{"start":{"line":127,"column":6},"end":{"line":127,"column":127}},"25":{"start":{"line":127,"column":58},"end":{"line":127,"column":124}},"26":{"start":{"line":127,"column":96},"end":{"line":127,"column":121}},"27":{"start":{"line":128,"column":6},"end":{"line":128,"column":29}},"28":{"start":{"line":128,"column":46},"end":{"line":128,"column":123}},"29":{"start":{"line":128,"column":150},"end":{"line":128,"column":267}},"30":{"start":{"line":128,"column":185},"end":{"line":128,"column":266}},"31":{"start":{"line":128,"column":237},"end":{"line":128,"column":263}}},"fnMap":{"0":{"name":"register","decl":{"start":{"line":111,"column":99},"end":{"line":111,"column":107}},"loc":{"start":{"line":111,"column":110},"end":{"line":117,"column":45}},"line":111},"1":{"name":"(anonymous_1)","decl":{"start":{"line":115,"column":46},"end":{"line":115,"column":47}},"loc":{"start":{"line":115,"column":52},"end":{"line":117,"column":41}},"line":115},"2":{"name":"registerValidSW","decl":{"start":{"line":117,"column":54},"end":{"line":117,"column":69}},"loc":{"start":{"line":117,"column":77},"end":{"line":124,"column":157}},"line":117},"3":{"name":"(anonymous_3)","decl":{"start":{"line":117,"column":123},"end":{"line":117,"column":124}},"loc":{"start":{"line":117,"column":139},"end":{"line":124,"column":69}},"line":117},"4":{"name":"(anonymous_4)","decl":{"start":{"line":117,"column":169},"end":{"line":117,"column":170}},"loc":{"start":{"line":117,"column":175},"end":{"line":124,"column":67}},"line":117},"5":{"name":"(anonymous_5)","decl":{"start":{"line":117,"column":258},"end":{"line":117,"column":259}},"loc":{"start":{"line":117,"column":264},"end":{"line":124,"column":65}},"line":117},"6":{"name":"(anonymous_6)","decl":{"start":{"line":124,"column":77},"end":{"line":124,"column":78}},"loc":{"start":{"line":124,"column":86},"end":{"line":124,"column":154}},"line":124},"7":{"name":"checkValidServiceWorker","decl":{"start":{"line":124,"column":166},"end":{"line":124,"column":189}},"loc":{"start":{"line":124,"column":197},"end":{"line":128,"column":127}},"line":124},"8":{"name":"(anonymous_8)","decl":{"start":{"line":125,"column":20},"end":{"line":125,"column":21}},"loc":{"start":{"line":125,"column":32},"end":{"line":128,"column":31}},"line":125},"9":{"name":"(anonymous_9)","decl":{"start":{"line":127,"column":41},"end":{"line":127,"column":42}},"loc":{"start":{"line":127,"column":57},"end":{"line":127,"column":125}},"line":127},"10":{"name":"(anonymous_10)","decl":{"start":{"line":127,"column":89},"end":{"line":127,"column":90}},"loc":{"start":{"line":127,"column":95},"end":{"line":127,"column":122}},"line":127},"11":{"name":"(anonymous_11)","decl":{"start":{"line":128,"column":39},"end":{"line":128,"column":40}},"loc":{"start":{"line":128,"column":45},"end":{"line":128,"column":124}},"line":128},"12":{"name":"unregister","decl":{"start":{"line":128,"column":136},"end":{"line":128,"column":146}},"loc":{"start":{"line":128,"column":149},"end":{"line":128,"column":268}},"line":128},"13":{"name":"(anonymous_13)","decl":{"start":{"line":128,"column":220},"end":{"line":128,"column":221}},"loc":{"start":{"line":128,"column":236},"end":{"line":128,"column":264}},"line":128}},"branchMap":{"0":{"loc":{"start":{"line":109,"column":28},"end":{"line":111,"column":88}},"type":"binary-expr","locations":[{"start":{"line":109,"column":28},"end":{"line":109,"column":68}},{"start":{"line":110,"column":0},"end":{"line":110,"column":36}},{"start":{"line":111,"column":0},"end":{"line":111,"column":88}}],"line":109},"1":{"loc":{"start":{"line":111,"column":111},"end":{"line":117,"column":44}},"type":"if","locations":[{"start":{"line":111,"column":111},"end":{"line":117,"column":44}},{"start":{"line":111,"column":111},"end":{"line":117,"column":44}}],"line":111},"2":{"loc":{"start":{"line":111,"column":115},"end":{"line":111,"column":184}},"type":"binary-expr","locations":[{"start":{"line":111,"column":115},"end":{"line":111,"column":152}},{"start":{"line":111,"column":156},"end":{"line":111,"column":184}}],"line":111},"3":{"loc":{"start":{"line":112,"column":71},"end":{"line":115,"column":14}},"type":"if","locations":[{"start":{"line":112,"column":71},"end":{"line":115,"column":14}},{"start":{"line":112,"column":71},"end":{"line":115,"column":14}}],"line":112},"4":{"loc":{"start":{"line":115,"column":113},"end":{"line":117,"column":40}},"type":"if","locations":[{"start":{"line":115,"column":113},"end":{"line":117,"column":40}},{"start":{"line":115,"column":113},"end":{"line":117,"column":40}}],"line":115},"5":{"loc":{"start":{"line":117,"column":265},"end":{"line":124,"column":64}},"type":"if","locations":[{"start":{"line":117,"column":265},"end":{"line":124,"column":64}},{"start":{"line":117,"column":265},"end":{"line":124,"column":64}}],"line":117},"6":{"loc":{"start":{"line":117,"column":310},"end":{"line":124,"column":63}},"type":"if","locations":[{"start":{"line":117,"column":310},"end":{"line":124,"column":63}},{"start":{"line":117,"column":310},"end":{"line":124,"column":63}}],"line":117},"7":{"loc":{"start":{"line":126,"column":4},"end":{"line":128,"column":30}},"type":"if","locations":[{"start":{"line":126,"column":4},"end":{"line":128,"column":30}},{"start":{"line":126,"column":4},"end":{"line":128,"column":30}}],"line":126},"8":{"loc":{"start":{"line":126,"column":8},"end":{"line":126,"column":100}},"type":"binary-expr","locations":[{"start":{"line":126,"column":8},"end":{"line":126,"column":31}},{"start":{"line":126,"column":35},"end":{"line":126,"column":100}}],"line":126},"9":{"loc":{"start":{"line":128,"column":150},"end":{"line":128,"column":267}},"type":"if","locations":[{"start":{"line":128,"column":150},"end":{"line":128,"column":267}},{"start":{"line":128,"column":150},"end":{"line":128,"column":267}}],"line":128}},"s":{"0":0,"1":0,"2":0,"3":0,"4":0,"5":0,"6":0,"7":0,"8":0,"9":0,"10":0,"11":0,"12":0,"13":0,"14":0,"15":0,"16":0,"17":0,"18":0,"19":0,"20":0,"21":0,"22":0,"23":0,"24":0,"25":0,"26":0,"27":0,"28":0,"29":0,"30":0,"31":0},"f":{"0":0,"1":0,"2":0,"3":0,"4":0,"5":0,"6":0,"7":0,"8":0,"9":0,"10":0,"11":0,"12":0,"13":0},"b":{"0":[0,0,0],"1":[0,0],"2":[0,0],"3":[0,0],"4":[0,0],"5":[0,0],"6":[0,0],"7":[0,0],"8":[0,0],"9":[0,0]}}
,"/Users/johnbrown/Desktop/projects/mailtroopers/client/src/store.js": {"path":"/Users/johnbrown/Desktop/projects/mailtroopers/client/src/store.js","statementMap":{"0":{"start":{"line":1,"column":13},"end":{"line":1,"column":75}},"1":{"start":{"line":1,"column":88},"end":{"line":1,"column":104}},"2":{"start":{"line":2,"column":17},"end":{"line":2,"column":38}},"3":{"start":{"line":3,"column":18},"end":{"line":3,"column":40}},"4":{"start":{"line":3,"column":60},"end":{"line":3,"column":95}},"5":{"start":{"line":4,"column":14},"end":{"line":4,"column":41}},"6":{"start":{"line":4,"column":57},"end":{"line":4,"column":88}},"7":{"start":{"line":6,"column":20},"end":{"line":6,"column":46}},"8":{"start":{"line":7,"column":12},"end":{"line":7,"column":37}},"9":{"start":{"line":8,"column":10},"end":{"line":8,"column":33}},"10":{"start":{"line":10,"column":14},"end":{"line":10,"column":33}},"11":{"start":{"line":12,"column":16},"end":{"line":12,"column":37}},"12":{"start":{"line":13,"column":13},"end":{"line":13,"column":40}},"13":{"start":{"line":14,"column":13},"end":{"line":14,"column":39}},"14":{"start":{"line":15,"column":13},"end":{"line":15,"column":40}},"15":{"start":{"line":16,"column":11},"end":{"line":16,"column":35}},"16":{"start":{"line":16,"column":74},"end":{"line":16,"column":128}},"17":{"start":{"line":19,"column":0},"end":{"line":27,"column":50}},"18":{"start":{"line":32,"column":18},"end":{"line":32,"column":52}},"19":{"start":{"line":33,"column":0},"end":{"line":46,"column":1}},"20":{"start":{"line":34,"column":16},"end":{"line":34,"column":25}},"21":{"start":{"line":35,"column":2},"end":{"line":35,"column":49}},"22":{"start":{"line":37,"column":17},"end":{"line":37,"column":61}},"23":{"start":{"line":38,"column":2},"end":{"line":38,"column":41}},"24":{"start":{"line":40,"column":2},"end":{"line":40,"column":49}},"25":{"start":{"line":42,"column":2},"end":{"line":44,"column":5}},"26":{"start":{"line":43,"column":4},"end":{"line":43,"column":49}},"27":{"start":{"line":46,"column":1},"end":{"line":48,"column":6}}},"fnMap":{"0":{"name":"_interopRequireDefault","decl":{"start":{"line":16,"column":45},"end":{"line":16,"column":67}},"loc":{"start":{"line":16,"column":73},"end":{"line":16,"column":129}},"line":16},"1":{"name":"(anonymous_1)","decl":{"start":{"line":42,"column":28},"end":{"line":42,"column":29}},"loc":{"start":{"line":42,"column":34},"end":{"line":44,"column":3}},"line":42}},"branchMap":{"0":{"loc":{"start":{"line":16,"column":81},"end":{"line":16,"column":127}},"type":"cond-expr","locations":[{"start":{"line":16,"column":105},"end":{"line":16,"column":108}},{"start":{"line":16,"column":111},"end":{"line":16,"column":127}}],"line":16},"1":{"loc":{"start":{"line":16,"column":81},"end":{"line":16,"column":102}},"type":"binary-expr","locations":[{"start":{"line":16,"column":81},"end":{"line":16,"column":84}},{"start":{"line":16,"column":88},"end":{"line":16,"column":102}}],"line":16},"2":{"loc":{"start":{"line":33,"column":0},"end":{"line":46,"column":1}},"type":"if","locations":[{"start":{"line":33,"column":0},"end":{"line":46,"column":1}},{"start":{"line":33,"column":0},"end":{"line":46,"column":1}}],"line":33}},"s":{"0":0,"1":0,"2":0,"3":0,"4":0,"5":0,"6":0,"7":0,"8":0,"9":0,"10":0,"11":0,"12":0,"13":0,"14":0,"15":0,"16":0,"17":0,"18":0,"19":0,"20":0,"21":0,"22":0,"23":0,"24":0,"25":0,"26":0,"27":0},"f":{"0":0,"1":0},"b":{"0":[0,0],"1":[0,0],"2":[0,0]}}
,"/Users/johnbrown/Desktop/projects/mailtroopers/client/src/validators.js": {"path":"/Users/johnbrown/Desktop/projects/mailtroopers/client/src/validators.js","statementMap":{"0":{"start":{"line":1,"column":24},"end":{"line":1,"column":65}},"1":{"start":{"line":1,"column":34},"end":{"line":1,"column":64}},"2":{"start":{"line":2,"column":24},"end":{"line":3,"column":55}},"3":{"start":{"line":3,"column":4},"end":{"line":3,"column":55}},"4":{"start":{"line":4,"column":25},"end":{"line":5,"column":78}},"5":{"start":{"line":5,"column":4},"end":{"line":5,"column":78}},"6":{"start":{"line":6,"column":22},"end":{"line":13,"column":1}},"7":{"start":{"line":6,"column":32},"end":{"line":13,"column":1}},"8":{"start":{"line":7,"column":4},"end":{"line":9,"column":5}},"9":{"start":{"line":8,"column":8},"end":{"line":8,"column":64}},"10":{"start":{"line":10,"column":4},"end":{"line":12,"column":5}},"11":{"start":{"line":11,"column":8},"end":{"line":11,"column":63}},"12":{"start":{"line":14,"column":23},"end":{"line":18,"column":3}},"13":{"start":{"line":14,"column":32},"end":{"line":18,"column":3}},"14":{"start":{"line":15,"column":4},"end":{"line":17,"column":27}},"15":{"start":{"line":19,"column":21},"end":{"line":21,"column":39}},"16":{"start":{"line":20,"column":4},"end":{"line":21,"column":39}}},"fnMap":{"0":{"name":"(anonymous_0)","decl":{"start":{"line":1,"column":24},"end":{"line":1,"column":25}},"loc":{"start":{"line":1,"column":34},"end":{"line":1,"column":64}},"line":1},"1":{"name":"(anonymous_1)","decl":{"start":{"line":2,"column":24},"end":{"line":2,"column":25}},"loc":{"start":{"line":3,"column":4},"end":{"line":3,"column":55}},"line":3},"2":{"name":"(anonymous_2)","decl":{"start":{"line":4,"column":25},"end":{"line":4,"column":26}},"loc":{"start":{"line":5,"column":4},"end":{"line":5,"column":78}},"line":5},"3":{"name":"(anonymous_3)","decl":{"start":{"line":6,"column":22},"end":{"line":6,"column":23}},"loc":{"start":{"line":6,"column":32},"end":{"line":13,"column":1}},"line":6},"4":{"name":"(anonymous_4)","decl":{"start":{"line":6,"column":32},"end":{"line":6,"column":33}},"loc":{"start":{"line":6,"column":41},"end":{"line":13,"column":1}},"line":6},"5":{"name":"(anonymous_5)","decl":{"start":{"line":14,"column":23},"end":{"line":14,"column":24}},"loc":{"start":{"line":14,"column":32},"end":{"line":18,"column":3}},"line":14},"6":{"name":"(anonymous_6)","decl":{"start":{"line":14,"column":32},"end":{"line":14,"column":33}},"loc":{"start":{"line":14,"column":53},"end":{"line":18,"column":3}},"line":14},"7":{"name":"(anonymous_7)","decl":{"start":{"line":19,"column":21},"end":{"line":19,"column":22}},"loc":{"start":{"line":20,"column":4},"end":{"line":21,"column":39}},"line":20}},"branchMap":{"0":{"loc":{"start":{"line":1,"column":34},"end":{"line":1,"column":64}},"type":"cond-expr","locations":[{"start":{"line":1,"column":42},"end":{"line":1,"column":51}},{"start":{"line":1,"column":54},"end":{"line":1,"column":64}}],"line":1},"1":{"loc":{"start":{"line":3,"column":4},"end":{"line":3,"column":55}},"type":"cond-expr","locations":[{"start":{"line":3,"column":26},"end":{"line":3,"column":35}},{"start":{"line":3,"column":38},"end":{"line":3,"column":55}}],"line":3},"2":{"loc":{"start":{"line":5,"column":4},"end":{"line":5,"column":78}},"type":"cond-expr","locations":[{"start":{"line":5,"column":29},"end":{"line":5,"column":38}},{"start":{"line":5,"column":41},"end":{"line":5,"column":78}}],"line":5},"3":{"loc":{"start":{"line":7,"column":4},"end":{"line":9,"column":5}},"type":"if","locations":[{"start":{"line":7,"column":4},"end":{"line":9,"column":5}},{"start":{"line":7,"column":4},"end":{"line":9,"column":5}}],"line":7},"4":{"loc":{"start":{"line":7,"column":8},"end":{"line":7,"column":47}},"type":"binary-expr","locations":[{"start":{"line":7,"column":8},"end":{"line":7,"column":18}},{"start":{"line":7,"column":22},"end":{"line":7,"column":47}}],"line":7},"5":{"loc":{"start":{"line":10,"column":4},"end":{"line":12,"column":5}},"type":"if","locations":[{"start":{"line":10,"column":4},"end":{"line":12,"column":5}},{"start":{"line":10,"column":4},"end":{"line":12,"column":5}}],"line":10},"6":{"loc":{"start":{"line":10,"column":8},"end":{"line":10,"column":47}},"type":"binary-expr","locations":[{"start":{"line":10,"column":8},"end":{"line":10,"column":18}},{"start":{"line":10,"column":22},"end":{"line":10,"column":47}}],"line":10},"7":{"loc":{"start":{"line":15,"column":11},"end":{"line":17,"column":26}},"type":"cond-expr","locations":[{"start":{"line":16,"column":10},"end":{"line":16,"column":19}},{"start":{"line":17,"column":10},"end":{"line":17,"column":26}}],"line":15},"8":{"loc":{"start":{"line":15,"column":11},"end":{"line":15,"column":73}},"type":"binary-expr","locations":[{"start":{"line":15,"column":11},"end":{"line":15,"column":29}},{"start":{"line":15,"column":33},"end":{"line":15,"column":73}}],"line":15},"9":{"loc":{"start":{"line":20,"column":4},"end":{"line":21,"column":39}},"type":"cond-expr","locations":[{"start":{"line":21,"column":4},"end":{"line":21,"column":27}},{"start":{"line":21,"column":30},"end":{"line":21,"column":39}}],"line":20},"10":{"loc":{"start":{"line":20,"column":4},"end":{"line":20,"column":69}},"type":"binary-expr","locations":[{"start":{"line":20,"column":4},"end":{"line":20,"column":9}},{"start":{"line":20,"column":13},"end":{"line":20,"column":69}}],"line":20}},"s":{"0":4,"1":0,"2":4,"3":0,"4":4,"5":0,"6":4,"7":0,"8":0,"9":0,"10":0,"11":0,"12":4,"13":0,"14":0,"15":4,"16":0},"f":{"0":0,"1":0,"2":0,"3":0,"4":0,"5":0,"6":0,"7":0},"b":{"0":[0,0],"1":[0,0],"2":[0,0],"3":[0,0],"4":[0,0],"5":[0,0],"6":[0,0],"7":[0,0],"8":[0,0],"9":[0,0],"10":[0,0]},"_coverageSchema":"332fd63041d2c1bcb487cc26dd0d5f7d97098a6c","hash":"a8d66f293c9fa3082d33b4a4e454f0dd6a5240c8"}
,"/Users/johnbrown/Desktop/projects/mailtroopers/client/src/actions/email.js": {"path":"/Users/johnbrown/Desktop/projects/mailtroopers/client/src/actions/email.js","statementMap":{"0":{"start":{"line":4,"column":32},"end":{"line":4,"column":50}},"1":{"start":{"line":5,"column":30},"end":{"line":8,"column":2}},"2":{"start":{"line":5,"column":38},"end":{"line":8,"column":1}},"3":{"start":{"line":10,"column":33},"end":{"line":12,"column":1}},"4":{"start":{"line":10,"column":61},"end":{"line":12,"column":1}},"5":{"start":{"line":11,"column":2},"end":{"line":11,"column":54}},"6":{"start":{"line":14,"column":28},"end":{"line":22,"column":1}},"7":{"start":{"line":14,"column":34},"end":{"line":22,"column":1}},"8":{"start":{"line":15,"column":2},"end":{"line":21,"column":4}},"9":{"start":{"line":17,"column":4},"end":{"line":17,"column":38}},"10":{"start":{"line":20,"column":4},"end":{"line":20,"column":21}},"11":{"start":{"line":24,"column":32},"end":{"line":24,"column":50}},"12":{"start":{"line":25,"column":30},"end":{"line":28,"column":2}},"13":{"start":{"line":25,"column":43},"end":{"line":28,"column":1}},"14":{"start":{"line":30,"column":28},"end":{"line":30,"column":42}},"15":{"start":{"line":31,"column":27},"end":{"line":34,"column":2}},"16":{"start":{"line":31,"column":38},"end":{"line":34,"column":1}},"17":{"start":{"line":36,"column":30},"end":{"line":38,"column":1}},"18":{"start":{"line":36,"column":52},"end":{"line":38,"column":1}},"19":{"start":{"line":37,"column":2},"end":{"line":37,"column":49}},"20":{"start":{"line":40,"column":31},"end":{"line":40,"column":48}},"21":{"start":{"line":41,"column":30},"end":{"line":44,"column":2}},"22":{"start":{"line":41,"column":43},"end":{"line":44,"column":1}},"23":{"start":{"line":46,"column":31},"end":{"line":46,"column":48}},"24":{"start":{"line":47,"column":30},"end":{"line":50,"column":2}},"25":{"start":{"line":47,"column":43},"end":{"line":50,"column":1}},"26":{"start":{"line":52,"column":38},"end":{"line":52,"column":62}},"27":{"start":{"line":53,"column":36},"end":{"line":56,"column":2}},"28":{"start":{"line":53,"column":48},"end":{"line":56,"column":1}},"29":{"start":{"line":58,"column":27},"end":{"line":65,"column":1}},"30":{"start":{"line":58,"column":77},"end":{"line":65,"column":1}},"31":{"start":{"line":59,"column":2},"end":{"line":64,"column":4}},"32":{"start":{"line":67,"column":27},"end":{"line":67,"column":40}},"33":{"start":{"line":68,"column":26},"end":{"line":71,"column":2}},"34":{"start":{"line":68,"column":36},"end":{"line":71,"column":1}},"35":{"start":{"line":73,"column":27},"end":{"line":73,"column":40}},"36":{"start":{"line":74,"column":26},"end":{"line":77,"column":2}},"37":{"start":{"line":74,"column":39},"end":{"line":77,"column":1}}},"fnMap":{"0":{"name":"(anonymous_0)","decl":{"start":{"line":5,"column":30},"end":{"line":5,"column":31}},"loc":{"start":{"line":5,"column":38},"end":{"line":8,"column":1}},"line":5},"1":{"name":"(anonymous_1)","decl":{"start":{"line":10,"column":33},"end":{"line":10,"column":34}},"loc":{"start":{"line":10,"column":61},"end":{"line":12,"column":1}},"line":10},"2":{"name":"(anonymous_2)","decl":{"start":{"line":10,"column":61},"end":{"line":10,"column":62}},"loc":{"start":{"line":10,"column":73},"end":{"line":12,"column":1}},"line":10},"3":{"name":"(anonymous_3)","decl":{"start":{"line":14,"column":28},"end":{"line":14,"column":29}},"loc":{"start":{"line":14,"column":34},"end":{"line":22,"column":1}},"line":14},"4":{"name":"(anonymous_4)","decl":{"start":{"line":14,"column":34},"end":{"line":14,"column":35}},"loc":{"start":{"line":14,"column":46},"end":{"line":22,"column":1}},"line":14},"5":{"name":"(anonymous_5)","decl":{"start":{"line":16,"column":8},"end":{"line":16,"column":9}},"loc":{"start":{"line":16,"column":18},"end":{"line":18,"column":3}},"line":16},"6":{"name":"(anonymous_6)","decl":{"start":{"line":19,"column":9},"end":{"line":19,"column":10}},"loc":{"start":{"line":19,"column":16},"end":{"line":21,"column":3}},"line":19},"7":{"name":"(anonymous_7)","decl":{"start":{"line":25,"column":30},"end":{"line":25,"column":31}},"loc":{"start":{"line":25,"column":43},"end":{"line":28,"column":1}},"line":25},"8":{"name":"(anonymous_8)","decl":{"start":{"line":31,"column":27},"end":{"line":31,"column":28}},"loc":{"start":{"line":31,"column":38},"end":{"line":34,"column":1}},"line":31},"9":{"name":"(anonymous_9)","decl":{"start":{"line":36,"column":30},"end":{"line":36,"column":31}},"loc":{"start":{"line":36,"column":52},"end":{"line":38,"column":1}},"line":36},"10":{"name":"(anonymous_10)","decl":{"start":{"line":36,"column":52},"end":{"line":36,"column":53}},"loc":{"start":{"line":36,"column":64},"end":{"line":38,"column":1}},"line":36},"11":{"name":"(anonymous_11)","decl":{"start":{"line":41,"column":30},"end":{"line":41,"column":31}},"loc":{"start":{"line":41,"column":43},"end":{"line":44,"column":1}},"line":41},"12":{"name":"(anonymous_12)","decl":{"start":{"line":47,"column":30},"end":{"line":47,"column":31}},"loc":{"start":{"line":47,"column":43},"end":{"line":50,"column":1}},"line":47},"13":{"name":"(anonymous_13)","decl":{"start":{"line":53,"column":36},"end":{"line":53,"column":37}},"loc":{"start":{"line":53,"column":48},"end":{"line":56,"column":1}},"line":53},"14":{"name":"(anonymous_14)","decl":{"start":{"line":58,"column":27},"end":{"line":58,"column":28}},"loc":{"start":{"line":58,"column":77},"end":{"line":65,"column":1}},"line":58},"15":{"name":"(anonymous_15)","decl":{"start":{"line":58,"column":77},"end":{"line":58,"column":78}},"loc":{"start":{"line":58,"column":89},"end":{"line":65,"column":1}},"line":58},"16":{"name":"(anonymous_16)","decl":{"start":{"line":68,"column":26},"end":{"line":68,"column":27}},"loc":{"start":{"line":68,"column":36},"end":{"line":71,"column":1}},"line":68},"17":{"name":"(anonymous_17)","decl":{"start":{"line":74,"column":26},"end":{"line":74,"column":27}},"loc":{"start":{"line":74,"column":39},"end":{"line":77,"column":1}},"line":74}},"branchMap":{},"s":{"0":8,"1":8,"2":0,"3":8,"4":0,"5":0,"6":8,"7":0,"8":0,"9":0,"10":0,"11":8,"12":8,"13":0,"14":8,"15":8,"16":0,"17":8,"18":0,"19":0,"20":8,"21":8,"22":0,"23":8,"24":8,"25":0,"26":8,"27":8,"28":0,"29":8,"30":0,"31":0,"32":8,"33":8,"34":0,"35":8,"36":8,"37":0},"f":{"0":0,"1":0,"2":0,"3":0,"4":0,"5":0,"6":0,"7":0,"8":0,"9":0,"10":0,"11":0,"12":0,"13":0,"14":0,"15":0,"16":0,"17":0},"b":{},"_coverageSchema":"332fd63041d2c1bcb487cc26dd0d5f7d97098a6c","hash":"65e905ede26dc7575d937a739838e36c292ad269"}
,"/Users/johnbrown/Desktop/projects/mailtroopers/client/src/actions/index.js": {"path":"/Users/johnbrown/Desktop/projects/mailtroopers/client/src/actions/index.js","statementMap":{"0":{"start":{"line":1,"column":35},"end":{"line":1,"column":56}},"1":{"start":{"line":2,"column":33},"end":{"line":4,"column":1}},"2":{"start":{"line":6,"column":36},"end":{"line":6,"column":58}},"3":{"start":{"line":7,"column":34},"end":{"line":9,"column":1}},"4":{"start":{"line":11,"column":27},"end":{"line":11,"column":40}},"5":{"start":{"line":12,"column":26},"end":{"line":14,"column":1}},"6":{"start":{"line":16,"column":31},"end":{"line":16,"column":48}},"7":{"start":{"line":17,"column":30},"end":{"line":19,"column":1}},"8":{"start":{"line":21,"column":29},"end":{"line":21,"column":44}},"9":{"start":{"line":22,"column":28},"end":{"line":24,"column":1}}},"fnMap":{},"branchMap":{},"s":{"0":3,"1":3,"2":3,"3":3,"4":3,"5":3,"6":3,"7":3,"8":3,"9":3},"f":{},"b":{},"_coverageSchema":"332fd63041d2c1bcb487cc26dd0d5f7d97098a6c","hash":"5435dd4ae4a967cae8812f230f0be73ee20fbdd4"}
,"/Users/johnbrown/Desktop/projects/mailtroopers/client/src/actions/io.js": {"path":"/Users/johnbrown/Desktop/projects/mailtroopers/client/src/actions/io.js","statementMap":{"0":{"start":{"line":1,"column":13},"end":{"line":1,"column":75}},"1":{"start":{"line":1,"column":98},"end":{"line":1,"column":139}},"2":{"start":{"line":2,"column":22},"end":{"line":4,"column":11}},"3":{"start":{"line":2,"column":57},"end":{"line":4,"column":10}},"4":{"start":{"line":7,"column":26},"end":{"line":7,"column":73}},"5":{"start":{"line":8,"column":25},"end":{"line":9,"column":28}},"6":{"start":{"line":8,"column":59},"end":{"line":9,"column":27}}},"fnMap":{"0":{"name":"(anonymous_0)","decl":{"start":{"line":2,"column":46},"end":{"line":2,"column":47}},"loc":{"start":{"line":2,"column":57},"end":{"line":4,"column":10}},"line":2},"1":{"name":"(anonymous_1)","decl":{"start":{"line":8,"column":52},"end":{"line":8,"column":53}},"loc":{"start":{"line":8,"column":59},"end":{"line":9,"column":27}},"line":8}},"branchMap":{},"s":{"0":0,"1":0,"2":0,"3":0,"4":0,"5":0,"6":0},"f":{"0":0,"1":0},"b":{}}
,"/Users/johnbrown/Desktop/projects/mailtroopers/client/src/actions/modal.js": {"path":"/Users/johnbrown/Desktop/projects/mailtroopers/client/src/actions/modal.js","statementMap":{"0":{"start":{"line":1,"column":36},"end":{"line":1,"column":58}},"1":{"start":{"line":2,"column":34},"end":{"line":4,"column":1}},"2":{"start":{"line":6,"column":36},"end":{"line":6,"column":58}},"3":{"start":{"line":7,"column":34},"end":{"line":9,"column":1}},"4":{"start":{"line":11,"column":41},"end":{"line":11,"column":68}},"5":{"start":{"line":12,"column":38},"end":{"line":14,"column":1}}},"fnMap":{},"branchMap":{},"s":{"0":3,"1":3,"2":3,"3":3,"4":3,"5":3},"f":{},"b":{},"_coverageSchema":"332fd63041d2c1bcb487cc26dd0d5f7d97098a6c","hash":"d09ceadc06ff8563954e1e3ea62368ec2ec2260a"}
,"/Users/johnbrown/Desktop/projects/mailtroopers/client/src/actions/user.js": {"path":"/Users/johnbrown/Desktop/projects/mailtroopers/client/src/actions/user.js","statementMap":{"0":{"start":{"line":10,"column":22},"end":{"line":16,"column":1}},"1":{"start":{"line":11,"column":23},"end":{"line":11,"column":43}},"2":{"start":{"line":12,"column":2},"end":{"line":12,"column":26}},"3":{"start":{"line":13,"column":2},"end":{"line":13,"column":35}},"4":{"start":{"line":14,"column":2},"end":{"line":14,"column":45}},"5":{"start":{"line":15,"column":2},"end":{"line":15,"column":47}},"6":{"start":{"line":18,"column":28},"end":{"line":27,"column":1}},"7":{"start":{"line":18,"column":36},"end":{"line":27,"column":1}},"8":{"start":{"line":19,"column":2},"end":{"line":26,"column":4}},"9":{"start":{"line":23,"column":4},"end":{"line":25,"column":5}},"10":{"start":{"line":24,"column":6},"end":{"line":24,"column":41}},"11":{"start":{"line":29,"column":28},"end":{"line":29,"column":42}},"12":{"start":{"line":30,"column":27},"end":{"line":33,"column":2}},"13":{"start":{"line":30,"column":35},"end":{"line":33,"column":1}},"14":{"start":{"line":35,"column":30},"end":{"line":35,"column":46}},"15":{"start":{"line":36,"column":28},"end":{"line":39,"column":2}},"16":{"start":{"line":36,"column":42},"end":{"line":39,"column":1}},"17":{"start":{"line":41,"column":32},"end":{"line":41,"column":50}},"18":{"start":{"line":42,"column":30},"end":{"line":45,"column":2}},"19":{"start":{"line":42,"column":46},"end":{"line":45,"column":1}},"20":{"start":{"line":47,"column":25},"end":{"line":64,"column":1}},"21":{"start":{"line":47,"column":46},"end":{"line":64,"column":1}},"22":{"start":{"line":48,"column":16},"end":{"line":48,"column":44}},"23":{"start":{"line":49,"column":2},"end":{"line":63,"column":4}},"24":{"start":{"line":57,"column":22},"end":{"line":57,"column":40}},"25":{"start":{"line":58,"column":4},"end":{"line":58,"column":38}},"26":{"start":{"line":61,"column":4},"end":{"line":61,"column":21}},"27":{"start":{"line":62,"column":4},"end":{"line":62,"column":56}},"28":{"start":{"line":66,"column":25},"end":{"line":66,"column":36}},"29":{"start":{"line":67,"column":24},"end":{"line":70,"column":2}},"30":{"start":{"line":67,"column":32},"end":{"line":70,"column":1}},"31":{"start":{"line":72,"column":32},"end":{"line":91,"column":1}},"32":{"start":{"line":72,"column":38},"end":{"line":91,"column":1}},"33":{"start":{"line":73,"column":20},"end":{"line":73,"column":45}},"34":{"start":{"line":74,"column":2},"end":{"line":90,"column":7}},"35":{"start":{"line":82,"column":6},"end":{"line":82,"column":49}},"36":{"start":{"line":87,"column":8},"end":{"line":87,"column":39}},"37":{"start":{"line":88,"column":8},"end":{"line":88,"column":37}},"38":{"start":{"line":89,"column":8},"end":{"line":89,"column":34}}},"fnMap":{"0":{"name":"(anonymous_0)","decl":{"start":{"line":10,"column":22},"end":{"line":10,"column":23}},"loc":{"start":{"line":10,"column":47},"end":{"line":16,"column":1}},"line":10},"1":{"name":"(anonymous_1)","decl":{"start":{"line":18,"column":28},"end":{"line":18,"column":29}},"loc":{"start":{"line":18,"column":36},"end":{"line":27,"column":1}},"line":18},"2":{"name":"(anonymous_2)","decl":{"start":{"line":18,"column":36},"end":{"line":18,"column":37}},"loc":{"start":{"line":18,"column":48},"end":{"line":27,"column":1}},"line":18},"3":{"name":"(anonymous_3)","decl":{"start":{"line":22,"column":8},"end":{"line":22,"column":9}},"loc":{"start":{"line":22,"column":15},"end":{"line":26,"column":3}},"line":22},"4":{"name":"(anonymous_4)","decl":{"start":{"line":30,"column":27},"end":{"line":30,"column":28}},"loc":{"start":{"line":30,"column":35},"end":{"line":33,"column":1}},"line":30},"5":{"name":"(anonymous_5)","decl":{"start":{"line":36,"column":28},"end":{"line":36,"column":29}},"loc":{"start":{"line":36,"column":42},"end":{"line":39,"column":1}},"line":36},"6":{"name":"(anonymous_6)","decl":{"start":{"line":42,"column":30},"end":{"line":42,"column":31}},"loc":{"start":{"line":42,"column":46},"end":{"line":45,"column":1}},"line":42},"7":{"name":"(anonymous_7)","decl":{"start":{"line":47,"column":25},"end":{"line":47,"column":26}},"loc":{"start":{"line":47,"column":46},"end":{"line":64,"column":1}},"line":47},"8":{"name":"(anonymous_8)","decl":{"start":{"line":47,"column":46},"end":{"line":47,"column":47}},"loc":{"start":{"line":47,"column":58},"end":{"line":64,"column":1}},"line":47},"9":{"name":"(anonymous_9)","decl":{"start":{"line":56,"column":8},"end":{"line":56,"column":9}},"loc":{"start":{"line":56,"column":15},"end":{"line":59,"column":3}},"line":56},"10":{"name":"(anonymous_10)","decl":{"start":{"line":60,"column":9},"end":{"line":60,"column":10}},"loc":{"start":{"line":60,"column":16},"end":{"line":63,"column":3}},"line":60},"11":{"name":"(anonymous_11)","decl":{"start":{"line":67,"column":24},"end":{"line":67,"column":25}},"loc":{"start":{"line":67,"column":32},"end":{"line":70,"column":1}},"line":67},"12":{"name":"(anonymous_12)","decl":{"start":{"line":72,"column":32},"end":{"line":72,"column":33}},"loc":{"start":{"line":72,"column":38},"end":{"line":91,"column":1}},"line":72},"13":{"name":"(anonymous_13)","decl":{"start":{"line":72,"column":38},"end":{"line":72,"column":39}},"loc":{"start":{"line":72,"column":62},"end":{"line":91,"column":1}},"line":72},"14":{"name":"(anonymous_14)","decl":{"start":{"line":81,"column":10},"end":{"line":81,"column":11}},"loc":{"start":{"line":81,"column":17},"end":{"line":83,"column":5}},"line":81},"15":{"name":"(anonymous_15)","decl":{"start":{"line":84,"column":11},"end":{"line":84,"column":12}},"loc":{"start":{"line":84,"column":18},"end":{"line":90,"column":5}},"line":84}},"branchMap":{"0":{"loc":{"start":{"line":23,"column":4},"end":{"line":25,"column":5}},"type":"if","locations":[{"start":{"line":23,"column":4},"end":{"line":25,"column":5}},{"start":{"line":23,"column":4},"end":{"line":25,"column":5}}],"line":23}},"s":{"0":4,"1":0,"2":0,"3":0,"4":0,"5":0,"6":4,"7":0,"8":0,"9":0,"10":0,"11":4,"12":4,"13":0,"14":4,"15":4,"16":0,"17":4,"18":4,"19":0,"20":4,"21":0,"22":0,"23":0,"24":0,"25":0,"26":0,"27":0,"28":4,"29":4,"30":0,"31":4,"32":0,"33":0,"34":0,"35":0,"36":0,"37":0,"38":0},"f":{"0":0,"1":0,"2":0,"3":0,"4":0,"5":0,"6":0,"7":0,"8":0,"9":0,"10":0,"11":0,"12":0,"13":0,"14":0,"15":0},"b":{"0":[0,0]},"_coverageSchema":"332fd63041d2c1bcb487cc26dd0d5f7d97098a6c","hash":"ee0388e82f065790ed2ad6f39bef10775ee97964"}
,"/Users/johnbrown/Desktop/projects/mailtroopers/client/src/components/app/App.js": {"path":"/Users/johnbrown/Desktop/projects/mailtroopers/client/src/components/app/App.js","statementMap":{"0":{"start":{"line":1,"column":13},"end":{"line":1,"column":75}},"1":{"start":{"line":1,"column":75},"end":{"line":1,"column":99}},"2":{"start":{"line":1,"column":118},"end":{"line":1,"column":199}},"3":{"start":{"line":12,"column":13},"end":{"line":12,"column":29}},"4":{"start":{"line":12,"column":44},"end":{"line":12,"column":74}},"5":{"start":{"line":12,"column":97},"end":{"line":12,"column":124}},"6":{"start":{"line":12,"column":143},"end":{"line":12,"column":165}},"7":{"start":{"line":12,"column":178},"end":{"line":12,"column":207}},"8":{"start":{"line":12,"column":227},"end":{"line":12,"column":265}},"9":{"start":{"line":12,"column":286},"end":{"line":12,"column":322}},"10":{"start":{"line":12,"column":337},"end":{"line":12,"column":364}},"11":{"start":{"line":12,"column":380},"end":{"line":12,"column":411}},"12":{"start":{"line":12,"column":429},"end":{"line":12,"column":462}},"13":{"start":{"line":12,"column":481},"end":{"line":12,"column":515}},"14":{"start":{"line":12,"column":537},"end":{"line":12,"column":584}},"15":{"start":{"line":12,"column":607},"end":{"line":12,"column":645}},"16":{"start":{"line":13,"column":20},"end":{"line":13,"column":65}},"17":{"start":{"line":13,"column":87},"end":{"line":13,"column":124}},"18":{"start":{"line":16,"column":10},"end":{"line":16,"column":37}},"19":{"start":{"line":18,"column":0},"end":{"line":18,"column":21}},"20":{"start":{"line":18,"column":59},"end":{"line":18,"column":113}},"21":{"start":{"line":24,"column":4},"end":{"line":28,"column":5}},"22":{"start":{"line":27,"column":6},"end":{"line":27,"column":57}},"23":{"start":{"line":32,"column":4},"end":{"line":38,"column":5}},"24":{"start":{"line":34,"column":6},"end":{"line":34,"column":34}},"25":{"start":{"line":35,"column":11},"end":{"line":38,"column":5}},"26":{"start":{"line":37,"column":6},"end":{"line":37,"column":33}},"27":{"start":{"line":42,"column":4},"end":{"line":42,"column":30}},"28":{"start":{"line":43,"column":4},"end":{"line":43,"column":70}},"29":{"start":{"line":44,"column":4},"end":{"line":44,"column":31}},"30":{"start":{"line":48,"column":4},"end":{"line":51,"column":6}},"31":{"start":{"line":49,"column":10},"end":{"line":49,"column":60}},"32":{"start":{"line":55,"column":4},"end":{"line":57,"column":5}},"33":{"start":{"line":56,"column":6},"end":{"line":56,"column":13}},"34":{"start":{"line":58,"column":4},"end":{"line":58,"column":40}},"35":{"start":{"line":63,"column":4},"end":{"line":71,"column":199}},"36":{"start":{"line":67,"column":8},"end":{"line":67,"column":203}},"37":{"start":{"line":74,"column":4},"end":{"line":74,"column":22}},"38":{"start":{"line":77,"column":24},"end":{"line":80,"column":28}},"39":{"start":{"line":77,"column":34},"end":{"line":80,"column":27}},"40":{"start":{"line":80,"column":29},"end":{"line":83,"column":80}}},"fnMap":{"0":{"name":"_interopRequireDefault","decl":{"start":{"line":18,"column":30},"end":{"line":18,"column":52}},"loc":{"start":{"line":18,"column":58},"end":{"line":18,"column":114}},"line":18},"1":{"name":"(anonymous_1)","decl":{"start":{"line":22,"column":2},"end":{"line":22,"column":3}},"loc":{"start":{"line":22,"column":22},"end":{"line":29,"column":3}},"line":22},"2":{"name":"(anonymous_2)","decl":{"start":{"line":31,"column":2},"end":{"line":31,"column":3}},"loc":{"start":{"line":31,"column":39},"end":{"line":39,"column":3}},"line":31},"3":{"name":"(anonymous_3)","decl":{"start":{"line":41,"column":2},"end":{"line":41,"column":3}},"loc":{"start":{"line":41,"column":25},"end":{"line":45,"column":3}},"line":41},"4":{"name":"(anonymous_4)","decl":{"start":{"line":47,"column":2},"end":{"line":47,"column":3}},"loc":{"start":{"line":47,"column":25},"end":{"line":52,"column":3}},"line":47},"5":{"name":"(anonymous_5)","decl":{"start":{"line":49,"column":4},"end":{"line":49,"column":5}},"loc":{"start":{"line":49,"column":10},"end":{"line":49,"column":60}},"line":49},"6":{"name":"(anonymous_6)","decl":{"start":{"line":54,"column":2},"end":{"line":54,"column":3}},"loc":{"start":{"line":54,"column":24},"end":{"line":59,"column":3}},"line":54},"7":{"name":"(anonymous_7)","decl":{"start":{"line":61,"column":2},"end":{"line":61,"column":3}},"loc":{"start":{"line":61,"column":11},"end":{"line":74,"column":3}},"line":61},"8":{"name":"(anonymous_8)","decl":{"start":{"line":66,"column":39},"end":{"line":66,"column":40}},"loc":{"start":{"line":67,"column":8},"end":{"line":67,"column":203}},"line":67},"9":{"name":"(anonymous_9)","decl":{"start":{"line":77,"column":24},"end":{"line":77,"column":25}},"loc":{"start":{"line":77,"column":34},"end":{"line":80,"column":27}},"line":77}},"branchMap":{"0":{"loc":{"start":{"line":18,"column":66},"end":{"line":18,"column":112}},"type":"cond-expr","locations":[{"start":{"line":18,"column":90},"end":{"line":18,"column":93}},{"start":{"line":18,"column":96},"end":{"line":18,"column":112}}],"line":18},"1":{"loc":{"start":{"line":18,"column":66},"end":{"line":18,"column":87}},"type":"binary-expr","locations":[{"start":{"line":18,"column":66},"end":{"line":18,"column":69}},{"start":{"line":18,"column":73},"end":{"line":18,"column":87}}],"line":18},"2":{"loc":{"start":{"line":24,"column":4},"end":{"line":28,"column":5}},"type":"if","locations":[{"start":{"line":24,"column":4},"end":{"line":28,"column":5}},{"start":{"line":24,"column":4},"end":{"line":28,"column":5}}],"line":24},"3":{"loc":{"start":{"line":32,"column":4},"end":{"line":38,"column":5}},"type":"if","locations":[{"start":{"line":32,"column":4},"end":{"line":38,"column":5}},{"start":{"line":32,"column":4},"end":{"line":38,"column":5}}],"line":32},"4":{"loc":{"start":{"line":32,"column":8},"end":{"line":32,"column":50}},"type":"binary-expr","locations":[{"start":{"line":32,"column":8},"end":{"line":32,"column":26}},{"start":{"line":32,"column":30},"end":{"line":32,"column":50}}],"line":32},"5":{"loc":{"start":{"line":35,"column":11},"end":{"line":38,"column":5}},"type":"if","locations":[{"start":{"line":35,"column":11},"end":{"line":38,"column":5}},{"start":{"line":35,"column":11},"end":{"line":38,"column":5}}],"line":35},"6":{"loc":{"start":{"line":35,"column":15},"end":{"line":35,"column":57}},"type":"binary-expr","locations":[{"start":{"line":35,"column":15},"end":{"line":35,"column":34}},{"start":{"line":35,"column":38},"end":{"line":35,"column":57}}],"line":35},"7":{"loc":{"start":{"line":55,"column":4},"end":{"line":57,"column":5}},"type":"if","locations":[{"start":{"line":55,"column":4},"end":{"line":57,"column":5}},{"start":{"line":55,"column":4},"end":{"line":57,"column":5}}],"line":55}},"s":{"0":0,"1":0,"2":0,"3":0,"4":0,"5":0,"6":0,"7":0,"8":0,"9":0,"10":0,"11":0,"12":0,"13":0,"14":0,"15":0,"16":0,"17":0,"18":0,"19":0,"20":0,"21":0,"22":0,"23":0,"24":0,"25":0,"26":0,"27":0,"28":0,"29":0,"30":0,"31":0,"32":0,"33":0,"34":0,"35":0,"36":0,"37":0,"38":0,"39":0,"40":0},"f":{"0":0,"1":0,"2":0,"3":0,"4":0,"5":0,"6":0,"7":0,"8":0,"9":0},"b":{"0":[0,0],"1":[0,0],"2":[0,0],"3":[0,0],"4":[0,0],"5":[0,0],"6":[0,0],"7":[0,0]}}
,"/Users/johnbrown/Desktop/projects/mailtroopers/client/src/components/dashboard/Dashboard.js": {"path":"/Users/johnbrown/Desktop/projects/mailtroopers/client/src/components/dashboard/Dashboard.js","statementMap":{"0":{"start":{"line":26,"column":8},"end":{"line":28,"column":9}},"1":{"start":{"line":27,"column":12},"end":{"line":27,"column":18}},"2":{"start":{"line":30,"column":8},"end":{"line":32,"column":9}},"3":{"start":{"line":31,"column":10},"end":{"line":31,"column":48}},"4":{"start":{"line":34,"column":8},"end":{"line":37,"column":10}},"5":{"start":{"line":35,"column":10},"end":{"line":35,"column":55}},"6":{"start":{"line":36,"column":10},"end":{"line":36,"column":53}},"7":{"start":{"line":39,"column":8},"end":{"line":45,"column":10}},"8":{"start":{"line":40,"column":10},"end":{"line":40,"column":55}},"9":{"start":{"line":41,"column":10},"end":{"line":41,"column":49}},"10":{"start":{"line":41,"column":43},"end":{"line":41,"column":49}},"11":{"start":{"line":42,"column":10},"end":{"line":44,"column":11}},"12":{"start":{"line":43,"column":12},"end":{"line":43,"column":53}},"13":{"start":{"line":47,"column":8},"end":{"line":49,"column":10}},"14":{"start":{"line":48,"column":10},"end":{"line":48,"column":51}},"15":{"start":{"line":51,"column":8},"end":{"line":54,"column":10}},"16":{"start":{"line":52,"column":10},"end":{"line":52,"column":30}},"17":{"start":{"line":53,"column":10},"end":{"line":53,"column":51}},"18":{"start":{"line":58,"column":6},"end":{"line":62,"column":7}},"19":{"start":{"line":59,"column":8},"end":{"line":61,"column":9}},"20":{"start":{"line":60,"column":10},"end":{"line":60,"column":30}},"21":{"start":{"line":63,"column":6},"end":{"line":63,"column":19}},"22":{"start":{"line":67,"column":6},"end":{"line":67,"column":46}},"23":{"start":{"line":68,"column":6},"end":{"line":70,"column":7}},"24":{"start":{"line":69,"column":10},"end":{"line":69,"column":37}},"25":{"start":{"line":72,"column":27},"end":{"line":72,"column":74}},"26":{"start":{"line":73,"column":27},"end":{"line":73,"column":74}},"27":{"start":{"line":74,"column":31},"end":{"line":74,"column":86}},"28":{"start":{"line":76,"column":6},"end":{"line":95,"column":8}},"29":{"start":{"line":99,"column":24},"end":{"line":108,"column":2}},"30":{"start":{"line":99,"column":34},"end":{"line":108,"column":1}}},"fnMap":{"0":{"name":"(anonymous_0)","decl":{"start":{"line":25,"column":4},"end":{"line":25,"column":5}},"loc":{"start":{"line":25,"column":24},"end":{"line":55,"column":5}},"line":25},"1":{"name":"(anonymous_1)","decl":{"start":{"line":34,"column":47},"end":{"line":34,"column":48}},"loc":{"start":{"line":34,"column":59},"end":{"line":37,"column":9}},"line":34},"2":{"name":"(anonymous_2)","decl":{"start":{"line":39,"column":49},"end":{"line":39,"column":50}},"loc":{"start":{"line":39,"column":61},"end":{"line":45,"column":9}},"line":39},"3":{"name":"(anonymous_3)","decl":{"start":{"line":47,"column":46},"end":{"line":47,"column":47}},"loc":{"start":{"line":47,"column":58},"end":{"line":49,"column":9}},"line":47},"4":{"name":"(anonymous_4)","decl":{"start":{"line":51,"column":50},"end":{"line":51,"column":51}},"loc":{"start":{"line":51,"column":62},"end":{"line":54,"column":9}},"line":51},"5":{"name":"(anonymous_5)","decl":{"start":{"line":57,"column":4},"end":{"line":57,"column":5}},"loc":{"start":{"line":57,"column":20},"end":{"line":64,"column":5}},"line":57},"6":{"name":"(anonymous_6)","decl":{"start":{"line":66,"column":4},"end":{"line":66,"column":5}},"loc":{"start":{"line":66,"column":13},"end":{"line":96,"column":5}},"line":66},"7":{"name":"(anonymous_7)","decl":{"start":{"line":99,"column":24},"end":{"line":99,"column":25}},"loc":{"start":{"line":99,"column":34},"end":{"line":108,"column":1}},"line":99}},"branchMap":{"0":{"loc":{"start":{"line":26,"column":8},"end":{"line":28,"column":9}},"type":"if","locations":[{"start":{"line":26,"column":8},"end":{"line":28,"column":9}},{"start":{"line":26,"column":8},"end":{"line":28,"column":9}}],"line":26},"1":{"loc":{"start":{"line":30,"column":8},"end":{"line":32,"column":9}},"type":"if","locations":[{"start":{"line":30,"column":8},"end":{"line":32,"column":9}},{"start":{"line":30,"column":8},"end":{"line":32,"column":9}}],"line":30},"2":{"loc":{"start":{"line":41,"column":10},"end":{"line":41,"column":49}},"type":"if","locations":[{"start":{"line":41,"column":10},"end":{"line":41,"column":49}},{"start":{"line":41,"column":10},"end":{"line":41,"column":49}}],"line":41},"3":{"loc":{"start":{"line":42,"column":10},"end":{"line":44,"column":11}},"type":"if","locations":[{"start":{"line":42,"column":10},"end":{"line":44,"column":11}},{"start":{"line":42,"column":10},"end":{"line":44,"column":11}}],"line":42},"4":{"loc":{"start":{"line":58,"column":6},"end":{"line":62,"column":7}},"type":"if","locations":[{"start":{"line":58,"column":6},"end":{"line":62,"column":7}},{"start":{"line":58,"column":6},"end":{"line":62,"column":7}}],"line":58},"5":{"loc":{"start":{"line":59,"column":8},"end":{"line":61,"column":9}},"type":"if","locations":[{"start":{"line":59,"column":8},"end":{"line":61,"column":9}},{"start":{"line":59,"column":8},"end":{"line":61,"column":9}}],"line":59},"6":{"loc":{"start":{"line":59,"column":11},"end":{"line":59,"column":70}},"type":"binary-expr","locations":[{"start":{"line":59,"column":11},"end":{"line":59,"column":38}},{"start":{"line":59,"column":42},"end":{"line":59,"column":70}}],"line":59},"7":{"loc":{"start":{"line":68,"column":6},"end":{"line":70,"column":7}},"type":"if","locations":[{"start":{"line":68,"column":6},"end":{"line":70,"column":7}},{"start":{"line":68,"column":6},"end":{"line":70,"column":7}}],"line":68},"8":{"loc":{"start":{"line":72,"column":27},"end":{"line":72,"column":74}},"type":"cond-expr","locations":[{"start":{"line":72,"column":53},"end":{"line":72,"column":69}},{"start":{"line":72,"column":72},"end":{"line":72,"column":74}}],"line":72},"9":{"loc":{"start":{"line":73,"column":27},"end":{"line":73,"column":74}},"type":"cond-expr","locations":[{"start":{"line":73,"column":53},"end":{"line":73,"column":69}},{"start":{"line":73,"column":72},"end":{"line":73,"column":74}}],"line":73},"10":{"loc":{"start":{"line":74,"column":31},"end":{"line":74,"column":86}},"type":"cond-expr","locations":[{"start":{"line":74,"column":61},"end":{"line":74,"column":81}},{"start":{"line":74,"column":84},"end":{"line":74,"column":86}}],"line":74},"11":{"loc":{"start":{"line":79,"column":10},"end":{"line":88,"column":16}},"type":"cond-expr","locations":[{"start":{"line":80,"column":10},"end":{"line":85,"column":16}},{"start":{"line":86,"column":10},"end":{"line":88,"column":16}}],"line":79},"12":{"loc":{"start":{"line":79,"column":10},"end":{"line":79,"column":74}},"type":"binary-expr","locations":[{"start":{"line":79,"column":10},"end":{"line":79,"column":32}},{"start":{"line":79,"column":36},"end":{"line":79,"column":53}},{"start":{"line":79,"column":57},"end":{"line":79,"column":74}}],"line":79}},"s":{"0":0,"1":0,"2":0,"3":0,"4":0,"5":0,"6":0,"7":0,"8":0,"9":0,"10":0,"11":0,"12":0,"13":0,"14":0,"15":0,"16":0,"17":0,"18":0,"19":0,"20":0,"21":0,"22":0,"23":0,"24":0,"25":0,"26":0,"27":0,"28":0,"29":1,"30":0},"f":{"0":0,"1":0,"2":0,"3":0,"4":0,"5":0,"6":0,"7":0},"b":{"0":[0,0],"1":[0,0],"2":[0,0],"3":[0,0],"4":[0,0],"5":[0,0],"6":[0,0],"7":[0,0],"8":[0,0],"9":[0,0],"10":[0,0],"11":[0,0],"12":[0,0,0]},"_coverageSchema":"332fd63041d2c1bcb487cc26dd0d5f7d97098a6c","hash":"cd55db09e7112b9d7b17cbf72c9e3c119658187e"}
,"/Users/johnbrown/Desktop/projects/mailtroopers/client/src/components/dashboard/left-sidebar/LeftSidebar.js": {"path":"/Users/johnbrown/Desktop/projects/mailtroopers/client/src/components/dashboard/left-sidebar/LeftSidebar.js","statementMap":{"0":{"start":{"line":12,"column":0},"end":{"line":12,"column":28}},"1":{"start":{"line":15,"column":20},"end":{"line":18,"column":3}},"2":{"start":{"line":16,"column":4},"end":{"line":16,"column":22}},"3":{"start":{"line":17,"column":4},"end":{"line":17,"column":42}},"4":{"start":{"line":20,"column":22},"end":{"line":22,"column":3}},"5":{"start":{"line":21,"column":4},"end":{"line":21,"column":52}},"6":{"start":{"line":24,"column":17},"end":{"line":60,"column":3}},"7":{"start":{"line":25,"column":4},"end":{"line":59,"column":5}},"8":{"start":{"line":26,"column":6},"end":{"line":58,"column":8}},"9":{"start":{"line":27,"column":8},"end":{"line":57,"column":9}},"10":{"start":{"line":32,"column":12},"end":{"line":32,"column":71}},"11":{"start":{"line":35,"column":12},"end":{"line":35,"column":72}},"12":{"start":{"line":38,"column":12},"end":{"line":38,"column":49}},"13":{"start":{"line":39,"column":12},"end":{"line":39,"column":71}},"14":{"start":{"line":46,"column":62},"end":{"line":46,"column":81}},"15":{"start":{"line":53,"column":56},"end":{"line":53,"column":92}},"16":{"start":{"line":62,"column":26},"end":{"line":68,"column":3}},"17":{"start":{"line":63,"column":4},"end":{"line":67,"column":7}},"18":{"start":{"line":64,"column":8},"end":{"line":64,"column":39}},"19":{"start":{"line":66,"column":8},"end":{"line":66,"column":62}},"20":{"start":{"line":70,"column":21},"end":{"line":75,"column":3}},"21":{"start":{"line":71,"column":4},"end":{"line":73,"column":5}},"22":{"start":{"line":72,"column":6},"end":{"line":72,"column":40}},"23":{"start":{"line":74,"column":4},"end":{"line":74,"column":25}},"24":{"start":{"line":77,"column":2},"end":{"line":99,"column":3}},"25":{"start":{"line":82,"column":28},"end":{"line":82,"column":56}},"26":{"start":{"line":91,"column":28},"end":{"line":91,"column":40}},"27":{"start":{"line":102,"column":24},"end":{"line":107,"column":2}},"28":{"start":{"line":102,"column":34},"end":{"line":107,"column":1}}},"fnMap":{"0":{"name":"LeftSidebar","decl":{"start":{"line":14,"column":9},"end":{"line":14,"column":20}},"loc":{"start":{"line":14,"column":29},"end":{"line":100,"column":1}},"line":14},"1":{"name":"(anonymous_1)","decl":{"start":{"line":15,"column":20},"end":{"line":15,"column":21}},"loc":{"start":{"line":15,"column":25},"end":{"line":18,"column":3}},"line":15},"2":{"name":"(anonymous_2)","decl":{"start":{"line":20,"column":22},"end":{"line":20,"column":23}},"loc":{"start":{"line":20,"column":44},"end":{"line":22,"column":3}},"line":20},"3":{"name":"(anonymous_3)","decl":{"start":{"line":24,"column":17},"end":{"line":24,"column":18}},"loc":{"start":{"line":24,"column":23},"end":{"line":60,"column":3}},"line":24},"4":{"name":"(anonymous_4)","decl":{"start":{"line":26,"column":30},"end":{"line":26,"column":31}},"loc":{"start":{"line":26,"column":48},"end":{"line":58,"column":7}},"line":26},"5":{"name":"(anonymous_5)","decl":{"start":{"line":31,"column":24},"end":{"line":31,"column":25}},"loc":{"start":{"line":31,"column":29},"end":{"line":33,"column":11}},"line":31},"6":{"name":"(anonymous_6)","decl":{"start":{"line":34,"column":24},"end":{"line":34,"column":25}},"loc":{"start":{"line":34,"column":29},"end":{"line":36,"column":11}},"line":34},"7":{"name":"(anonymous_7)","decl":{"start":{"line":37,"column":19},"end":{"line":37,"column":20}},"loc":{"start":{"line":37,"column":25},"end":{"line":40,"column":11}},"line":37},"8":{"name":"(anonymous_8)","decl":{"start":{"line":46,"column":57},"end":{"line":46,"column":58}},"loc":{"start":{"line":46,"column":62},"end":{"line":46,"column":81}},"line":46},"9":{"name":"(anonymous_9)","decl":{"start":{"line":53,"column":50},"end":{"line":53,"column":51}},"loc":{"start":{"line":53,"column":56},"end":{"line":53,"column":92}},"line":53},"10":{"name":"(anonymous_10)","decl":{"start":{"line":62,"column":26},"end":{"line":62,"column":27}},"loc":{"start":{"line":62,"column":32},"end":{"line":68,"column":3}},"line":62},"11":{"name":"(anonymous_11)","decl":{"start":{"line":70,"column":21},"end":{"line":70,"column":22}},"loc":{"start":{"line":70,"column":27},"end":{"line":75,"column":3}},"line":70},"12":{"name":"(anonymous_12)","decl":{"start":{"line":82,"column":21},"end":{"line":82,"column":22}},"loc":{"start":{"line":82,"column":27},"end":{"line":82,"column":57}},"line":82},"13":{"name":"(anonymous_13)","decl":{"start":{"line":91,"column":23},"end":{"line":91,"column":24}},"loc":{"start":{"line":91,"column":28},"end":{"line":91,"column":40}},"line":91},"14":{"name":"(anonymous_14)","decl":{"start":{"line":102,"column":24},"end":{"line":102,"column":25}},"loc":{"start":{"line":102,"column":34},"end":{"line":107,"column":1}},"line":102}},"branchMap":{"0":{"loc":{"start":{"line":25,"column":4},"end":{"line":59,"column":5}},"type":"if","locations":[{"start":{"line":25,"column":4},"end":{"line":59,"column":5}},{"start":{"line":25,"column":4},"end":{"line":59,"column":5}}],"line":25},"1":{"loc":{"start":{"line":63,"column":4},"end":{"line":67,"column":7}},"type":"if","locations":[{"start":{"line":63,"column":4},"end":{"line":67,"column":7}},{"start":{"line":63,"column":4},"end":{"line":67,"column":7}}],"line":63},"2":{"loc":{"start":{"line":71,"column":4},"end":{"line":73,"column":5}},"type":"if","locations":[{"start":{"line":71,"column":4},"end":{"line":73,"column":5}},{"start":{"line":71,"column":4},"end":{"line":73,"column":5}}],"line":71}},"s":{"0":2,"1":0,"2":0,"3":0,"4":0,"5":0,"6":0,"7":0,"8":0,"9":0,"10":0,"11":0,"12":0,"13":0,"14":0,"15":0,"16":0,"17":0,"18":0,"19":0,"20":0,"21":0,"22":0,"23":0,"24":0,"25":0,"26":0,"27":2,"28":0},"f":{"0":0,"1":0,"2":0,"3":0,"4":0,"5":0,"6":0,"7":0,"8":0,"9":0,"10":0,"11":0,"12":0,"13":0,"14":0},"b":{"0":[0,0],"1":[0,0],"2":[0,0]},"_coverageSchema":"332fd63041d2c1bcb487cc26dd0d5f7d97098a6c","hash":"4c7a1379938d92d2b6c300abd66c98b357ba2245"}
,"/Users/johnbrown/Desktop/projects/mailtroopers/client/src/components/dashboard/main/Main.js": {"path":"/Users/johnbrown/Desktop/projects/mailtroopers/client/src/components/dashboard/main/Main.js","statementMap":{"0":{"start":{"line":12,"column":4},"end":{"line":12,"column":84}},"1":{"start":{"line":16,"column":4},"end":{"line":20,"column":5}},"2":{"start":{"line":17,"column":6},"end":{"line":19,"column":12}},"3":{"start":{"line":21,"column":4},"end":{"line":31,"column":5}},"4":{"start":{"line":22,"column":6},"end":{"line":30,"column":12}},"5":{"start":{"line":33,"column":20},"end":{"line":33,"column":87}},"6":{"start":{"line":34,"column":4},"end":{"line":34,"column":26}},"7":{"start":{"line":34,"column":17},"end":{"line":34,"column":26}},"8":{"start":{"line":35,"column":4},"end":{"line":43,"column":14}},"9":{"start":{"line":47,"column":4},"end":{"line":49,"column":5}},"10":{"start":{"line":48,"column":6},"end":{"line":48,"column":26}},"11":{"start":{"line":50,"column":4},"end":{"line":52,"column":5}},"12":{"start":{"line":51,"column":6},"end":{"line":51,"column":39}},"13":{"start":{"line":53,"column":4},"end":{"line":55,"column":5}},"14":{"start":{"line":54,"column":6},"end":{"line":54,"column":38}},"15":{"start":{"line":56,"column":4},"end":{"line":58,"column":5}},"16":{"start":{"line":57,"column":6},"end":{"line":57,"column":39}},"17":{"start":{"line":59,"column":4},"end":{"line":59,"column":17}},"18":{"start":{"line":63,"column":4},"end":{"line":69,"column":5}},"19":{"start":{"line":64,"column":6},"end":{"line":68,"column":7}},"20":{"start":{"line":65,"column":8},"end":{"line":65,"column":40}},"21":{"start":{"line":67,"column":8},"end":{"line":67,"column":39}},"22":{"start":{"line":70,"column":4},"end":{"line":76,"column":5}},"23":{"start":{"line":71,"column":6},"end":{"line":75,"column":7}},"24":{"start":{"line":72,"column":8},"end":{"line":72,"column":39}},"25":{"start":{"line":74,"column":8},"end":{"line":74,"column":40}},"26":{"start":{"line":80,"column":4},"end":{"line":82,"column":5}},"27":{"start":{"line":81,"column":6},"end":{"line":81,"column":12}},"28":{"start":{"line":83,"column":4},"end":{"line":89,"column":5}},"29":{"start":{"line":86,"column":24},"end":{"line":86,"column":62}},"30":{"start":{"line":92,"column":4},"end":{"line":94,"column":5}},"31":{"start":{"line":93,"column":6},"end":{"line":93,"column":12}},"32":{"start":{"line":95,"column":4},"end":{"line":101,"column":5}},"33":{"start":{"line":98,"column":24},"end":{"line":98,"column":63}},"34":{"start":{"line":105,"column":4},"end":{"line":112,"column":5}},"35":{"start":{"line":117,"column":24},"end":{"line":124,"column":2}},"36":{"start":{"line":117,"column":34},"end":{"line":124,"column":1}}},"fnMap":{"0":{"name":"(anonymous_0)","decl":{"start":{"line":11,"column":2},"end":{"line":11,"column":3}},"loc":{"start":{"line":11,"column":21},"end":{"line":13,"column":3}},"line":11},"1":{"name":"(anonymous_1)","decl":{"start":{"line":15,"column":2},"end":{"line":15,"column":3}},"loc":{"start":{"line":15,"column":20},"end":{"line":44,"column":3}},"line":15},"2":{"name":"(anonymous_2)","decl":{"start":{"line":46,"column":2},"end":{"line":46,"column":3}},"loc":{"start":{"line":46,"column":17},"end":{"line":60,"column":3}},"line":46},"3":{"name":"(anonymous_3)","decl":{"start":{"line":62,"column":2},"end":{"line":62,"column":3}},"loc":{"start":{"line":62,"column":20},"end":{"line":77,"column":3}},"line":62},"4":{"name":"(anonymous_4)","decl":{"start":{"line":79,"column":2},"end":{"line":79,"column":3}},"loc":{"start":{"line":79,"column":11},"end":{"line":90,"column":3}},"line":79},"5":{"name":"(anonymous_5)","decl":{"start":{"line":86,"column":17},"end":{"line":86,"column":18}},"loc":{"start":{"line":86,"column":23},"end":{"line":86,"column":63}},"line":86},"6":{"name":"(anonymous_6)","decl":{"start":{"line":91,"column":2},"end":{"line":91,"column":3}},"loc":{"start":{"line":91,"column":12},"end":{"line":102,"column":3}},"line":91},"7":{"name":"(anonymous_7)","decl":{"start":{"line":98,"column":17},"end":{"line":98,"column":18}},"loc":{"start":{"line":98,"column":23},"end":{"line":98,"column":64}},"line":98},"8":{"name":"(anonymous_8)","decl":{"start":{"line":104,"column":2},"end":{"line":104,"column":3}},"loc":{"start":{"line":104,"column":10},"end":{"line":113,"column":3}},"line":104},"9":{"name":"(anonymous_9)","decl":{"start":{"line":117,"column":24},"end":{"line":117,"column":25}},"loc":{"start":{"line":117,"column":34},"end":{"line":124,"column":1}},"line":117}},"branchMap":{"0":{"loc":{"start":{"line":16,"column":4},"end":{"line":20,"column":5}},"type":"if","locations":[{"start":{"line":16,"column":4},"end":{"line":20,"column":5}},{"start":{"line":16,"column":4},"end":{"line":20,"column":5}}],"line":16},"1":{"loc":{"start":{"line":21,"column":4},"end":{"line":31,"column":5}},"type":"if","locations":[{"start":{"line":21,"column":4},"end":{"line":31,"column":5}},{"start":{"line":21,"column":4},"end":{"line":31,"column":5}}],"line":21},"2":{"loc":{"start":{"line":34,"column":4},"end":{"line":34,"column":26}},"type":"if","locations":[{"start":{"line":34,"column":4},"end":{"line":34,"column":26}},{"start":{"line":34,"column":4},"end":{"line":34,"column":26}}],"line":34},"3":{"loc":{"start":{"line":38,"column":19},"end":{"line":38,"column":40}},"type":"binary-expr","locations":[{"start":{"line":38,"column":19},"end":{"line":38,"column":34}},{"start":{"line":38,"column":38},"end":{"line":38,"column":40}}],"line":38},"4":{"loc":{"start":{"line":47,"column":4},"end":{"line":49,"column":5}},"type":"if","locations":[{"start":{"line":47,"column":4},"end":{"line":49,"column":5}},{"start":{"line":47,"column":4},"end":{"line":49,"column":5}}],"line":47},"5":{"loc":{"start":{"line":50,"column":4},"end":{"line":52,"column":5}},"type":"if","locations":[{"start":{"line":50,"column":4},"end":{"line":52,"column":5}},{"start":{"line":50,"column":4},"end":{"line":52,"column":5}}],"line":50},"6":{"loc":{"start":{"line":50,"column":7},"end":{"line":50,"column":65}},"type":"binary-expr","locations":[{"start":{"line":50,"column":7},"end":{"line":50,"column":33}},{"start":{"line":50,"column":37},"end":{"line":50,"column":65}}],"line":50},"7":{"loc":{"start":{"line":53,"column":4},"end":{"line":55,"column":5}},"type":"if","locations":[{"start":{"line":53,"column":4},"end":{"line":55,"column":5}},{"start":{"line":53,"column":4},"end":{"line":55,"column":5}}],"line":53},"8":{"loc":{"start":{"line":53,"column":7},"end":{"line":53,"column":65}},"type":"binary-expr","locations":[{"start":{"line":53,"column":7},"end":{"line":53,"column":34}},{"start":{"line":53,"column":38},"end":{"line":53,"column":65}}],"line":53},"9":{"loc":{"start":{"line":56,"column":4},"end":{"line":58,"column":5}},"type":"if","locations":[{"start":{"line":56,"column":4},"end":{"line":58,"column":5}},{"start":{"line":56,"column":4},"end":{"line":58,"column":5}}],"line":56},"10":{"loc":{"start":{"line":56,"column":7},"end":{"line":56,"column":66}},"type":"binary-expr","locations":[{"start":{"line":56,"column":7},"end":{"line":56,"column":34}},{"start":{"line":56,"column":38},"end":{"line":56,"column":66}}],"line":56},"11":{"loc":{"start":{"line":63,"column":4},"end":{"line":69,"column":5}},"type":"if","locations":[{"start":{"line":63,"column":4},"end":{"line":69,"column":5}},{"start":{"line":63,"column":4},"end":{"line":69,"column":5}}],"line":63},"12":{"loc":{"start":{"line":64,"column":6},"end":{"line":68,"column":7}},"type":"if","locations":[{"start":{"line":64,"column":6},"end":{"line":68,"column":7}},{"start":{"line":64,"column":6},"end":{"line":68,"column":7}}],"line":64},"13":{"loc":{"start":{"line":70,"column":4},"end":{"line":76,"column":5}},"type":"if","locations":[{"start":{"line":70,"column":4},"end":{"line":76,"column":5}},{"start":{"line":70,"column":4},"end":{"line":76,"column":5}}],"line":70},"14":{"loc":{"start":{"line":71,"column":6},"end":{"line":75,"column":7}},"type":"if","locations":[{"start":{"line":71,"column":6},"end":{"line":75,"column":7}},{"start":{"line":71,"column":6},"end":{"line":75,"column":7}}],"line":71},"15":{"loc":{"start":{"line":80,"column":4},"end":{"line":82,"column":5}},"type":"if","locations":[{"start":{"line":80,"column":4},"end":{"line":82,"column":5}},{"start":{"line":80,"column":4},"end":{"line":82,"column":5}}],"line":80},"16":{"loc":{"start":{"line":92,"column":4},"end":{"line":94,"column":5}},"type":"if","locations":[{"start":{"line":92,"column":4},"end":{"line":94,"column":5}},{"start":{"line":92,"column":4},"end":{"line":94,"column":5}}],"line":92}},"s":{"0":0,"1":1,"2":1,"3":0,"4":0,"5":0,"6":0,"7":0,"8":0,"9":1,"10":0,"11":1,"12":0,"13":1,"14":0,"15":1,"16":1,"17":0,"18":2,"19":1,"20":0,"21":1,"22":1,"23":1,"24":0,"25":1,"26":1,"27":0,"28":1,"29":0,"30":1,"31":0,"32":1,"33":0,"34":1,"35":2,"36":0},"f":{"0":0,"1":1,"2":1,"3":2,"4":1,"5":0,"6":1,"7":0,"8":1,"9":0},"b":{"0":[1,0],"1":[0,0],"2":[0,0],"3":[0,0],"4":[0,1],"5":[0,1],"6":[1,0],"7":[0,1],"8":[1,1],"9":[1,0],"10":[1,1],"11":[1,1],"12":[0,1],"13":[1,0],"14":[0,1],"15":[0,1],"16":[0,1]},"_coverageSchema":"332fd63041d2c1bcb487cc26dd0d5f7d97098a6c","hash":"d9bade3f4052ceadab91ec943aa6449763969b59"}
,"/Users/johnbrown/Desktop/projects/mailtroopers/client/src/components/dashboard/main/version/Version.js": {"path":"/Users/johnbrown/Desktop/projects/mailtroopers/client/src/components/dashboard/main/version/Version.js","statementMap":{"0":{"start":{"line":10,"column":24},"end":{"line":15,"column":3}},"1":{"start":{"line":11,"column":20},"end":{"line":11,"column":47}},"2":{"start":{"line":12,"column":4},"end":{"line":14,"column":5}},"3":{"start":{"line":13,"column":6},"end":{"line":13,"column":51}},"4":{"start":{"line":17,"column":18},"end":{"line":31,"column":3}},"5":{"start":{"line":18,"column":4},"end":{"line":20,"column":5}},"6":{"start":{"line":19,"column":6},"end":{"line":19,"column":12}},"7":{"start":{"line":22,"column":4},"end":{"line":30,"column":5}},"8":{"start":{"line":24,"column":57},"end":{"line":24,"column":74}},"9":{"start":{"line":28,"column":58},"end":{"line":28,"column":74}},"10":{"start":{"line":32,"column":2},"end":{"line":36,"column":3}},"11":{"start":{"line":39,"column":24},"end":{"line":42,"column":2}},"12":{"start":{"line":39,"column":34},"end":{"line":42,"column":1}}},"fnMap":{"0":{"name":"Version","decl":{"start":{"line":8,"column":9},"end":{"line":8,"column":16}},"loc":{"start":{"line":8,"column":25},"end":{"line":37,"column":1}},"line":8},"1":{"name":"(anonymous_1)","decl":{"start":{"line":10,"column":24},"end":{"line":10,"column":25}},"loc":{"start":{"line":10,"column":31},"end":{"line":15,"column":3}},"line":10},"2":{"name":"(anonymous_2)","decl":{"start":{"line":17,"column":18},"end":{"line":17,"column":19}},"loc":{"start":{"line":17,"column":24},"end":{"line":31,"column":3}},"line":17},"3":{"name":"(anonymous_3)","decl":{"start":{"line":24,"column":51},"end":{"line":24,"column":52}},"loc":{"start":{"line":24,"column":57},"end":{"line":24,"column":74}},"line":24},"4":{"name":"(anonymous_4)","decl":{"start":{"line":28,"column":52},"end":{"line":28,"column":53}},"loc":{"start":{"line":28,"column":58},"end":{"line":28,"column":74}},"line":28},"5":{"name":"(anonymous_5)","decl":{"start":{"line":39,"column":24},"end":{"line":39,"column":25}},"loc":{"start":{"line":39,"column":34},"end":{"line":42,"column":1}},"line":39}},"branchMap":{"0":{"loc":{"start":{"line":12,"column":4},"end":{"line":14,"column":5}},"type":"if","locations":[{"start":{"line":12,"column":4},"end":{"line":14,"column":5}},{"start":{"line":12,"column":4},"end":{"line":14,"column":5}}],"line":12},"1":{"loc":{"start":{"line":12,"column":7},"end":{"line":12,"column":74}},"type":"binary-expr","locations":[{"start":{"line":12,"column":7},"end":{"line":12,"column":18}},{"start":{"line":12,"column":22},"end":{"line":12,"column":74}}],"line":12},"2":{"loc":{"start":{"line":18,"column":4},"end":{"line":20,"column":5}},"type":"if","locations":[{"start":{"line":18,"column":4},"end":{"line":20,"column":5}},{"start":{"line":18,"column":4},"end":{"line":20,"column":5}}],"line":18},"3":{"loc":{"start":{"line":18,"column":7},"end":{"line":18,"column":78}},"type":"binary-expr","locations":[{"start":{"line":18,"column":7},"end":{"line":18,"column":30}},{"start":{"line":18,"column":34},"end":{"line":18,"column":78}}],"line":18}},"s":{"0":0,"1":0,"2":0,"3":0,"4":0,"5":0,"6":0,"7":0,"8":0,"9":0,"10":0,"11":3,"12":0},"f":{"0":0,"1":0,"2":0,"3":0,"4":0,"5":0},"b":{"0":[0,0],"1":[0,0],"2":[0,0],"3":[0,0]},"_coverageSchema":"332fd63041d2c1bcb487cc26dd0d5f7d97098a6c","hash":"6d9b8f2448b616a2c02aea2cdddd696f11557878"}
,"/Users/johnbrown/Desktop/projects/mailtroopers/client/src/components/dashboard/right-sidebar/RightSidebar.js": {"path":"/Users/johnbrown/Desktop/projects/mailtroopers/client/src/components/dashboard/right-sidebar/RightSidebar.js","statementMap":{"0":{"start":{"line":14,"column":4},"end":{"line":16,"column":5}},"1":{"start":{"line":15,"column":6},"end":{"line":15,"column":39}},"2":{"start":{"line":17,"column":4},"end":{"line":19,"column":5}},"3":{"start":{"line":18,"column":6},"end":{"line":18,"column":43}},"4":{"start":{"line":20,"column":4},"end":{"line":22,"column":5}},"5":{"start":{"line":21,"column":6},"end":{"line":21,"column":52}},"6":{"start":{"line":23,"column":4},"end":{"line":23,"column":26}},"7":{"start":{"line":27,"column":4},"end":{"line":33,"column":5}},"8":{"start":{"line":28,"column":6},"end":{"line":32,"column":7}},"9":{"start":{"line":29,"column":8},"end":{"line":29,"column":37}},"10":{"start":{"line":31,"column":8},"end":{"line":31,"column":58}},"11":{"start":{"line":34,"column":4},"end":{"line":40,"column":5}},"12":{"start":{"line":35,"column":6},"end":{"line":39,"column":7}},"13":{"start":{"line":36,"column":8},"end":{"line":36,"column":41}},"14":{"start":{"line":38,"column":8},"end":{"line":38,"column":66}},"15":{"start":{"line":44,"column":4},"end":{"line":68,"column":5}},"16":{"start":{"line":49,"column":28},"end":{"line":49,"column":59}},"17":{"start":{"line":60,"column":28},"end":{"line":60,"column":63}},"18":{"start":{"line":72,"column":24},"end":{"line":75,"column":2}},"19":{"start":{"line":72,"column":34},"end":{"line":75,"column":1}}},"fnMap":{"0":{"name":"(anonymous_0)","decl":{"start":{"line":13,"column":2},"end":{"line":13,"column":3}},"loc":{"start":{"line":13,"column":15},"end":{"line":24,"column":3}},"line":13},"1":{"name":"(anonymous_1)","decl":{"start":{"line":26,"column":2},"end":{"line":26,"column":3}},"loc":{"start":{"line":26,"column":20},"end":{"line":41,"column":3}},"line":26},"2":{"name":"(anonymous_2)","decl":{"start":{"line":43,"column":2},"end":{"line":43,"column":3}},"loc":{"start":{"line":43,"column":10},"end":{"line":69,"column":3}},"line":43},"3":{"name":"(anonymous_3)","decl":{"start":{"line":49,"column":21},"end":{"line":49,"column":22}},"loc":{"start":{"line":49,"column":27},"end":{"line":49,"column":60}},"line":49},"4":{"name":"(anonymous_4)","decl":{"start":{"line":60,"column":21},"end":{"line":60,"column":22}},"loc":{"start":{"line":60,"column":27},"end":{"line":60,"column":64}},"line":60},"5":{"name":"(anonymous_5)","decl":{"start":{"line":72,"column":24},"end":{"line":72,"column":25}},"loc":{"start":{"line":72,"column":34},"end":{"line":75,"column":1}},"line":72}},"branchMap":{"0":{"loc":{"start":{"line":14,"column":4},"end":{"line":16,"column":5}},"type":"if","locations":[{"start":{"line":14,"column":4},"end":{"line":16,"column":5}},{"start":{"line":14,"column":4},"end":{"line":16,"column":5}}],"line":14},"1":{"loc":{"start":{"line":14,"column":7},"end":{"line":14,"column":54}},"type":"binary-expr","locations":[{"start":{"line":14,"column":7},"end":{"line":14,"column":27}},{"start":{"line":14,"column":31},"end":{"line":14,"column":54}}],"line":14},"2":{"loc":{"start":{"line":17,"column":4},"end":{"line":19,"column":5}},"type":"if","locations":[{"start":{"line":17,"column":4},"end":{"line":19,"column":5}},{"start":{"line":17,"column":4},"end":{"line":19,"column":5}}],"line":17},"3":{"loc":{"start":{"line":17,"column":7},"end":{"line":17,"column":54}},"type":"binary-expr","locations":[{"start":{"line":17,"column":7},"end":{"line":17,"column":26}},{"start":{"line":17,"column":30},"end":{"line":17,"column":54}}],"line":17},"4":{"loc":{"start":{"line":20,"column":4},"end":{"line":22,"column":5}},"type":"if","locations":[{"start":{"line":20,"column":4},"end":{"line":22,"column":5}},{"start":{"line":20,"column":4},"end":{"line":22,"column":5}}],"line":20},"5":{"loc":{"start":{"line":20,"column":7},"end":{"line":20,"column":55}},"type":"binary-expr","locations":[{"start":{"line":20,"column":7},"end":{"line":20,"column":27}},{"start":{"line":20,"column":31},"end":{"line":20,"column":55}}],"line":20},"6":{"loc":{"start":{"line":27,"column":4},"end":{"line":33,"column":5}},"type":"if","locations":[{"start":{"line":27,"column":4},"end":{"line":33,"column":5}},{"start":{"line":27,"column":4},"end":{"line":33,"column":5}}],"line":27},"7":{"loc":{"start":{"line":28,"column":6},"end":{"line":32,"column":7}},"type":"if","locations":[{"start":{"line":28,"column":6},"end":{"line":32,"column":7}},{"start":{"line":28,"column":6},"end":{"line":32,"column":7}}],"line":28},"8":{"loc":{"start":{"line":34,"column":4},"end":{"line":40,"column":5}},"type":"if","locations":[{"start":{"line":34,"column":4},"end":{"line":40,"column":5}},{"start":{"line":34,"column":4},"end":{"line":40,"column":5}}],"line":34},"9":{"loc":{"start":{"line":35,"column":6},"end":{"line":39,"column":7}},"type":"if","locations":[{"start":{"line":35,"column":6},"end":{"line":39,"column":7}},{"start":{"line":35,"column":6},"end":{"line":39,"column":7}}],"line":35}},"s":{"0":0,"1":0,"2":0,"3":0,"4":0,"5":0,"6":0,"7":0,"8":0,"9":0,"10":0,"11":0,"12":0,"13":0,"14":0,"15":0,"16":0,"17":0,"18":1,"19":0},"f":{"0":0,"1":0,"2":0,"3":0,"4":0,"5":0},"b":{"0":[0,0],"1":[0,0],"2":[0,0],"3":[0,0],"4":[0,0],"5":[0,0],"6":[0,0],"7":[0,0],"8":[0,0],"9":[0,0]},"_coverageSchema":"332fd63041d2c1bcb487cc26dd0d5f7d97098a6c","hash":"3cd7f4b09983c9de7ff27165e0a66bbb236af9e2"}
,"/Users/johnbrown/Desktop/projects/mailtroopers/client/src/components/dashboard/right-sidebar/comments/Comments.js": {"path":"/Users/johnbrown/Desktop/projects/mailtroopers/client/src/components/dashboard/right-sidebar/comments/Comments.js","statementMap":{"0":{"start":{"line":12,"column":4},"end":{"line":12,"column":16}},"1":{"start":{"line":14,"column":4},"end":{"line":14,"column":60}},"2":{"start":{"line":18,"column":4},"end":{"line":31,"column":5}},"3":{"start":{"line":20,"column":18},"end":{"line":20,"column":93}},"4":{"start":{"line":22,"column":6},"end":{"line":30,"column":8}},"5":{"start":{"line":23,"column":8},"end":{"line":29,"column":14}},"6":{"start":{"line":35,"column":4},"end":{"line":43,"column":5}},"7":{"start":{"line":37,"column":8},"end":{"line":42,"column":14}},"8":{"start":{"line":47,"column":4},"end":{"line":47,"column":22}},"9":{"start":{"line":48,"column":4},"end":{"line":48,"column":43}},"10":{"start":{"line":52,"column":4},"end":{"line":57,"column":5}},"11":{"start":{"line":61,"column":24},"end":{"line":64,"column":2}},"12":{"start":{"line":61,"column":34},"end":{"line":64,"column":1}}},"fnMap":{"0":{"name":"(anonymous_0)","decl":{"start":{"line":11,"column":2},"end":{"line":11,"column":3}},"loc":{"start":{"line":11,"column":20},"end":{"line":15,"column":3}},"line":11},"1":{"name":"(anonymous_1)","decl":{"start":{"line":17,"column":2},"end":{"line":17,"column":3}},"loc":{"start":{"line":17,"column":13},"end":{"line":32,"column":3}},"line":17},"2":{"name":"(anonymous_2)","decl":{"start":{"line":22,"column":21},"end":{"line":22,"column":22}},"loc":{"start":{"line":22,"column":41},"end":{"line":30,"column":7}},"line":22},"3":{"name":"(anonymous_3)","decl":{"start":{"line":34,"column":2},"end":{"line":34,"column":3}},"loc":{"start":{"line":34,"column":15},"end":{"line":44,"column":3}},"line":34},"4":{"name":"(anonymous_4)","decl":{"start":{"line":46,"column":2},"end":{"line":46,"column":3}},"loc":{"start":{"line":46,"column":21},"end":{"line":49,"column":3}},"line":46},"5":{"name":"(anonymous_5)","decl":{"start":{"line":51,"column":2},"end":{"line":51,"column":3}},"loc":{"start":{"line":51,"column":10},"end":{"line":58,"column":3}},"line":51},"6":{"name":"(anonymous_6)","decl":{"start":{"line":61,"column":24},"end":{"line":61,"column":25}},"loc":{"start":{"line":61,"column":34},"end":{"line":64,"column":1}},"line":61}},"branchMap":{"0":{"loc":{"start":{"line":18,"column":4},"end":{"line":31,"column":5}},"type":"if","locations":[{"start":{"line":18,"column":4},"end":{"line":31,"column":5}},{"start":{"line":18,"column":4},"end":{"line":31,"column":5}}],"line":18},"1":{"loc":{"start":{"line":18,"column":7},"end":{"line":19,"column":47}},"type":"binary-expr","locations":[{"start":{"line":18,"column":7},"end":{"line":18,"column":34}},{"start":{"line":19,"column":4},"end":{"line":19,"column":47}}],"line":18},"2":{"loc":{"start":{"line":35,"column":4},"end":{"line":43,"column":5}},"type":"if","locations":[{"start":{"line":35,"column":4},"end":{"line":43,"column":5}},{"start":{"line":35,"column":4},"end":{"line":43,"column":5}}],"line":35},"3":{"loc":{"start":{"line":35,"column":7},"end":{"line":36,"column":49}},"type":"binary-expr","locations":[{"start":{"line":35,"column":7},"end":{"line":35,"column":34}},{"start":{"line":36,"column":6},"end":{"line":36,"column":49}}],"line":35}},"s":{"0":0,"1":0,"2":0,"3":0,"4":0,"5":0,"6":0,"7":0,"8":0,"9":0,"10":0,"
[...]
}},"19":{"start":{"line":17,"column":2},"end":{"line":56,"column":3}},"20":{"start":{"line":18,"column":4},"end":{"line":18,"column":84}},"21":{"start":{"line":20,"column":2},"end":{"line":56,"column":3}},"22":{"start":{"line":21,"column":4},"end":{"line":22,"column":81}},"23":{"start":{"line":22,"column":43},"end":{"line":22,"column":76}},"24":{"start":{"line":25,"column":2},"end":{"line":56,"column":3}},"25":{"start":{"line":26,"column":4},"end":{"line":26,"column":75}},"26":{"start":{"line":28,"column":2},"end":{"line":56,"column":3}},"27":{"start":{"line":29,"column":4},"end":{"line":29,"column":72}},"28":{"start":{"line":31,"column":2},"end":{"line":56,"column":3}},"29":{"start":{"line":32,"column":23},"end":{"line":32,"column":41}},"30":{"start":{"line":33,"column":4},"end":{"line":40,"column":40}},"31":{"start":{"line":35,"column":8},"end":{"line":37,"column":9}},"32":{"start":{"line":36,"column":10},"end":{"line":36,"column":31}},"33":{"start":{"line":38,"column":8},"end":{"line":38,"column":21}},"34":{"start":{"line":43,"column":2},"end":{"line":56,"column":3}},"35":{"start":{"line":44,"column":23},"end":{"line":44,"column":44}},"36":{"start":{"line":45,"column":4},"end":{"line":45,"column":30}},"37":{"start":{"line":47,"column":4},"end":{"line":54,"column":40}},"38":{"start":{"line":49,"column":8},"end":{"line":51,"column":9}},"39":{"start":{"line":50,"column":10},"end":{"line":50,"column":31}},"40":{"start":{"line":52,"column":8},"end":{"line":52,"column":21}},"41":{"start":{"line":58,"column":2},"end":{"line":58,"column":15}}},"fnMap":{"0":{"name":"_interopRequireWildcard","decl":{"start":{"line":1,"column":204},"end":{"line":1,"column":227}},"loc":{"start":{"line":1,"column":233},"end":{"line":1,"column":451}},"line":1},"1":{"name":"(anonymous_1)","decl":{"start":{"line":10,"column":44},"end":{"line":10,"column":45}},"loc":{"start":{"line":10,"column":78},"end":{"line":59,"column":1}},"line":10},"2":{"name":"(anonymous_2)","decl":{"start":{"line":22,"column":34},"end":{"line":22,"column":35}},"loc":{"start":{"line":22,"column":43},"end":{"line":22,"column":76}},"line":22},"3":{"name":"(anonymous_3)","decl":{"start":{"line":34,"column":31},"end":{"line":34,"column":32}},"loc":{"start":{"line":34,"column":40},"end":{"line":39,"column":7}},"line":34},"4":{"name":"(anonymous_4)","decl":{"start":{"line":48,"column":31},"end":{"line":48,"column":32}},"loc":{"start":{"line":48,"column":40},"end":{"line":53,"column":7}},"line":48}},"branchMap":{"0":{"loc":{"start":{"line":1,"column":234},"end":{"line":1,"column":450}},"type":"if","locations":[{"start":{"line":1,"column":234},"end":{"line":1,"column":450}},{"start":{"line":1,"column":234},"end":{"line":1,"column":450}}],"line":1},"1":{"loc":{"start":{"line":1,"column":238},"end":{"line":1,"column":259}},"type":"binary-expr","locations":[{"start":{"line":1,"column":238},"end":{"line":1,"column":241}},{"start":{"line":1,"column":245},"end":{"line":1,"column":259}}],"line":1},"2":{"loc":{"start":{"line":1,"column":297},"end":{"line":1,"column":414}},"type":"if","locations":[{"start":{"line":1,"column":297},"end":{"line":1,"column":414}},{"start":{"line":1,"column":297},"end":{"line":1,"column":414}}],"line":1},"3":{"loc":{"start":{"line":1,"column":337},"end":{"line":1,"column":412}},"type":"if","locations":[{"start":{"line":1,"column":337},"end":{"line":1,"column":412}},{"start":{"line":1,"column":337},"end":{"line":1,"column":412}}],"line":1},"4":{"loc":{"start":{"line":10,"column":45},"end":{"line":10,"column":65}},"type":"default-arg","locations":[{"start":{"line":10,"column":53},"end":{"line":10,"column":65}}],"line":10},"5":{"loc":{"start":{"line":11,"column":2},"end":{"line":56,"column":3}},"type":"if","locations":[{"start":{"line":11,"column":2},"end":{"line":56,"column":3}},{"start":{"line":11,"column":2},"end":{"line":56,"column":3}}],"line":11},"6":{"loc":{"start":{"line":14,"column":2},"end":{"line":56,"column":3}},"type":"if","locations":[{"start":{"line":14,"column":2},"end":{"line":56,"column":3}},{"start":{"line":14,"column":2},"end":{"line":56,"column":3}}],"line":14},"7":{"loc":{"start":{"line":17,"column":2},"end":{"line":56,"column":3}},"type":"if","locations":[{"start":{"line":17,"column":2},"end":{"line":56,"column":3}},{"start":{"line":17,"column":2},"end":{"line":56,"column":3}}],"line":17},"8":{"loc":{"start":{"line":20,"column":2},"end":{"line":56,"column":3}},"type":"if","locations":[{"start":{"line":20,"column":2},"end":{"line":56,"column":3}},{"start":{"line":20,"column":2},"end":{"line":56,"column":3}}],"line":20},"9":{"loc":{"start":{"line":25,"column":2},"end":{"line":56,"column":3}},"type":"if","locations":[{"start":{"line":25,"column":2},"end":{"line":56,"column":3}},{"start":{"line":25,"column":2},"end":{"line":56,"column":3}}],"line":25},"10":{"loc":{"start":{"line":28,"column":2},"end":{"line":56,"column":3}},"type":"if","locations":[{"start":{"line":28,"column":2},"end":{"line":56,"column":3}},{"start":{"line":28,"column":2},"end":{"line":56,"column":3}}],"line":28},"11":{"loc":{"start":{"line":31,"column":2},"end":{"line":56,"column":3}},"type":"if","locations":[{"start":{"line":31,"column":2},"end":{"line":56,"column":3}},{"start":{"line":31,"column":2},"end":{"line":56,"column":3}}],"line":31},"12":{"loc":{"start":{"line":35,"column":8},"end":{"line":37,"column":9}},"type":"if","locations":[{"start":{"line":35,"column":8},"end":{"line":37,"column":9}},{"start":{"line":35,"column":8},"end":{"line":37,"column":9}}],"line":35},"13":{"loc":{"start":{"line":43,"column":2},"end":{"line":56,"column":3}},"type":"if","locations":[{"start":{"line":43,"column":2},"end":{"line":56,"column":3}},{"start":{"line":43,"column":2},"end":{"line":56,"column":3}}],"line":43},"14":{"loc":{"start":{"line":49,"column":8},"end":{"line":51,"column":9}},"type":"if","locations":[{"start":{"line":49,"column":8},"end":{"line":51,"column":9}},{"start":{"line":49,"column":8},"end":{"line":51,"column":9}}],"line":49}},"s":{"0":0,"1":0,"2":0,"3":0,"4":0,"5":0,"6":0,"7":0,"8":0,"9":0,"10":0,"11":0,"12":0,"13":0,"14":0,"15":0,"16":0,"17":0,"18":0,"19":0,"20":0,"21":0,"22":0,"23":0,"24":0,"25":0,"26":0,"27":0,"28":0,"29":0,"30":0,"31":0,"32":0,"33":0,"34":0,"35":0,"36":0,"37":0,"38":0,"39":0,"40":0,"41":0},"f":{"0":0,"1":0,"2":0,"3":0,"4":0},"b":{"0":[0,0],"1":[0,0],"2":[0,0],"3":[0,0],"4":[0],"5":[0,0],"6":[0,0],"7":[0,0],"8":[0,0],"9":[0,0],"10":[0,0],"11":[0,0],"12":[0,0],"13":[0,0],"14":[0,0]}}
,"/Users/johnbrown/Desktop/projects/mailtroopers/client/src/reducers/index.js": {"path":"/Users/johnbrown/Desktop/projects/mailtroopers/client/src/reducers/index.js","statementMap":{"0":{"start":{"line":1,"column":13},"end":{"line":1,"column":75}},"1":{"start":{"line":1,"column":75},"end":{"line":1,"column":114}},"2":{"start":{"line":1,"column":129},"end":{"line":1,"column":150}},"3":{"start":{"line":1,"column":165},"end":{"line":1,"column":198}},"4":{"start":{"line":1,"column":238},"end":{"line":1,"column":454}},"5":{"start":{"line":1,"column":266},"end":{"line":1,"column":277}},"6":{"start":{"line":1,"column":298},"end":{"line":1,"column":300}},"7":{"start":{"line":1,"column":301},"end":{"line":1,"column":418}},"8":{"start":{"line":1,"column":319},"end":{"line":1,"column":417}},"9":{"start":{"line":1,"column":341},"end":{"line":1,"column":416}},"10":{"start":{"line":1,"column":393},"end":{"line":1,"column":416}},"11":{"start":{"line":1,"column":418},"end":{"line":1,"column":439}},"12":{"start":{"line":1,"column":439},"end":{"line":1,"column":453}},"13":{"start":{"line":3,"column":21},"end":{"line":11,"column":27}},"14":{"start":{"line":14,"column":27},"end":{"line":31,"column":1}},"15":{"start":{"line":15,"column":2},"end":{"line":29,"column":3}},"16":{"start":{"line":16,"column":4},"end":{"line":16,"column":81}},"17":{"start":{"line":18,"column":2},"end":{"line":29,"column":3}},"18":{"start":{"line":19,"column":4},"end":{"line":19,"column":83}},"19":{"start":{"line":21,"column":2},"end":{"line":29,"column":3}},"20":{"start":{"line":22,"column":4},"end":{"line":22,"column":67}},"21":{"start":{"line":24,"column":2},"end":{"line":29,"column":3}},"22":{"start":{"line":25,"column":4},"end":{"line":25,"column":75}},"23":{"start":{"line":27,"column":2},"end":{"line":29,"column":3}},"24":{"start":{"line":28,"column":4},"end":{"line":28,"column":71}},"25":{"start":{"line":30,"column":2},"end":{"line":30,"column":15}}},"fnMap":{"0":{"name":"_interopRequireWildcard","decl":{"start":{"line":1,"column":208},"end":{"line":1,"column":231}},"loc":{"start":{"line":1,"column":237},"end":{"line":1,"column":455}},"line":1},"1":{"name":"(anonymous_1)","decl":{"start":{"line":14,"column":56},"end":{"line":14,"column":57}},"loc":{"start":{"line":14,"column":90},"end":{"line":31,"column":1}},"line":14}},"branchMap":{"0":{"loc":{"start":{"line":1,"column":238},"end":{"line":1,"column":454}},"type":"if","locations":[{"start":{"line":1,"column":238},"end":{"line":1,"column":454}},{"start":{"line":1,"column":238},"end":{"line":1,"column":454}}],"line":1},"1":{"loc":{"start":{"line":1,"column":242},"end":{"line":1,"column":263}},"type":"binary-expr","locations":[{"start":{"line":1,"column":242},"end":{"line":1,"column":245}},{"start":{"line":1,"column":249},"end":{"line":1,"column":263}}],"line":1},"2":{"loc":{"start":{"line":1,"column":301},"end":{"line":1,"column":418}},"type":"if","locations":[{"start":{"line":1,"column":301},"end":{"line":1,"column":418}},{"start":{"line":1,"column":301},"end":{"line":1,"column":418}}],"line":1},"3":{"loc":{"start":{"line":1,"column":341},"end":{"line":1,"column":416}},"type":"if","locations":[{"start":{"line":1,"column":341},"end":{"line":1,"column":416}},{"start":{"line":1,"column":341},"end":{"line":1,"column":416}}],"line":1},"4":{"loc":{"start":{"line":14,"column":57},"end":{"line":14,"column":77}},"type":"default-arg","locations":[{"start":{"line":14,"column":65},"end":{"line":14,"column":77}}],"line":14},"5":{"loc":{"start":{"line":15,"column":2},"end":{"line":29,"column":3}},"type":"if","locations":[{"start":{"line":15,"column":2},"end":{"line":29,"column":3}},{"start":{"line":15,"column":2},"end":{"line":29,"column":3}}],"line":15},"6":{"loc":{"start":{"line":18,"column":2},"end":{"line":29,"column":3}},"type":"if","locations":[{"start":{"line":18,"column":2},"end":{"line":29,"column":3}},{"start":{"line":18,"column":2},"end":{"line":29,"column":3}}],"line":18},"7":{"loc":{"start":{"line":21,"column":2},"end":{"line":29,"column":3}},"type":"if","locations":[{"start":{"line":21,"column":2},"end":{"line":29,"column":3}},{"start":{"line":21,"column":2},"end":{"line":29,"column":3}}],"line":21},"8":{"loc":{"start":{"line":24,"column":2},"end":{"line":29,"column":3}},"type":"if","locations":[{"start":{"line":24,"column":2},"end":{"line":29,"column":3}},{"start":{"line":24,"column":2},"end":{"line":29,"column":3}}],"line":24},"9":{"loc":{"start":{"line":27,"column":2},"end":{"line":29,"column":3}},"type":"if","locations":[{"start":{"line":27,"column":2},"end":{"line":29,"column":3}},{"start":{"line":27,"column":2},"end":{"line":29,"column":3}}],"line":27}},"s":{"0":0,"1":0,"2":0,"3":0,"4":0,"5":0,"6":0,"7":0,"8":0,"9":0,"10":0,"11":0,"12":0,"13":0,"14":0,"15":0,"16":0,"17":0,"18":0,"19":0,"20":0,"21":0,"22":0,"23":0,"24":0,"25":0},"f":{"0":0,"1":0},"b":{"0":[0,0],"1":[0,0],"2":[0,0],"3":[0,0],"4":[0],"5":[0,0],"6":[0,0],"7":[0,0],"8":[0,0],"9":[0,0]}}
,"/Users/johnbrown/Desktop/projects/mailtroopers/client/src/reducers/io.js": {"path":"/Users/johnbrown/Desktop/projects/mailtroopers/client/src/reducers/io.js","statementMap":{"0":{"start":{"line":1,"column":13},"end":{"line":1,"column":75}},"1":{"start":{"line":1,"column":75},"end":{"line":1,"column":105}},"2":{"start":{"line":1,"column":115},"end":{"line":1,"column":139}},"3":{"start":{"line":3,"column":21},"end":{"line":4,"column":16}},"4":{"start":{"line":7,"column":18},"end":{"line":18,"column":1}},"5":{"start":{"line":8,"column":2},"end":{"line":16,"column":3}},"6":{"start":{"line":9,"column":4},"end":{"line":10,"column":31}},"7":{"start":{"line":12,"column":9},"end":{"line":16,"column":3}},"8":{"start":{"line":13,"column":4},"end":{"line":14,"column":22}},"9":{"start":{"line":17,"column":2},"end":{"line":17,"column":15}}},"fnMap":{"0":{"name":"(anonymous_0)","decl":{"start":{"line":7,"column":38},"end":{"line":7,"column":39}},"loc":{"start":{"line":7,"column":72},"end":{"line":18,"column":1}},"line":7}},"branchMap":{"0":{"loc":{"start":{"line":7,"column":39},"end":{"line":7,"column":59}},"type":"default-arg","locations":[{"start":{"line":7,"column":47},"end":{"line":7,"column":59}}],"line":7},"1":{"loc":{"start":{"line":8,"column":2},"end":{"line":16,"column":3}},"type":"if","locations":[{"start":{"line":8,"column":2},"end":{"line":16,"column":3}},{"start":{"line":8,"column":2},"end":{"line":16,"column":3}}],"line":8},"2":{"loc":{"start":{"line":12,"column":9},"end":{"line":16,"column":3}},"type":"if","locations":[{"start":{"line":12,"column":9},"end":{"line":16,"column":3}},{"start":{"line":12,"column":9},"end":{"line":16,"column":3}}],"line":12}},"s":{"0":0,"1":0,"2":0,"3":0,"4":0,"5":0,"6":0,"7":0,"8":0,"9":0},"f":{"0":0},"b":{"0":[0],"1":[0,0],"2":[0,0]}}
,"/Users/johnbrown/Desktop/projects/mailtroopers/client/src/reducers/modal.js": {"path":"/Users/johnbrown/Desktop/projects/mailtroopers/client/src/reducers/modal.js","statementMap":{"0":{"start":{"line":1,"column":13},"end":{"line":1,"column":75}},"1":{"start":{"line":1,"column":75},"end":{"line":1,"column":108}},"2":{"start":{"line":1,"column":121},"end":{"line":1,"column":148}},"3":{"start":{"line":1,"column":163},"end":{"line":1,"column":194}},"4":{"start":{"line":1,"column":234},"end":{"line":1,"column":450}},"5":{"start":{"line":1,"column":262},"end":{"line":1,"column":273}},"6":{"start":{"line":1,"column":294},"end":{"line":1,"column":296}},"7":{"start":{"line":1,"column":297},"end":{"line":1,"column":414}},"8":{"start":{"line":1,"column":315},"end":{"line":1,"column":413}},"9":{"start":{"line":1,"column":337},"end":{"line":1,"column":412}},"10":{"start":{"line":1,"column":389},"end":{"line":1,"column":412}},"11":{"start":{"line":1,"column":414},"end":{"line":1,"column":435}},"12":{"start":{"line":1,"column":435},"end":{"line":1,"column":449}},"13":{"start":{"line":3,"column":21},"end":{"line":6,"column":27}},"14":{"start":{"line":9,"column":21},"end":{"line":20,"column":1}},"15":{"start":{"line":10,"column":2},"end":{"line":18,"column":3}},"16":{"start":{"line":11,"column":4},"end":{"line":11,"column":75}},"17":{"start":{"line":13,"column":2},"end":{"line":18,"column":3}},"18":{"start":{"line":14,"column":4},"end":{"line":14,"column":75}},"19":{"start":{"line":16,"column":2},"end":{"line":18,"column":3}},"20":{"start":{"line":17,"column":4},"end":{"line":17,"column":83}},"21":{"start":{"line":19,"column":2},"end":{"line":19,"column":15}}},"fnMap":{"0":{"name":"_interopRequireWildcard","decl":{"start":{"line":1,"column":204},"end":{"line":1,"column":227}},"loc":{"start":{"line":1,"column":233},"end":{"line":1,"column":451}},"line":1},"1":{"name":"(anonymous_1)","decl":{"start":{"line":9,"column":44},"end":{"line":9,"column":45}},"loc":{"start":{"line":9,"column":78},"end":{"line":20,"column":1}},"line":9}},"branchMap":{"0":{"loc":{"start":{"line":1,"column":234},"end":{"line":1,"column":450}},"type":"if","locations":[{"start":{"line":1,"column":234},"end":{"line":1,"column":450}},{"start":{"line":1,"column":234},"end":{"line":1,"column":450}}],"line":1},"1":{"loc":{"start":{"line":1,"column":238},"end":{"line":1,"column":259}},"type":"binary-expr","locations":[{"start":{"line":1,"column":238},"end":{"line":1,"column":241}},{"start":{"line":1,"column":245},"end":{"line":1,"column":259}}],"line":1},"2":{"loc":{"start":{"line":1,"column":297},"end":{"line":1,"column":414}},"type":"if","locations":[{"start":{"line":1,"column":297},"end":{"line":1,"column":414}},{"start":{"line":1,"column":297},"end":{"line":1,"column":414}}],"line":1},"3":{"loc":{"start":{"line":1,"column":337},"end":{"line":1,"column":412}},"type":"if","locations":[{"start":{"line":1,"column":337},"end":{"line":1,"column":412}},{"start":{"line":1,"column":337},"end":{"line":1,"column":412}}],"line":1},"4":{"loc":{"start":{"line":9,"column":45},"end":{"line":9,"column":65}},"type":"default-arg","locations":[{"start":{"line":9,"column":53},"end":{"line":9,"column":65}}],"line":9},"5":{"loc":{"start":{"line":10,"column":2},"end":{"line":18,"column":3}},"type":"if","locations":[{"start":{"line":10,"column":2},"end":{"line":18,"column":3}},{"start":{"line":10,"column":2},"end":{"line":18,"column":3}}],"line":10},"6":{"loc":{"start":{"line":13,"column":2},"end":{"line":18,"column":3}},"type":"if","locations":[{"start":{"line":13,"column":2},"end":{"line":18,"column":3}},{"start":{"line":13,"column":2},"end":{"line":18,"column":3}}],"line":13},"7":{"loc":{"start":{"line":16,"column":2},"end":{"line":18,"column":3}},"type":"if","locations":[{"start":{"line":16,"column":2},"end":{"line":18,"column":3}},{"start":{"line":16,"column":2},"end":{"line":18,"column":3}}],"line":16}},"s":{"0":0,"1":0,"2":0,"3":0,"4":0,"5":0,"6":0,"7":0,"8":0,"9":0,"10":0,"11":0,"12":0,"13":0,"14":0,"15":0,"16":0,"17":0,"18":0,"19":0,"20":0,"21":0},"f":{"0":0,"1":0},"b":{"0":[0,0],"1":[0,0],"2":[0,0],"3":[0,0],"4":[0],"5":[0,0],"6":[0,0],"7":[0,0]}}
,"/Users/johnbrown/Desktop/projects/mailtroopers/client/src/reducers/user.js": {"path":"/Users/johnbrown/Desktop/projects/mailtroopers/client/src/reducers/user.js","statementMap":{"0":{"start":{"line":1,"column":13},"end":{"line":1,"column":75}},"1":{"start":{"line":1,"column":75},"end":{"line":1,"column":107}},"2":{"start":{"line":1,"column":119},"end":{"line":1,"column":145}},"3":{"start":{"line":8,"column":21},"end":{"line":12,"column":21}},"4":{"start":{"line":15,"column":20},"end":{"line":37,"column":1}},"5":{"start":{"line":16,"column":2},"end":{"line":35,"column":3}},"6":{"start":{"line":17,"column":4},"end":{"line":18,"column":28}},"7":{"start":{"line":21,"column":2},"end":{"line":35,"column":3}},"8":{"start":{"line":22,"column":4},"end":{"line":23,"column":28}},"9":{"start":{"line":26,"column":2},"end":{"line":35,"column":3}},"10":{"start":{"line":27,"column":4},"end":{"line":28,"column":37}},"11":{"start":{"line":31,"column":2},"end":{"line":35,"column":3}},"12":{"start":{"line":32,"column":4},"end":{"line":33,"column":41}},"13":{"start":{"line":36,"column":2},"end":{"line":36,"column":15}}},"fnMap":{"0":{"name":"(anonymous_0)","decl":{"start":{"line":15,"column":42},"end":{"line":15,"column":43}},"loc":{"start":{"line":15,"column":76},"end":{"line":37,"column":1}},"line":15}},"branchMap":{"0":{"loc":{"start":{"line":15,"column":43},"end":{"line":15,"column":63}},"type":"default-arg","locations":[{"start":{"line":15,"column":51},"end":{"line":15,"column":63}}],"line":15},"1":{"loc":{"start":{"line":16,"column":2},"end":{"line":35,"column":3}},"type":"if","locations":[{"start":{"line":16,"column":2},"end":{"line":35,"column":3}},{"start":{"line":16,"column":2},"end":{"line":35,"column":3}}],"line":16},"2":{"loc":{"start":{"line":21,"column":2},"end":{"line":35,"column":3}},"type":"if","locations":[{"start":{"line":21,"column":2},"end":{"line":35,"column":3}},{"start":{"line":21,"column":2},"end":{"line":35,"column":3}}],"line":21},"3":{"loc":{"start":{"line":26,"column":2},"end":{"line":35,"column":3}},"type":"if","locations":[{"start":{"line":26,"column":2},"end":{"line":35,"column":3}},{"start":{"line":26,"column":2},"end":{"line":35,"column":3}}],"line":26},"4":{"loc":{"start":{"line":31,"column":2},"end":{"line":35,"column":3}},"type":"if","locations":[{"start":{"line":31,"column":2},"end":{"line":35,"column":3}},{"start":{"line":31,"column":2},"end":{"line":35,"column":3}}],"line":31}},"s":{"0":0,"1":0,"2":0,"3":0,"4":0,"5":0,"6":0,"7":0,"8":0,"9":0,"10":0,"11":0,"12":0,"13":0},"f":{"0":0},"b":{"0":[0],"1":[0,0],"2":[0,0],"3":[0,0],"4":[0,0]}}
}
