{"/Users/johnbrown/Desktop/projects/mailtroopers/client/src/config.js": {"path":"/Users/johnbrown/Desktop/projects/mailtroopers/client/src/config.js","statementMap":{"0":{"start":{"line":1,"column":13},"end":{"line":1,"column":138}},"1":{"start":{"line":3,"column":0},"end":{"line":3,"column":40}}},"fnMap":{},"branchMap":{"0":{"loc":{"start":{"line":1,"column":34},"end":{"line":1,"column":137}},"type":"cond-expr","locations":[{"start":{"line":1,"column":74},"end":{"line":1,"column":111}},{"start":{"line":1,"column":114},"end":{"line":1,"column":137}}],"line":1}},"s":{"0":0,"1":0},"f":{},"b":{"0":[0,0]}}
,"/Users/johnbrown/Desktop/projects/mailtroopers/client/src/index.js": {"path":"/Users/johnbrown/Desktop/projects/mailtroopers/client/src/index.js","statementMap":{"0":{"start":{"line":1,"column":32},"end":{"line":1,"column":100}},"1":{"start":{"line":1,"column":114},"end":{"line":1,"column":130}},"2":{"start":{"line":1,"column":145},"end":{"line":1,"column":175}},"3":{"start":{"line":2,"column":16},"end":{"line":2,"column":36}},"4":{"start":{"line":2,"column":54},"end":{"line":2,"column":87}},"5":{"start":{"line":3,"column":18},"end":{"line":3,"column":40}},"6":{"start":{"line":4,"column":22},"end":{"line":4,"column":49}},"7":{"start":{"line":6,"column":0},"end":{"line":6,"column":23}},"8":{"start":{"line":7,"column":11},"end":{"line":7,"column":42}},"9":{"start":{"line":7,"column":55},"end":{"line":7,"column":83}},"10":{"start":{"line":8,"column":29},"end":{"line":8,"column":63}},"11":{"start":{"line":8,"column":94},"end":{"line":8,"column":140}},"12":{"start":{"line":9,"column":13},"end":{"line":9,"column":31}},"13":{"start":{"line":9,"column":46},"end":{"line":9,"column":76}},"14":{"start":{"line":9,"column":115},"end":{"line":9,"column":169}},"15":{"start":{"line":11,"column":0},"end":{"line":17,"column":33}},"16":{"start":{"line":18,"column":0},"end":{"line":18,"column":39}}},"fnMap":{"0":{"name":"_interopRequireDefault","decl":{"start":{"line":9,"column":86},"end":{"line":9,"column":108}},"loc":{"start":{"line":9,"column":114},"end":{"line":9,"column":170}},"line":9}},"branchMap":{"0":{"loc":{"start":{"line":9,"column":122},"end":{"line":9,"column":168}},"type":"cond-expr","locations":[{"start":{"line":9,"column":146},"end":{"line":9,"column":149}},{"start":{"line":9,"column":152},"end":{"line":9,"column":168}}],"line":9},"1":{"loc":{"start":{"line":9,"column":122},"end":{"line":9,"column":143}},"type":"binary-expr","locations":[{"start":{"line":9,"column":122},"end":{"line":9,"column":125}},{"start":{"line":9,"column":129},"end":{"line":9,"column":143}}],"line":9}},"s":{"0":0,"1":0,"2":0,"3":0,"4":0,"5":0,"6":0,"7":0,"8":0,"9":0,"10":0,"11":0,"12":0,"13":0,"14":0,"15":0,"16":0},"f":{"0":0},"b":{"0":[0,0],"1":[0,0]}}
,"/Users/johnbrown/Desktop/projects/mailtroopers/client/src/local-storage.js": {"path":"/Users/johnbrown/Desktop/projects/mailtroopers/client/src/local-storage.js","statementMap":{"0":{"start":{"line":1,"column":13},"end":{"line":1,"column":75}},"1":{"start":{"line":1,"column":97},"end":{"line":3,"column":1}},"2":{"start":{"line":2,"column":4},"end":{"line":2,"column":45}},"3":{"start":{"line":5,"column":22},"end":{"line":7,"column":1}},"4":{"start":{"line":6,"column":4},"end":{"line":6,"column":49}},"5":{"start":{"line":9,"column":23},"end":{"line":11,"column":1}},"6":{"start":{"line":10,"column":4},"end":{"line":10,"column":41}}},"fnMap":{"0":{"name":"(anonymous_0)","decl":{"start":{"line":1,"column":121},"end":{"line":1,"column":122}},"loc":{"start":{"line":1,"column":127},"end":{"line":3,"column":1}},"line":1},"1":{"name":"(anonymous_1)","decl":{"start":{"line":5,"column":46},"end":{"line":5,"column":47}},"loc":{"start":{"line":5,"column":59},"end":{"line":7,"column":1}},"line":5},"2":{"name":"(anonymous_2)","decl":{"start":{"line":9,"column":48},"end":{"line":9,"column":49}},"loc":{"start":{"line":9,"column":54},"end":{"line":11,"column":1}},"line":9}},"branchMap":{},"s":{"0":0,"1":0,"2":0,"3":0,"4":0,"5":0,"6":0},"f":{"0":0,"1":0,"2":0},"b":{}}
,"/Users/johnbrown/Desktop/projects/mailtroopers/client/src/registerServiceWorker.js": {"path":"/Users/johnbrown/Desktop/projects/mailtroopers/client/src/registerServiceWorker.js","statementMap":{"0":{"start":{"line":1,"column":13},"end":{"line":1,"column":75}},"1":{"start":{"line":1,"column":75},"end":{"line":21,"column":9}},"2":{"start":{"line":21,"column":9},"end":{"line":102,"column":24}},"3":{"start":{"line":109,"column":20},"end":{"line":111,"column":89}},"4":{"start":{"line":111,"column":111},"end":{"line":117,"column":44}},"5":{"start":{"line":112,"column":22},"end":{"line":112,"column":70}},"6":{"start":{"line":112,"column":71},"end":{"line":115,"column":14}},"7":{"start":{"line":115,"column":6},"end":{"line":115,"column":13}},"8":{"start":{"line":115,"column":14},"end":{"line":117,"column":43}},"9":{"start":{"line":115,"column":67},"end":{"line":115,"column":112}},"10":{"start":{"line":115,"column":113},"end":{"line":117,"column":40}},"11":{"start":{"line":116,"column":8},"end":{"line":116,"column":31}},"12":{"start":{"line":117,"column":8},"end":{"line":117,"column":39}},"13":{"start":{"line":117,"column":78},"end":{"line":124,"column":156}},"14":{"start":{"line":117,"column":140},"end":{"line":124,"column":68}},"15":{"start":{"line":117,"column":201},"end":{"line":117,"column":224}},"16":{"start":{"line":117,"column":225},"end":{"line":124,"column":66}},"17":{"start":{"line":117,"column":265},"end":{"line":124,"column":64}},"18":{"start":{"line":117,"column":310},"end":{"line":124,"column":63}},"19":{"start":{"line":121,"column":12},"end":{"line":121,"column":69}},"20":{"start":{"line":124,"column":12},"end":{"line":124,"column":62}},"21":{"start":{"line":124,"column":87},"end":{"line":124,"column":153}},"22":{"start":{"line":125,"column":2},"end":{"line":128,"column":126}},"23":{"start":{"line":126,"column":4},"end":{"line":128,"column":30}},"24":{"start":{"line":127,"column":6},"end":{"line":127,"column":127}},"25":{"start":{"line":127,"column":58},"end":{"line":127,"column":124}},"26":{"start":{"line":127,"column":96},"end":{"line":127,"column":121}},"27":{"start":{"line":128,"column":6},"end":{"line":128,"column":29}},"28":{"start":{"line":128,"column":46},"end":{"line":128,"column":123}},"29":{"start":{"line":128,"column":150},"end":{"line":128,"column":267}},"30":{"start":{"line":128,"column":185},"end":{"line":128,"column":266}},"31":{"start":{"line":128,"column":237},"end":{"line":128,"column":263}}},"fnMap":{"0":{"name":"register","decl":{"start":{"line":111,"column":99},"end":{"line":111,"column":107}},"loc":{"start":{"line":111,"column":110},"end":{"line":117,"column":45}},"line":111},"1":{"name":"(anonymous_1)","decl":{"start":{"line":115,"column":46},"end":{"line":115,"column":47}},"loc":{"start":{"line":115,"column":52},"end":{"line":117,"column":41}},"line":115},"2":{"name":"registerValidSW","decl":{"start":{"line":117,"column":54},"end":{"line":117,"column":69}},"loc":{"start":{"line":117,"column":77},"end":{"line":124,"column":157}},"line":117},"3":{"name":"(anonymous_3)","decl":{"start":{"line":117,"column":123},"end":{"line":117,"column":124}},"loc":{"start":{"line":117,"column":139},"end":{"line":124,"column":69}},"line":117},"4":{"name":"(anonymous_4)","decl":{"start":{"line":117,"column":169},"end":{"line":117,"column":170}},"loc":{"start":{"line":117,"column":175},"end":{"line":124,"column":67}},"line":117},"5":{"name":"(anonymous_5)","decl":{"start":{"line":117,"column":258},"end":{"line":117,"column":259}},"loc":{"start":{"line":117,"column":264},"end":{"line":124,"column":65}},"line":117},"6":{"name":"(anonymous_6)","decl":{"start":{"line":124,"column":77},"end":{"line":124,"column":78}},"loc":{"start":{"line":124,"column":86},"end":{"line":124,"column":154}},"line":124},"7":{"name":"checkValidServiceWorker","decl":{"start":{"line":124,"column":166},"end":{"line":124,"column":189}},"loc":{"start":{"line":124,"column":197},"end":{"line":128,"column":127}},"line":124},"8":{"name":"(anonymous_8)","decl":{"start":{"line":125,"column":20},"end":{"line":125,"column":21}},"loc":{"start":{"line":125,"column":32},"end":{"line":128,"column":31}},"line":125},"9":{"name":"(anonymous_9)","decl":{"start":{"line":127,"column":41},"end":{"line":127,"column":42}},"loc":{"start":{"line":127,"column":57},"end":{"line":127,"column":125}},"line":127},"10":{"name":"(anonymous_10)","decl":{"start":{"line":127,"column":89},"end":{"line":127,"column":90}},"loc":{"start":{"line":127,"column":95},"end":{"line":127,"column":122}},"line":127},"11":{"name":"(anonymous_11)","decl":{"start":{"line":128,"column":39},"end":{"line":128,"column":40}},"loc":{"start":{"line":128,"column":45},"end":{"line":128,"column":124}},"line":128},"12":{"name":"unregister","decl":{"start":{"line":128,"column":136},"end":{"line":128,"column":146}},"loc":{"start":{"line":128,"column":149},"end":{"line":128,"column":268}},"line":128},"13":{"name":"(anonymous_13)","decl":{"start":{"line":128,"column":220},"end":{"line":128,"column":221}},"loc":{"start":{"line":128,"column":236},"end":{"line":128,"column":264}},"line":128}},"branchMap":{"0":{"loc":{"start":{"line":109,"column":28},"end":{"line":111,"column":88}},"type":"binary-expr","locations":[{"start":{"line":109,"column":28},"end":{"line":109,"column":68}},{"start":{"line":110,"column":0},"end":{"line":110,"column":36}},{"start":{"line":111,"column":0},"end":{"line":111,"column":88}}],"line":109},"1":{"loc":{"start":{"line":111,"column":111},"end":{"line":117,"column":44}},"type":"if","locations":[{"start":{"line":111,"column":111},"end":{"line":117,"column":44}},{"start":{"line":111,"column":111},"end":{"line":117,"column":44}}],"line":111},"2":{"loc":{"start":{"line":111,"column":115},"end":{"line":111,"column":184}},"type":"binary-expr","locations":[{"start":{"line":111,"column":115},"end":{"line":111,"column":152}},{"start":{"line":111,"column":156},"end":{"line":111,"column":184}}],"line":111},"3":{"loc":{"start":{"line":112,"column":71},"end":{"line":115,"column":14}},"type":"if","locations":[{"start":{"line":112,"column":71},"end":{"line":115,"column":14}},{"start":{"line":112,"column":71},"end":{"line":115,"column":14}}],"line":112},"4":{"loc":{"start":{"line":115,"column":113},"end":{"line":117,"column":40}},"type":"if","locations":[{"start":{"line":115,"column":113},"end":{"line":117,"column":40}},{"start":{"line":115,"column":113},"end":{"line":117,"column":40}}],"line":115},"5":{"loc":{"start":{"line":117,"column":265},"end":{"line":124,"column":64}},"type":"if","locations":[{"start":{"line":117,"column":265},"end":{"line":124,"column":64}},{"start":{"line":117,"column":265},"end":{"line":124,"column":64}}],"line":117},"6":{"loc":{"start":{"line":117,"column":310},"end":{"line":124,"column":63}},"type":"if","locations":[{"start":{"line":117,"column":310},"end":{"line":124,"column":63}},{"start":{"line":117,"column":310},"end":{"line":124,"column":63}}],"line":117},"7":{"loc":{"start":{"line":126,"column":4},"end":{"line":128,"column":30}},"type":"if","locations":[{"start":{"line":126,"column":4},"end":{"line":128,"column":30}},{"start":{"line":126,"column":4},"end":{"line":128,"column":30}}],"line":126},"8":{"loc":{"start":{"line":126,"column":8},"end":{"line":126,"column":100}},"type":"binary-expr","locations":[{"start":{"line":126,"column":8},"end":{"line":126,"column":31}},{"start":{"line":126,"column":35},"end":{"line":126,"column":100}}],"line":126},"9":{"loc":{"start":{"line":128,"column":150},"end":{"line":128,"column":267}},"type":"if","locations":[{"start":{"line":128,"column":150},"end":{"line":128,"column":267}},{"start":{"line":128,"column":150},"end":{"line":128,"column":267}}],"line":128}},"s":{"0":0,"1":0,"2":0,"3":0,"4":0,"5":0,"6":0,"7":0,"8":0,"9":0,"10":0,"11":0,"12":0,"13":0,"14":0,"15":0,"16":0,"17":0,"18":0,"19":0,"20":0,"21":0,"22":0,"23":0,"24":0,"25":0,"26":0,"27":0,"28":0,"29":0,"30":0,"31":0},"f":{"0":0,"1":0,"2":0,"3":0,"4":0,"5":0,"6":0,"7":0,"8":0,"9":0,"10":0,"11":0,"12":0,"13":0},"b":{"0":[0,0,0],"1":[0,0],"2":[0,0],"3":[0,0],"4":[0,0],"5":[0,0],"6":[0,0],"7":[0,0],"8":[0,0],"9":[0,0]}}
,"/Users/johnbrown/Desktop/projects/mailtroopers/client/src/store.js": {"path":"/Users/johnbrown/Desktop/projects/mailtroopers/client/src/store.js","statementMap":{"0":{"start":{"line":1,"column":13},"end":{"line":1,"column":75}},"1":{"start":{"line":1,"column":88},"end":{"line":1,"column":104}},"2":{"start":{"line":2,"column":17},"end":{"line":2,"column":38}},"3":{"start":{"line":3,"column":18},"end":{"line":3,"column":40}},"4":{"start":{"line":3,"column":60},"end":{"line":3,"column":95}},"5":{"start":{"line":4,"column":14},"end":{"line":4,"column":41}},"6":{"start":{"line":4,"column":57},"end":{"line":4,"column":88}},"7":{"start":{"line":6,"column":20},"end":{"line":6,"column":46}},"8":{"start":{"line":7,"column":12},"end":{"line":7,"column":37}},"9":{"start":{"line":8,"column":10},"end":{"line":8,"column":33}},"10":{"start":{"line":10,"column":14},"end":{"line":10,"column":33}},"11":{"start":{"line":12,"column":16},"end":{"line":12,"column":37}},"12":{"start":{"line":13,"column":13},"end":{"line":13,"column":39}},"13":{"start":{"line":14,"column":13},"end":{"line":14,"column":40}},"14":{"start":{"line":15,"column":11},"end":{"line":15,"column":35}},"15":{"start":{"line":15,"column":74},"end":{"line":15,"column":128}},"16":{"start":{"line":18,"column":0},"end":{"line":25,"column":50}},"17":{"start":{"line":30,"column":18},"end":{"line":30,"column":52}},"18":{"start":{"line":31,"column":0},"end":{"line":37,"column":1}},"19":{"start":{"line":32,"column":16},"end":{"line":32,"column":25}},"20":{"start":{"line":33,"column":2},"end":{"line":33,"column":49}},"21":{"start":{"line":35,"column":17},"end":{"line":35,"column":61}},"22":{"start":{"line":36,"column":2},"end":{"line":36,"column":49}},"23":{"start":{"line":37,"column":1},"end":{"line":39,"column":6}}},"fnMap":{"0":{"name":"_interopRequireDefault","decl":{"start":{"line":15,"column":45},"end":{"line":15,"column":67}},"loc":{"start":{"line":15,"column":73},"end":{"line":15,"column":129}},"line":15}},"branchMap":{"0":{"loc":{"start":{"line":15,"column":81},"end":{"line":15,"column":127}},"type":"cond-expr","locations":[{"start":{"line":15,"column":105},"end":{"line":15,"column":108}},{"start":{"line":15,"column":111},"end":{"line":15,"column":127}}],"line":15},"1":{"loc":{"start":{"line":15,"column":81},"end":{"line":15,"column":102}},"type":"binary-expr","locations":[{"start":{"line":15,"column":81},"end":{"line":15,"column":84}},{"start":{"line":15,"column":88},"end":{"line":15,"column":102}}],"line":15},"2":{"loc":{"start":{"line":31,"column":0},"end":{"line":37,"column":1}},"type":"if","locations":[{"start":{"line":31,"column":0},"end":{"line":37,"column":1}},{"start":{"line":31,"column":0},"end":{"line":37,"column":1}}],"line":31}},"s":{"0":0,"1":0,"2":0,"3":0,"4":0,"5":0,"6":0,"7":0,"8":0,"9":0,"10":0,"11":0,"12":0,"13":0,"14":0,"15":0,"16":0,"17":0,"18":0,"19":0,"20":0,"21":0,"22":0,"23":0},"f":{"0":0},"b":{"0":[0,0],"1":[0,0],"2":[0,0]}}
,"/Users/johnbrown/Desktop/projects/mailtroopers/client/src/validators.js": {"path":"/Users/johnbrown/Desktop/projects/mailtroopers/client/src/validators.js","statementMap":{"0":{"start":{"line":1,"column":13},"end":{"line":1,"column":75}},"1":{"start":{"line":1,"column":92},"end":{"line":1,"column":150}},"2":{"start":{"line":1,"column":120},"end":{"line":1,"column":150}},"3":{"start":{"line":2,"column":17},"end":{"line":3,"column":51}},"4":{"start":{"line":3,"column":0},"end":{"line":3,"column":51}},"5":{"start":{"line":4,"column":18},"end":{"line":5,"column":74}},"6":{"start":{"line":5,"column":0},"end":{"line":5,"column":74}},"7":{"start":{"line":6,"column":15},"end":{"line":13,"column":1}},"8":{"start":{"line":6,"column":42},"end":{"line":13,"column":1}},"9":{"start":{"line":7,"column":4},"end":{"line":9,"column":5}},"10":{"start":{"line":8,"column":8},"end":{"line":8,"column":64}},"11":{"start":{"line":10,"column":4},"end":{"line":12,"column":5}},"12":{"start":{"line":11,"column":8},"end":{"line":11,"column":63}},"13":{"start":{"line":14,"column":16},"end":{"line":18,"column":1}},"14":{"start":{"line":14,"column":43},"end":{"line":18,"column":1}},"15":{"start":{"line":15,"column":4},"end":{"line":17,"column":21}},"16":{"start":{"line":19,"column":14},"end":{"line":21,"column":35}},"17":{"start":{"line":20,"column":0},"end":{"line":21,"column":35}}},"fnMap":{"0":{"name":"(anonymous_0)","decl":{"start":{"line":1,"column":111},"end":{"line":1,"column":112}},"loc":{"start":{"line":1,"column":120},"end":{"line":1,"column":150}},"line":1},"1":{"name":"(anonymous_1)","decl":{"start":{"line":2,"column":36},"end":{"line":2,"column":37}},"loc":{"start":{"line":3,"column":0},"end":{"line":3,"column":51}},"line":3},"2":{"name":"(anonymous_2)","decl":{"start":{"line":4,"column":38},"end":{"line":4,"column":39}},"loc":{"start":{"line":5,"column":0},"end":{"line":5,"column":74}},"line":5},"3":{"name":"(anonymous_3)","decl":{"start":{"line":6,"column":32},"end":{"line":6,"column":33}},"loc":{"start":{"line":6,"column":42},"end":{"line":13,"column":1}},"line":6},"4":{"name":"(anonymous_4)","decl":{"start":{"line":6,"column":42},"end":{"line":6,"column":43}},"loc":{"start":{"line":6,"column":51},"end":{"line":13,"column":1}},"line":6},"5":{"name":"(anonymous_5)","decl":{"start":{"line":14,"column":34},"end":{"line":14,"column":35}},"loc":{"start":{"line":14,"column":43},"end":{"line":18,"column":1}},"line":14},"6":{"name":"(anonymous_6)","decl":{"start":{"line":14,"column":43},"end":{"line":14,"column":44}},"loc":{"start":{"line":14,"column":65},"end":{"line":18,"column":1}},"line":14},"7":{"name":"(anonymous_7)","decl":{"start":{"line":19,"column":30},"end":{"line":19,"column":31}},"loc":{"start":{"line":20,"column":0},"end":{"line":21,"column":35}},"line":20}},"branchMap":{"0":{"loc":{"start":{"line":1,"column":120},"end":{"line":1,"column":150}},"type":"cond-expr","locations":[{"start":{"line":1,"column":128},"end":{"line":1,"column":137}},{"start":{"line":1,"column":140},"end":{"line":1,"column":150}}],"line":1},"1":{"loc":{"start":{"line":3,"column":0},"end":{"line":3,"column":51}},"type":"cond-expr","locations":[{"start":{"line":3,"column":22},"end":{"line":3,"column":31}},{"start":{"line":3,"column":34},"end":{"line":3,"column":51}}],"line":3},"2":{"loc":{"start":{"line":5,"column":0},"end":{"line":5,"column":74}},"type":"cond-expr","locations":[{"start":{"line":5,"column":25},"end":{"line":5,"column":34}},{"start":{"line":5,"column":37},"end":{"line":5,"column":74}}],"line":5},"3":{"loc":{"start":{"line":7,"column":4},"end":{"line":9,"column":5}},"type":"if","locations":[{"start":{"line":7,"column":4},"end":{"line":9,"column":5}},{"start":{"line":7,"column":4},"end":{"line":9,"column":5}}],"line":7},"4":{"loc":{"start":{"line":7,"column":8},"end":{"line":7,"column":47}},"type":"binary-expr","locations":[{"start":{"line":7,"column":8},"end":{"line":7,"column":18}},{"start":{"line":7,"column":22},"end":{"line":7,"column":47}}],"line":7},"5":{"loc":{"start":{"line":10,"column":4},"end":{"line":12,"column":5}},"type":"if","locations":[{"start":{"line":10,"column":4},"end":{"line":12,"column":5}},{"start":{"line":10,"column":4},"end":{"line":12,"column":5}}],"line":10},"6":{"loc":{"start":{"line":10,"column":8},"end":{"line":10,"column":47}},"type":"binary-expr","locations":[{"start":{"line":10,"column":8},"end":{"line":10,"column":18}},{"start":{"line":10,"column":22},"end":{"line":10,"column":47}}],"line":10},"7":{"loc":{"start":{"line":15,"column":11},"end":{"line":17,"column":20}},"type":"cond-expr","locations":[{"start":{"line":16,"column":4},"end":{"line":16,"column":13}},{"start":{"line":17,"column":4},"end":{"line":17,"column":20}}],"line":15},"8":{"loc":{"start":{"line":15,"column":11},"end":{"line":15,"column":73}},"type":"binary-expr","locations":[{"start":{"line":15,"column":11},"end":{"line":15,"column":29}},{"start":{"line":15,"column":33},"end":{"line":15,"column":73}}],"line":15},"9":{"loc":{"start":{"line":20,"column":0},"end":{"line":21,"column":35}},"type":"cond-expr","locations":[{"start":{"line":21,"column":0},"end":{"line":21,"column":23}},{"start":{"line":21,"column":26},"end":{"line":21,"column":35}}],"line":20},"10":{"loc":{"start":{"line":20,"column":0},"end":{"line":20,"column":65}},"type":"binary-expr","locations":[{"start":{"line":20,"column":0},"end":{"line":20,"column":5}},{"start":{"line":20,"column":9},"end":{"line":20,"column":65}}],"line":20}},"s":{"0":0,"1":0,"2":0,"3":0,"4":0,"5":0,"6":0,"7":0,"8":0,"9":0,"10":0,"11":0,"12":0,"13":0,"14":0,"15":0,"16":0,"17":0},"f":{"0":0,"1":0,"2":0,"3":0,"4":0,"5":0,"6":0,"7":0},"b":{"0":[0,0],"1":[0,0],"2":[0,0],"3":[0,0],"4":[0,0],"5":[0,0],"6":[0,0],"7":[0,0],"8":[0,0],"9":[0,0],"10":[0,0]}}
,"/Users/johnbrown/Desktop/projects/mailtroopers/client/src/actions/email.js": {"path":"/Users/johnbrown/Desktop/projects/mailtroopers/client/src/actions/email.js","statementMap":{"0":{"start":{"line":1,"column":13},"end":{"line":1,"column":75}},"1":{"start":{"line":1,"column":75},"end":{"line":1,"column":361}},"2":{"start":{"line":1,"column":374},"end":{"line":1,"column":390}},"3":{"start":{"line":1,"column":405},"end":{"line":1,"column":435}},"4":{"start":{"line":2,"column":14},"end":{"line":2,"column":34}},"5":{"start":{"line":2,"column":73},"end":{"line":2,"column":127}},"6":{"start":{"line":4,"column":25},"end":{"line":4,"column":70}},"7":{"start":{"line":5,"column":23},"end":{"line":7,"column":8}},"8":{"start":{"line":5,"column":56},"end":{"line":7,"column":7}},"9":{"start":{"line":10,"column":26},"end":{"line":12,"column":1}},"10":{"start":{"line":10,"column":82},"end":{"line":12,"column":1}},"11":{"start":{"line":11,"column":2},"end":{"line":11,"column":57}},"12":{"start":{"line":14,"column":21},"end":{"line":23,"column":1}},"13":{"start":{"line":14,"column":50},"end":{"line":23,"column":1}},"14":{"start":{"line":15,"column":2},"end":{"line":22,"column":5}},"15":{"start":{"line":17,"column":4},"end":{"line":17,"column":34}},"16":{"start":{"line":18,"column":4},"end":{"line":18,"column":39}},"17":{"start":{"line":21,"column":4},"end":{"line":21,"column":21}},"18":{"start":{"line":25,"column":23},"end":{"line":27,"column":1}},"19":{"start":{"line":25,"column":70},"end":{"line":27,"column":1}},"20":{"start":{"line":26,"column":2},"end":{"line":26,"column":43}},"21":{"start":{"line":29,"column":25},"end":{"line":29,"column":70}},"22":{"start":{"line":30,"column":23},"end":{"line":32,"column":13}},"23":{"start":{"line":30,"column":61},"end":{"line":32,"column":12}},"24":{"start":{"line":35,"column":21},"end":{"line":35,"column":58}},"25":{"start":{"line":36,"column":20},"end":{"line":38,"column":11}},"26":{"start":{"line":36,"column":53},"end":{"line":38,"column":10}},"27":{"start":{"line":41,"column":24},"end":{"line":41,"column":67}},"28":{"start":{"line":42,"column":23},"end":{"line":44,"column":13}},"29":{"start":{"line":42,"column":61},"end":{"line":44,"column":12}}},"fnMap":{"0":{"name":"_interopRequireDefault","decl":{"start":{"line":2,"column":44},"end":{"line":2,"column":66}},"loc":{"start":{"line":2,"column":72},"end":{"line":2,"column":128}},"line":2},"1":{"name":"(anonymous_1)","decl":{"start":{"line":5,"column":48},"end":{"line":5,"column":49}},"loc":{"start":{"line":5,"column":56},"end":{"line":7,"column":7}},"line":5},"2":{"name":"(anonymous_2)","decl":{"start":{"line":10,"column":54},"end":{"line":10,"column":55}},"loc":{"start":{"line":10,"column":82},"end":{"line":12,"column":1}},"line":10},"3":{"name":"(anonymous_3)","decl":{"start":{"line":10,"column":82},"end":{"line":10,"column":83}},"loc":{"start":{"line":10,"column":94},"end":{"line":12,"column":1}},"line":10},"4":{"name":"(anonymous_4)","decl":{"start":{"line":14,"column":44},"end":{"line":14,"column":45}},"loc":{"start":{"line":14,"column":50},"end":{"line":23,"column":1}},"line":14},"5":{"name":"(anonymous_5)","decl":{"start":{"line":14,"column":50},"end":{"line":14,"column":51}},"loc":{"start":{"line":14,"column":62},"end":{"line":23,"column":1}},"line":14},"6":{"name":"(anonymous_6)","decl":{"start":{"line":16,"column":7},"end":{"line":16,"column":8}},"loc":{"start":{"line":16,"column":17},"end":{"line":19,"column":3}},"line":16},"7":{"name":"(anonymous_7)","decl":{"start":{"line":20,"column":8},"end":{"line":20,"column":9}},"loc":{"start":{"line":20,"column":15},"end":{"line":22,"column":3}},"line":20},"8":{"name":"(anonymous_8)","decl":{"start":{"line":25,"column":48},"end":{"line":25,"column":49}},"loc":{"start":{"line":25,"column":70},"end":{"line":27,"column":1}},"line":25},"9":{"name":"(anonymous_9)","decl":{"start":{"line":25,"column":70},"end":{"line":25,"column":71}},"loc":{"start":{"line":25,"column":82},"end":{"line":27,"column":1}},"line":25},"10":{"name":"(anonymous_10)","decl":{"start":{"line":30,"column":48},"end":{"line":30,"column":49}},"loc":{"start":{"line":30,"column":61},"end":{"line":32,"column":12}},"line":30},"11":{"name":"(anonymous_11)","decl":{"start":{"line":36,"column":42},"end":{"line":36,"column":43}},"loc":{"start":{"line":36,"column":53},"end":{"line":38,"column":10}},"line":36},"12":{"name":"(anonymous_12)","decl":{"start":{"line":42,"column":48},"end":{"line":42,"column":49}},"loc":{"start":{"line":42,"column":61},"end":{"line":44,"column":12}},"line":42}},"branchMap":{"0":{"loc":{"start":{"line":2,"column":80},"end":{"line":2,"column":126}},"type":"cond-expr","locations":[{"start":{"line":2,"column":104},"end":{"line":2,"column":107}},{"start":{"line":2,"column":110},"end":{"line":2,"column":126}}],"line":2},"1":{"loc":{"start":{"line":2,"column":80},"end":{"line":2,"column":101}},"type":"binary-expr","locations":[{"start":{"line":2,"column":80},"end":{"line":2,"column":83}},{"start":{"line":2,"column":87},"end":{"line":2,"column":101}}],"line":2}},"s":{"0":0,"1":0,"2":0,"3":0,"4":0,"5":0,"6":0,"7":0,"8":0,"9":0,"10":0,"11":0,"12":0,"13":0,"14":0,"15":0,"16":0,"17":0,"18":0,"19":0,"20":0,"21":0,"22":0,"23":0,"24":0,"25":0,"26":0,"27":0,"28":0,"29":0},"f":{"0":0,"1":0,"2":0,"3":0,"4":0,"5":0,"6":0,"7":0,"8":0,"9":0,"10":0,"11":0,"12":0},"b":{"0":[0,0],"1":[0,0]}}
,"/Users/johnbrown/Desktop/projects/mailtroopers/client/src/actions/index.js": {"path":"/Users/johnbrown/Desktop/projects/mailtroopers/client/src/actions/index.js","statementMap":{"0":{"start":{"line":1,"column":13},"end":{"line":1,"column":75}},"1":{"start":{"line":1,"column":103},"end":{"line":1,"column":154}},"2":{"start":{"line":2,"column":26},"end":{"line":3,"column":29}},"3":{"start":{"line":6,"column":29},"end":{"line":6,"column":82}},"4":{"start":{"line":7,"column":27},"end":{"line":8,"column":30}},"5":{"start":{"line":11,"column":20},"end":{"line":11,"column":55}},"6":{"start":{"line":12,"column":19},"end":{"line":13,"column":21}},"7":{"start":{"line":16,"column":24},"end":{"line":16,"column":67}},"8":{"start":{"line":17,"column":23},"end":{"line":18,"column":25}},"9":{"start":{"line":21,"column":29},"end":{"line":21,"column":82}},"10":{"start":{"line":22,"column":27},"end":{"line":23,"column":30}},"11":{"start":{"line":26,"column":29},"end":{"line":26,"column":82}},"12":{"start":{"line":27,"column":27},"end":{"line":28,"column":30}},"13":{"start":{"line":31,"column":34},"end":{"line":31,"column":97}},"14":{"start":{"line":32,"column":31},"end":{"line":33,"column":35}}},"fnMap":{},"branchMap":{},"s":{"0":0,"1":0,"2":0,"3":0,"4":0,"5":0,"6":0,"7":0,"8":0,"9":0,"10":0,"11":0,"12":0,"13":0,"14":0},"f":{},"b":{}}
,"/Users/johnbrown/Desktop/projects/mailtroopers/client/src/actions/io.js": {"path":"/Users/johnbrown/Desktop/projects/mailtroopers/client/src/actions/io.js","statementMap":{"0":{"start":{"line":1,"column":13},"end":{"line":1,"column":75}},"1":{"start":{"line":1,"column":98},"end":{"line":1,"column":139}},"2":{"start":{"line":2,"column":22},"end":{"line":4,"column":11}},"3":{"start":{"line":2,"column":57},"end":{"line":4,"column":10}}},"fnMap":{"0":{"name":"(anonymous_0)","decl":{"start":{"line":2,"column":46},"end":{"line":2,"column":47}},"loc":{"start":{"line":2,"column":57},"end":{"line":4,"column":10}},"line":2}},"branchMap":{},"s":{"0":0,"1":0,"2":0,"3":0},"f":{"0":0},"b":{}}
,"/Users/johnbrown/Desktop/projects/mailtroopers/client/src/actions/user.js": {"path":"/Users/johnbrown/Desktop/projects/mailtroopers/client/src/actions/user.js","statementMap":{"0":{"start":{"line":1,"column":13},"end":{"line":1,"column":75}},"1":{"start":{"line":1,"column":75},"end":{"line":1,"column":339}},"2":{"start":{"line":1,"column":352},"end":{"line":1,"column":368}},"3":{"start":{"line":1,"column":383},"end":{"line":1,"column":413}},"4":{"start":{"line":2,"column":17},"end":{"line":2,"column":38}},"5":{"start":{"line":2,"column":57},"end":{"line":2,"column":91}},"6":{"start":{"line":3,"column":14},"end":{"line":3,"column":34}},"7":{"start":{"line":4,"column":20},"end":{"line":4,"column":47}},"8":{"start":{"line":6,"column":13},"end":{"line":6,"column":31}},"9":{"start":{"line":6,"column":70},"end":{"line":6,"column":124}},"10":{"start":{"line":10,"column":22},"end":{"line":16,"column":1}},"11":{"start":{"line":11,"column":23},"end":{"line":11,"column":58}},"12":{"start":{"line":12,"column":2},"end":{"line":12,"column":46}},"13":{"start":{"line":13,"column":2},"end":{"line":13,"column":36}},"14":{"start":{"line":14,"column":2},"end":{"line":14,"column":46}},"15":{"start":{"line":15,"column":2},"end":{"line":15,"column":60}},"16":{"start":{"line":18,"column":21},"end":{"line":27,"column":1}},"17":{"start":{"line":18,"column":52},"end":{"line":27,"column":1}},"18":{"start":{"line":19,"column":2},"end":{"line":26,"column":5}},"19":{"start":{"line":23,"column":4},"end":{"line":25,"column":5}},"20":{"start":{"line":24,"column":6},"end":{"line":24,"column":42}},"21":{"start":{"line":29,"column":21},"end":{"line":29,"column":58}},"22":{"start":{"line":30,"column":20},"end":{"line":32,"column":8}},"23":{"start":{"line":30,"column":50},"end":{"line":32,"column":7}},"24":{"start":{"line":35,"column":23},"end":{"line":35,"column":64}},"25":{"start":{"line":36,"column":21},"end":{"line":38,"column":14}},"26":{"start":{"line":36,"column":58},"end":{"line":38,"column":13}},"27":{"start":{"line":41,"column":25},"end":{"line":41,"column":70}},"28":{"start":{"line":42,"column":23},"end":{"line":44,"column":16}},"29":{"start":{"line":42,"column":64},"end":{"line":44,"column":15}},"30":{"start":{"line":47,"column":18},"end":{"line":64,"column":1}},"31":{"start":{"line":47,"column":59},"end":{"line":64,"column":1}},"32":{"start":{"line":48,"column":16},"end":{"line":48,"column":44}},"33":{"start":{"line":49,"column":2},"end":{"line":63,"column":5}},"34":{"start":{"line":57,"column":22},"end":{"line":57,"column":40}},"35":{"start":{"line":58,"column":4},"end":{"line":58,"column":39}},"36":{"start":{"line":61,"column":4},"end":{"line":61,"column":21}},"37":{"start":{"line":62,"column":4},"end":{"line":62,"column":57}},"38":{"start":{"line":66,"column":18},"end":{"line":66,"column":49}},"39":{"start":{"line":67,"column":17},"end":{"line":69,"column":8}},"40":{"start":{"line":67,"column":44},"end":{"line":69,"column":7}},"41":{"start":{"line":72,"column":25},"end":{"line":91,"column":1}},"42":{"start":{"line":72,"column":58},"end":{"line":91,"column":1}},"43":{"start":{"line":73,"column":20},"end":{"line":73,"column":45}},"44":{"start":{"line":74,"column":2},"end":{"line":90,"column":5}},"45":{"start":{"line":82,"column":4},"end":{"line":82,"column":48}},"46":{"start":{"line":87,"column":4},"end":{"line":87,"column":35}},"47":{"start":{"line":88,"column":4},"end":{"line":88,"column":33}},"48":{"start":{"line":89,"column":4},"end":{"line":89,"column":49}}},"fnMap":{"0":{"name":"_interopRequireDefault","decl":{"start":{"line":6,"column":41},"end":{"line":6,"column":63}},"loc":{"start":{"line":6,"column":69},"end":{"line":6,"column":125}},"line":6},"1":{"name":"(anonymous_1)","decl":{"start":{"line":10,"column":22},"end":{"line":10,"column":23}},"loc":{"start":{"line":10,"column":47},"end":{"line":16,"column":1}},"line":10},"2":{"name":"(anonymous_2)","decl":{"start":{"line":18,"column":44},"end":{"line":18,"column":45}},"loc":{"start":{"line":18,"column":52},"end":{"line":27,"column":1}},"line":18},"3":{"name":"(anonymous_3)","decl":{"start":{"line":18,"column":52},"end":{"line":18,"column":53}},"loc":{"start":{"line":18,"column":64},"end":{"line":27,"column":1}},"line":18},"4":{"name":"(anonymous_4)","decl":{"start":{"line":22,"column":7},"end":{"line":22,"column":8}},"loc":{"start":{"line":22,"column":14},"end":{"line":26,"column":3}},"line":22},"5":{"name":"(anonymous_5)","decl":{"start":{"line":30,"column":42},"end":{"line":30,"column":43}},"loc":{"start":{"line":30,"column":50},"end":{"line":32,"column":7}},"line":30},"6":{"name":"(anonymous_6)","decl":{"start":{"line":36,"column":44},"end":{"line":36,"column":45}},"loc":{"start":{"line":36,"column":58},"end":{"line":38,"column":13}},"line":36},"7":{"name":"(anonymous_7)","decl":{"start":{"line":42,"column":48},"end":{"line":42,"column":49}},"loc":{"start":{"line":42,"column":64},"end":{"line":44,"column":15}},"line":42},"8":{"name":"(anonymous_8)","decl":{"start":{"line":47,"column":38},"end":{"line":47,"column":39}},"loc":{"start":{"line":47,"column":59},"end":{"line":64,"column":1}},"line":47},"9":{"name":"(anonymous_9)","decl":{"start":{"line":47,"column":59},"end":{"line":47,"column":60}},"loc":{"start":{"line":47,"column":71},"end":{"line":64,"column":1}},"line":47},"10":{"name":"(anonymous_10)","decl":{"start":{"line":56,"column":7},"end":{"line":56,"column":8}},"loc":{"start":{"line":56,"column":14},"end":{"line":59,"column":3}},"line":56},"11":{"name":"(anonymous_11)","decl":{"start":{"line":60,"column":8},"end":{"line":60,"column":9}},"loc":{"start":{"line":60,"column":15},"end":{"line":63,"column":3}},"line":60},"12":{"name":"(anonymous_12)","decl":{"start":{"line":67,"column":36},"end":{"line":67,"column":37}},"loc":{"start":{"line":67,"column":44},"end":{"line":69,"column":7}},"line":67},"13":{"name":"(anonymous_13)","decl":{"start":{"line":72,"column":52},"end":{"line":72,"column":53}},"loc":{"start":{"line":72,"column":58},"end":{"line":91,"column":1}},"line":72},"14":{"name":"(anonymous_14)","decl":{"start":{"line":72,"column":58},"end":{"line":72,"column":59}},"loc":{"start":{"line":72,"column":82},"end":{"line":91,"column":1}},"line":72},"15":{"name":"(anonymous_15)","decl":{"start":{"line":81,"column":7},"end":{"line":81,"column":8}},"loc":{"start":{"line":81,"column":14},"end":{"line":83,"column":3}},"line":81},"16":{"name":"(anonymous_16)","decl":{"start":{"line":84,"column":8},"end":{"line":84,"column":9}},"loc":{"start":{"line":84,"column":15},"end":{"line":90,"column":3}},"line":84}},"branchMap":{"0":{"loc":{"start":{"line":6,"column":77},"end":{"line":6,"column":123}},"type":"cond-expr","locations":[{"start":{"line":6,"column":101},"end":{"line":6,"column":104}},{"start":{"line":6,"column":107},"end":{"line":6,"column":123}}],"line":6},"1":{"loc":{"start":{"line":6,"column":77},"end":{"line":6,"column":98}},"type":"binary-expr","locations":[{"start":{"line":6,"column":77},"end":{"line":6,"column":80}},{"start":{"line":6,"column":84},"end":{"line":6,"column":98}}],"line":6},"2":{"loc":{"start":{"line":23,"column":4},"end":{"line":25,"column":5}},"type":"if","locations":[{"start":{"line":23,"column":4},"end":{"line":25,"column":5}},{"start":{"line":23,"column":4},"end":{"line":25,"column":5}}],"line":23}},"s":{"0":0,"1":0,"2":0,"3":0,"4":0,"5":0,"6":0,"7":0,"8":0,"9":0,"10":0,"11":0,"12":0,"13":0,"14":0,"15":0,"16":0,"17":0,"18":0,"19":0,"20":0,"21":0,"22":0,"23":0,"24":0,"25":0,"26":0,"27":0,"28":0,"29":0,"30":0,"31":0,"32":0,"33":0,"34":0,"35":0,"36":0,"37":0,"38":0,"39":0,"40":0,"41":0,"42":0,"43":0,"44":0,"45":0,"46":0,"47":0,"48":0},"f":{"0":0,"1":0,"2":0,"3":0,"4":0,"5":0,"6":0,"7":0,"8":0,"9":0,"10":0,"11":0,"12":0,"13":0,"14":0,"15":0,"16":0},"b":{"0":[0,0],"1":[0,0],"2":[0,0]}}
,"/Users/johnbrown/Desktop/projects/mailtroopers/client/src/components/app/App.js": {"path":"/Users/johnbrown/Desktop/projects/mailtroopers/client/src/components/app/App.js","statementMap":{"0":{"start":{"line":1,"column":13},"end":{"line":1,"column":75}},"1":{"start":{"line":1,"column":75},"end":{"line":1,"column":99}},"2":{"start":{"line":1,"column":118},"end":{"line":1,"column":199}},"3":{"start":{"line":12,"column":13},"end":{"line":12,"column":29}},"4":{"start":{"line":12,"column":44},"end":{"line":12,"column":74}},"5":{"start":{"line":12,"column":97},"end":{"line":12,"column":124}},"6":{"start":{"line":12,"column":143},"end":{"line":12,"column":165}},"7":{"start":{"line":12,"column":178},"end":{"line":12,"column":207}},"8":{"start":{"line":12,"column":227},"end":{"line":12,"column":265}},"9":{"start":{"line":12,"column":286},"end":{"line":12,"column":322}},"10":{"start":{"line":12,"column":337},"end":{"line":12,"column":364}},"11":{"start":{"line":12,"column":380},"end":{"line":12,"column":411}},"12":{"start":{"line":12,"column":429},"end":{"line":12,"column":462}},"13":{"start":{"line":12,"column":481},"end":{"line":12,"column":515}},"14":{"start":{"line":12,"column":537},"end":{"line":12,"column":584}},"15":{"start":{"line":12,"column":607},"end":{"line":12,"column":645}},"16":{"start":{"line":13,"column":20},"end":{"line":13,"column":65}},"17":{"start":{"line":13,"column":87},"end":{"line":13,"column":124}},"18":{"start":{"line":15,"column":0},"end":{"line":15,"column":21}},"19":{"start":{"line":15,"column":59},"end":{"line":15,"column":113}},"20":{"start":{"line":20,"column":4},"end":{"line":24,"column":5}},"21":{"start":{"line":23,"column":6},"end":{"line":23,"column":57}},"22":{"start":{"line":28,"column":4},"end":{"line":34,"column":5}},"23":{"start":{"line":30,"column":6},"end":{"line":30,"column":34}},"24":{"start":{"line":31,"column":11},"end":{"line":34,"column":5}},"25":{"start":{"line":33,"column":6},"end":{"line":33,"column":33}},"26":{"start":{"line":38,"column":4},"end":{"line":38,"column":31}},"27":{"start":{"line":42,"column":4},"end":{"line":45,"column":6}},"28":{"start":{"line":43,"column":10},"end":{"line":43,"column":60}},"29":{"start":{"line":49,"column":4},"end":{"line":51,"column":5}},"30":{"start":{"line":50,"column":6},"end":{"line":50,"column":13}},"31":{"start":{"line":52,"column":4},"end":{"line":52,"column":40}},"32":{"start":{"line":57,"column":4},"end":{"line":65,"column":199}},"33":{"start":{"line":61,"column":8},"end":{"line":61,"column":203}},"34":{"start":{"line":68,"column":4},"end":{"line":68,"column":22}},"35":{"start":{"line":71,"column":24},"end":{"line":73,"column":46}},"36":{"start":{"line":71,"column":34},"end":{"line":73,"column":45}},"37":{"start":{"line":73,"column":47},"end":{"line":76,"column":80}}},"fnMap":{"0":{"name":"_interopRequireDefault","decl":{"start":{"line":15,"column":30},"end":{"line":15,"column":52}},"loc":{"start":{"line":15,"column":58},"end":{"line":15,"column":114}},"line":15},"1":{"name":"(anonymous_1)","decl":{"start":{"line":19,"column":2},"end":{"line":19,"column":3}},"loc":{"start":{"line":19,"column":22},"end":{"line":25,"column":3}},"line":19},"2":{"name":"(anonymous_2)","decl":{"start":{"line":27,"column":2},"end":{"line":27,"column":3}},"loc":{"start":{"line":27,"column":39},"end":{"line":35,"column":3}},"line":27},"3":{"name":"(anonymous_3)","decl":{"start":{"line":37,"column":2},"end":{"line":37,"column":3}},"loc":{"start":{"line":37,"column":25},"end":{"line":39,"column":3}},"line":37},"4":{"name":"(anonymous_4)","decl":{"start":{"line":41,"column":2},"end":{"line":41,"column":3}},"loc":{"start":{"line":41,"column":25},"end":{"line":46,"column":3}},"line":41},"5":{"name":"(anonymous_5)","decl":{"start":{"line":43,"column":4},"end":{"line":43,"column":5}},"loc":{"start":{"line":43,"column":10},"end":{"line":43,"column":60}},"line":43},"6":{"name":"(anonymous_6)","decl":{"start":{"line":48,"column":2},"end":{"line":48,"column":3}},"loc":{"start":{"line":48,"column":24},"end":{"line":53,"column":3}},"line":48},"7":{"name":"(anonymous_7)","decl":{"start":{"line":55,"column":2},"end":{"line":55,"column":3}},"loc":{"start":{"line":55,"column":11},"end":{"line":68,"column":3}},"line":55},"8":{"name":"(anonymous_8)","decl":{"start":{"line":60,"column":39},"end":{"line":60,"column":40}},"loc":{"start":{"line":61,"column":8},"end":{"line":61,"column":203}},"line":61},"9":{"name":"(anonymous_9)","decl":{"start":{"line":71,"column":24},"end":{"line":71,"column":25}},"loc":{"start":{"line":71,"column":34},"end":{"line":73,"column":45}},"line":71}},"branchMap":{"0":{"loc":{"start":{"line":15,"column":66},"end":{"line":15,"column":112}},"type":"cond-expr","locations":[{"start":{"line":15,"column":90},"end":{"line":15,"column":93}},{"start":{"line":15,"column":96},"end":{"line":15,"column":112}}],"line":15},"1":{"loc":{"start":{"line":15,"column":66},"end":{"line":15,"column":87}},"type":"binary-expr","locations":[{"start":{"line":15,"column":66},"end":{"line":15,"column":69}},{"start":{"line":15,"column":73},"end":{"line":15,"column":87}}],"line":15},"2":{"loc":{"start":{"line":20,"column":4},"end":{"line":24,"column":5}},"type":"if","locations":[{"start":{"line":20,"column":4},"end":{"line":24,"column":5}},{"start":{"line":20,"column":4},"end":{"line":24,"column":5}}],"line":20},"3":{"loc":{"start":{"line":28,"column":4},"end":{"line":34,"column":5}},"type":"if","locations":[{"start":{"line":28,"column":4},"end":{"line":34,"column":5}},{"start":{"line":28,"column":4},"end":{"line":34,"column":5}}],"line":28},"4":{"loc":{"start":{"line":28,"column":8},"end":{"line":28,"column":50}},"type":"binary-expr","locations":[{"start":{"line":28,"column":8},"end":{"line":28,"column":26}},{"start":{"line":28,"column":30},"end":{"line":28,"column":50}}],"line":28},"5":{"loc":{"start":{"line":31,"column":11},"end":{"line":34,"column":5}},"type":"if","locations":[{"start":{"line":31,"column":11},"end":{"line":34,"column":5}},{"start":{"line":31,"column":11},"end":{"line":34,"column":5}}],"line":31},"6":{"loc":{"start":{"line":31,"column":15},"end":{"line":31,"column":57}},"type":"binary-expr","locations":[{"start":{"line":31,"column":15},"end":{"line":31,"column":34}},{"start":{"line":31,"column":38},"end":{"line":31,"column":57}}],"line":31},"7":{"loc":{"start":{"line":49,"column":4},"end":{"line":51,"column":5}},"type":"if","locations":[{"start":{"line":49,"column":4},"end":{"line":51,"column":5}},{"start":{"line":49,"column":4},"end":{"line":51,"column":5}}],"line":49}},"s":{"0":0,"1":0,"2":0,"3":0,"4":0,"5":0,"6":0,"7":0,"8":0,"9":0,"10":0,"11":0,"12":0,"13":0,"14":0,"15":0,"16":0,"17":0,"18":0,"19":0,"20":0,"21":0,"22":0,"23":0,"24":0,"25":0,"26":0,"27":0,"28":0,"29":0,"30":0,"31":0,"32":0,"33":0,"34":0,"35":0,"36":0,"37":0},"f":{"0":0,"1":0,"2":0,"3":0,"4":0,"5":0,"6":0,"7":0,"8":0,"9":0},"b":{"0":[0,0],"1":[0,0],"2":[0,0],"3":[0,0],"4":[0,0],"5":[0,0],"6":[0,0],"7":[0,0]}}
,"/Users/johnbrown/Desktop/projects/mailtroopers/client/src/components/dashboard/Dashboard.js": {"path":"/Users/johnbrown/Desktop/projects/mailtroopers/client/src/components/dashboard/Dashboard.js","statementMap":{"0":{"start":{"line":1,"column":13},"end":{"line":1,"column":75}},"1":{"start":{"line":1,"column":75},"end":{"line":1,"column":105}},"2":{"start":{"line":1,"column":124},"end":{"line":1,"column":217}},"3":{"start":{"line":1,"column":231},"end":{"line":1,"column":247}},"4":{"start":{"line":1,"column":262},"end":{"line":1,"column":292}},"5":{"start":{"line":2,"column":18},"end":{"line":2,"column":40}},"6":{"start":{"line":3,"column":22},"end":{"line":3,"column":49}},"7":{"start":{"line":4,"column":20},"end":{"line":4,"column":51}},"8":{"start":{"line":4,"column":73},"end":{"line":4,"column":110}},"9":{"start":{"line":6,"column":20},"end":{"line":6,"column":59}},"10":{"start":{"line":6,"column":81},"end":{"line":6,"column":118}},"11":{"start":{"line":7,"column":19},"end":{"line":7,"column":56}},"12":{"start":{"line":7,"column":77},"end":{"line":7,"column":113}},"13":{"start":{"line":8,"column":12},"end":{"line":8,"column":34}},"14":{"start":{"line":8,"column":48},"end":{"line":8,"column":77}},"15":{"start":{"line":9,"column":14},"end":{"line":9,"column":41}},"16":{"start":{"line":9,"column":57},"end":{"line":9,"column":88}},"17":{"start":{"line":12,"column":20},"end":{"line":12,"column":67}},"18":{"start":{"line":12,"column":89},"end":{"line":12,"column":126}},"19":{"start":{"line":13,"column":20},"end":{"line":13,"column":67}},"20":{"start":{"line":13,"column":89},"end":{"line":13,"column":126}},"21":{"start":{"line":14,"column":24},"end":{"line":14,"column":80}},"22":{"start":{"line":14,"column":106},"end":{"line":14,"column":147}},"23":{"start":{"line":16,"column":0},"end":{"line":16,"column":27}},"24":{"start":{"line":16,"column":65},"end":{"line":16,"column":119}},"25":{"start":{"line":21,"column":8},"end":{"line":23,"column":9}},"26":{"start":{"line":22,"column":12},"end":{"line":22,"column":19}},"27":{"start":{"line":31,"column":8},"end":{"line":31,"column":49}},"28":{"start":{"line":32,"column":8},"end":{"line":34,"column":9}},"29":{"start":{"line":33,"column":12},"end":{"line":33,"column":156}},"30":{"start":{"line":36,"column":29},"end":{"line":36,"column":185}},"31":{"start":{"line":37,"column":29},"end":{"line":37,"column":185}},"32":{"start":{"line":38,"column":33},"end":{"line":38,"column":197}},"33":{"start":{"line":40,"column":8},"end":{"line":57,"column":35}},"34":{"start":{"line":60,"column":6},"end":{"line":60,"column":36}},"35":{"start":{"line":64,"column":24},"end":{"line":70,"column":33}},"36":{"start":{"line":64,"column":34},"end":{"line":70,"column":32}},"37":{"start":{"line":70,"column":34},"end":{"line":73,"column":53}}},"fnMap":{"0":{"name":"_interopRequireDefault","decl":{"start":{"line":16,"column":36},"end":{"line":16,"column":58}},"loc":{"start":{"line":16,"column":64},"end":{"line":16,"column":120}},"line":16},"1":{"name":"(anonymous_1)","decl":{"start":{"line":20,"column":4},"end":{"line":20,"column":5}},"loc":{"start":{"line":20,"column":24},"end":{"line":28,"column":5}},"line":20},"2":{"name":"(anonymous_2)","decl":{"start":{"line":30,"column":4},"end":{"line":30,"column":5}},"loc":{"start":{"line":30,"column":13},"end":{"line":60,"column":5}},"line":30},"3":{"name":"(anonymous_3)","decl":{"start":{"line":64,"column":24},"end":{"line":64,"column":25}},"loc":{"start":{"line":64,"column":34},"end":{"line":70,"column":32}},"line":64}},"branchMap":{"0":{"loc":{"start":{"line":16,"column":72},"end":{"line":16,"column":118}},"type":"cond-expr","locations":[{"start":{"line":16,"column":96},"end":{"line":16,"column":99}},{"start":{"line":16,"column":102},"end":{"line":16,"column":118}}],"line":16},"1":{"loc":{"start":{"line":16,"column":72},"end":{"line":16,"column":93}},"type":"binary-expr","locations":[{"start":{"line":16,"column":72},"end":{"line":16,"column":75}},{"start":{"line":16,"column":79},"end":{"line":16,"column":93}}],"line":16},"2":{"loc":{"start":{"line":21,"column":8},"end":{"line":23,"column":9}},"type":"if","locations":[{"start":{"line":21,"column":8},"end":{"line":23,"column":9}},{"start":{"line":21,"column":8},"end":{"line":23,"column":9}}],"line":21},"3":{"loc":{"start":{"line":32,"column":8},"end":{"line":34,"column":9}},"type":"if","locations":[{"start":{"line":32,"column":8},"end":{"line":34,"column":9}},{"start":{"line":32,"column":8},"end":{"line":34,"column":9}}],"line":32},"4":{"loc":{"start":{"line":36,"column":29},"end":{"line":36,"column":185}},"type":"cond-expr","locations":[{"start":{"line":36,"column":55},"end":{"line":36,"column":180}},{"start":{"line":36,"column":183},"end":{"line":36,"column":185}}],"line":36},"5":{"loc":{"start":{"line":37,"column":29},"end":{"line":37,"column":185}},"type":"cond-expr","locations":[{"start":{"line":37,"column":55},"end":{"line":37,"column":180}},{"start":{"line":37,"column":183},"end":{"line":37,"column":185}}],"line":37},"6":{"loc":{"start":{"line":38,"column":33},"end":{"line":38,"column":197}},"type":"cond-expr","locations":[{"start":{"line":38,"column":63},"end":{"line":38,"column":192}},{"start":{"line":38,"column":195},"end":{"line":38,"column":197}}],"line":38},"7":{"loc":{"start":{"line":43,"column":16},"end":{"line":51,"column":185}},"type":"cond-expr","locations":[{"start":{"line":44,"column":16},"end":{"line":48,"column":138}},{"start":{"line":50,"column":16},"end":{"line":51,"column":185}}],"line":43},"8":{"loc":{"start":{"line":43,"column":16},"end":{"line":43,"column":59}},"type":"binary-expr","locations":[{"start":{"line":43,"column":16},"end":{"line":43,"column":38}},{"start":{"line":43,"column":42},"end":{"line":43,"column":59}}],"line":43}},"s":{"0":0,"1":0,"2":0,"3":0,"4":0,"5":0,"6":0,"7":0,"8":0,"9":0,"10":0,"11":0,"12":0,"13":0,"14":0,"15":0,"16":0,"17":0,"18":0,"19":0,"20":0,"21":0,"22":0,"23":0,"24":0,"25":0,"26":0,"27":0,"28":0,"29":0,"30":0,"31":0,"32":0,"33":0,"34":0,"35":0,"36":0,"37":0},"f":{"0":0,"1":0,"2":0,"3":0},"b":{"0":[0,0],"1":[0,0],"2":[0,0],"3":[0,0],"4":[0,0],"5":[0,0],"6":[0,0],"7":[0,0],"8":[0,0]}}
,"/Users/johnbrown/Desktop/projects/mailtroopers/client/src/components/dashboard/left-sidebar/LeftSidebar.js": {"path":"/Users/johnbrown/Desktop/projects/mailtroopers/client/src/components/dashboard/left-sidebar/LeftSidebar.js","statementMap":{"0":{"start":{"line":1,"column":13},"end":{"line":1,"column":75}},"1":{"start":{"line":1,"column":94},"end":{"line":1,"column":202}},"2":{"start":{"line":1,"column":216},"end":{"line":1,"column":232}},"3":{"start":{"line":1,"column":247},"end":{"line":1,"column":277}},"4":{"start":{"line":2,"column":18},"end":{"line":2,"column":40}},"5":{"start":{"line":3,"column":14},"end":{"line":3,"column":31}},"6":{"start":{"line":3,"column":47},"end":{"line":3,"column":78}},"7":{"start":{"line":5,"column":13},"end":{"line":5,"column":46}},"8":{"start":{"line":6,"column":15},"end":{"line":6,"column":42}},"9":{"start":{"line":8,"column":0},"end":{"line":8,"column":29}},"10":{"start":{"line":8,"column":67},"end":{"line":8,"column":121}},"11":{"start":{"line":11,"column":20},"end":{"line":14,"column":3}},"12":{"start":{"line":12,"column":4},"end":{"line":12,"column":23}},"13":{"start":{"line":13,"column":4},"end":{"line":13,"column":52}},"14":{"start":{"line":16,"column":22},"end":{"line":18,"column":3}},"15":{"start":{"line":17,"column":4},"end":{"line":17,"column":65}},"16":{"start":{"line":20,"column":17},"end":{"line":48,"column":3}},"17":{"start":{"line":21,"column":4},"end":{"line":47,"column":5}},"18":{"start":{"line":22,"column":6},"end":{"line":46,"column":9}},"19":{"start":{"line":23,"column":8},"end":{"line":41,"column":216}},"20":{"start":{"line":28,"column":16},"end":{"line":28,"column":76}},"21":{"start":{"line":31,"column":16},"end":{"line":31,"column":77}},"22":{"start":{"line":41,"column":94},"end":{"line":41,"column":130}},"23":{"start":{"line":50,"column":2},"end":{"line":54,"column":5}},"24":{"start":{"line":51,"column":4},"end":{"line":51,"column":37}},"25":{"start":{"line":52,"column":4},"end":{"line":52,"column":57}},"26":{"start":{"line":53,"column":4},"end":{"line":53,"column":52}},"27":{"start":{"line":56,"column":2},"end":{"line":58,"column":5}},"28":{"start":{"line":57,"column":4},"end":{"line":57,"column":59}},"29":{"start":{"line":60,"column":2},"end":{"line":75,"column":20}},"30":{"start":{"line":70,"column":28},"end":{"line":70,"column":40}},"31":{"start":{"line":81,"column":24},"end":{"line":83,"column":28}},"32":{"start":{"line":81,"column":34},"end":{"line":83,"column":27}},"33":{"start":{"line":83,"column":29},"end":{"line":86,"column":55}}},"fnMap":{"0":{"name":"_interopRequireDefault","decl":{"start":{"line":8,"column":38},"end":{"line":8,"column":60}},"loc":{"start":{"line":8,"column":66},"end":{"line":8,"column":122}},"line":8},"1":{"name":"LeftSidebar","decl":{"start":{"line":10,"column":9},"end":{"line":10,"column":20}},"loc":{"start":{"line":10,"column":28},"end":{"line":79,"column":1}},"line":10},"2":{"name":"(anonymous_2)","decl":{"start":{"line":11,"column":20},"end":{"line":11,"column":21}},"loc":{"start":{"line":11,"column":25},"end":{"line":14,"column":3}},"line":11},"3":{"name":"(anonymous_3)","decl":{"start":{"line":16,"column":22},"end":{"line":16,"column":23}},"loc":{"start":{"line":16,"column":44},"end":{"line":18,"column":3}},"line":16},"4":{"name":"(anonymous_4)","decl":{"start":{"line":20,"column":17},"end":{"line":20,"column":18}},"loc":{"start":{"line":20,"column":23},"end":{"line":48,"column":3}},"line":20},"5":{"name":"(anonymous_5)","decl":{"start":{"line":22,"column":30},"end":{"line":22,"column":31}},"loc":{"start":{"line":22,"column":48},"end":{"line":46,"column":7}},"line":22},"6":{"name":"(anonymous_6)","decl":{"start":{"line":27,"column":27},"end":{"line":27,"column":28}},"loc":{"start":{"line":27,"column":32},"end":{"line":29,"column":15}},"line":27},"7":{"name":"(anonymous_7)","decl":{"start":{"line":30,"column":28},"end":{"line":30,"column":29}},"loc":{"start":{"line":30,"column":33},"end":{"line":32,"column":15}},"line":30},"8":{"name":"(anonymous_8)","decl":{"start":{"line":41,"column":88},"end":{"line":41,"column":89}},"loc":{"start":{"line":41,"column":94},"end":{"line":41,"column":130}},"line":41},"9":{"name":"(anonymous_9)","decl":{"start":{"line":50,"column":36},"end":{"line":50,"column":37}},"loc":{"start":{"line":50,"column":48},"end":{"line":54,"column":3}},"line":50},"10":{"name":"(anonymous_10)","decl":{"start":{"line":56,"column":38},"end":{"line":56,"column":39}},"loc":{"start":{"line":56,"column":52},"end":{"line":58,"column":3}},"line":56},"11":{"name":"(anonymous_11)","decl":{"start":{"line":70,"column":23},"end":{"line":70,"column":24}},"loc":{"start":{"line":70,"column":28},"end":{"line":70,"column":40}},"line":70},"12":{"name":"(anonymous_12)","decl":{"start":{"line":81,"column":24},"end":{"line":81,"column":25}},"loc":{"start":{"line":81,"column":34},"end":{"line":83,"column":27}},"line":81}},"branchMap":{"0":{"loc":{"start":{"line":8,"column":74},"end":{"line":8,"column":120}},"type":"cond-expr","locations":[{"start":{"line":8,"column":98},"end":{"line":8,"column":101}},{"start":{"line":8,"column":104},"end":{"line":8,"column":120}}],"line":8},"1":{"loc":{"start":{"line":8,"column":74},"end":{"line":8,"column":95}},"type":"binary-expr","locations":[{"start":{"line":8,"column":74},"end":{"line":8,"column":77}},{"start":{"line":8,"column":81},"end":{"line":8,"column":95}}],"line":8},"2":{"loc":{"start":{"line":21,"column":4},"end":{"line":47,"column":5}},"type":"if","locations":[{"start":{"line":21,"column":4},"end":{"line":47,"column":5}},{"start":{"line":21,"column":4},"end":{"line":47,"column":5}}],"line":21}},"s":{"0":0,"1":0,"2":0,"3":0,"4":0,"5":0,"6":0,"7":0,"8":0,"9":0,"10":0,"11":0,"12":0,"13":0,"14":0,"15":0,"16":0,"17":0,"18":0,"19":0,"20":0,"21":0,"22":0,"23":0,"24":0,"25":0,"26":0,"27":0,"28":0,"29":0,"30":0,"31":0,"32":0,"33":0},"f":{"0":0,"1":0,"2":0,"3":0,"4":0,"5":0,"6":0,"7":0,"8":0,"9":0,"10":0,"11":0,"12":0},"b":{"0":[0,0],"1":[0,0],"2":[0,0]}}
,"/Users/johnbrown/Desktop/projects/mailtroopers/client/src/components/dashboard/main/Main.js": {"path":"/Users/johnbrown/Desktop/projects/mailtroopers/client/src/components/dashboard/main/Main.js","statementMap":{"0":{"start":{"line":1,"column":13},"end":{"line":1,"column":75}},"1":{"start":{"line":1,"column":75},"end":{"line":1,"column":100}},"2":{"start":{"line":1,"column":119},"end":{"line":1,"column":212}},"3":{"start":{"line":1,"column":226},"end":{"line":1,"column":242}},"4":{"start":{"line":1,"column":257},"end":{"line":1,"column":287}},"5":{"start":{"line":2,"column":18},"end":{"line":2,"column":40}},"6":{"start":{"line":3,"column":14},"end":{"line":3,"column":41}},"7":{"start":{"line":3,"column":57},"end":{"line":3,"column":88}},"8":{"start":{"line":4,"column":14},"end":{"line":4,"column":40}},"9":{"start":{"line":6,"column":15},"end":{"line":6,"column":43}},"10":{"start":{"line":6,"column":60},"end":{"line":6,"column":92}},"11":{"start":{"line":7,"column":15},"end":{"line":7,"column":42}},"12":{"start":{"line":8,"column":0},"end":{"line":8,"column":22}},"13":{"start":{"line":8,"column":60},"end":{"line":8,"column":114}},"14":{"start":{"line":10,"column":15},"end":{"line":10,"column":56}},"15":{"start":{"line":14,"column":4},"end":{"line":14,"column":17}},"16":{"start":{"line":14,"column":17},"end":{"line":41,"column":6}},"17":{"start":{"line":31,"column":6},"end":{"line":33,"column":7}},"18":{"start":{"line":32,"column":8},"end":{"line":32,"column":42}},"19":{"start":{"line":34,"column":6},"end":{"line":36,"column":7}},"20":{"start":{"line":35,"column":8},"end":{"line":35,"column":41}},"21":{"start":{"line":37,"column":6},"end":{"line":39,"column":7}},"22":{"start":{"line":38,"column":8},"end":{"line":38,"column":42}},"23":{"start":{"line":40,"column":6},"end":{"line":40,"column":20}},"24":{"start":{"line":41,"column":6},"end":{"line":41,"column":33}},"25":{"start":{"line":41,"column":33},"end":{"line":41,"column":97}},"26":{"start":{"line":41,"column":71},"end":{"line":41,"column":95}},"27":{"start":{"line":41,"column":120},"end":{"line":41,"column":168}},"28":{"start":{"line":41,"column":149},"end":{"line":41,"column":165}},"29":{"start":{"line":41,"column":168},"end":{"line":41,"column":200}},"30":{"start":{"line":44,"column":4},"end":{"line":50,"column":5}},"31":{"start":{"line":45,"column":6},"end":{"line":49,"column":7}},"32":{"start":{"line":46,"column":8},"end":{"line":46,"column":41}},"33":{"start":{"line":48,"column":8},"end":{"line":48,"column":40}},"34":{"start":{"line":51,"column":4},"end":{"line":57,"column":5}},"35":{"start":{"line":52,"column":6},"end":{"line":56,"column":7}},"36":{"start":{"line":53,"column":8},"end":{"line":53,"column":40}},"37":{"start":{"line":55,"column":8},"end":{"line":55,"column":41}},"38":{"start":{"line":61,"column":4},"end":{"line":78,"column":164}},"39":{"start":{"line":67,"column":28},"end":{"line":67,"column":76}},"40":{"start":{"line":76,"column":28},"end":{"line":76,"column":77}},"41":{"start":{"line":82,"column":4},"end":{"line":82,"column":24}},"42":{"start":{"line":86,"column":24},"end":{"line":88,"column":57}},"43":{"start":{"line":86,"column":34},"end":{"line":88,"column":56}},"44":{"start":{"line":88,"column":58},"end":{"line":91,"column":48}}},"fnMap":{"0":{"name":"_interopRequireDefault","decl":{"start":{"line":8,"column":31},"end":{"line":8,"column":53}},"loc":{"start":{"line":8,"column":59},"end":{"line":8,"column":115}},"line":8},"1":{"name":"(anonymous_1)","decl":{"start":{"line":13,"column":2},"end":{"line":13,"column":3}},"loc":{"start":{"line":13,"column":21},"end":{"line":41,"column":98}},"line":13},"2":{"name":"(anonymous_2)","decl":{"start":{"line":30,"column":20},"end":{"line":30,"column":21}},"loc":{"start":{"line":30,"column":26},"end":{"line":41,"column":5}},"line":30},"3":{"name":"(anonymous_3)","decl":{"start":{"line":41,"column":55},"end":{"line":41,"column":56}},"loc":{"start":{"line":41,"column":71},"end":{"line":41,"column":95}},"line":41},"4":{"name":"(anonymous_4)","decl":{"start":{"line":41,"column":98},"end":{"line":41,"column":99}},"loc":{"start":{"line":41,"column":119},"end":{"line":41,"column":201}},"line":41},"5":{"name":"(anonymous_5)","decl":{"start":{"line":41,"column":139},"end":{"line":41,"column":140}},"loc":{"start":{"line":41,"column":148},"end":{"line":41,"column":166}},"line":41},"6":{"name":"(anonymous_6)","decl":{"start":{"line":43,"column":2},"end":{"line":43,"column":3}},"loc":{"start":{"line":43,"column":21},"end":{"line":58,"column":3}},"line":43},"7":{"name":"(anonymous_7)","decl":{"start":{"line":60,"column":2},"end":{"line":60,"column":3}},"loc":{"start":{"line":60,"column":11},"end":{"line":82,"column":3}},"line":60},"8":{"name":"(anonymous_8)","decl":{"start":{"line":67,"column":21},"end":{"line":67,"column":22}},"loc":{"start":{"line":67,"column":27},"end":{"line":67,"column":77}},"line":67},"9":{"name":"(anonymous_9)","decl":{"start":{"line":76,"column":21},"end":{"line":76,"column":22}},"loc":{"start":{"line":76,"column":27},"end":{"line":76,"column":78}},"line":76},"10":{"name":"(anonymous_10)","decl":{"start":{"line":86,"column":24},"end":{"line":86,"column":25}},"loc":{"start":{"line":86,"column":34},"end":{"line":88,"column":56}},"line":86}},"branchMap":{"0":{"loc":{"start":{"line":8,"column":67},"end":{"line":8,"column":113}},"type":"cond-expr","locations":[{"start":{"line":8,"column":91},"end":{"line":8,"column":94}},{"start":{"line":8,"column":97},"end":{"line":8,"column":113}}],"line":8},"1":{"loc":{"start":{"line":8,"column":67},"end":{"line":8,"column":88}},"type":"binary-expr","locations":[{"start":{"line":8,"column":67},"end":{"line":8,"column":70}},{"start":{"line":8,"column":74},"end":{"line":8,"column":88}}],"line":8},"2":{"loc":{"start":{"line":31,"column":6},"end":{"line":33,"column":7}},"type":"if","locations":[{"start":{"line":31,"column":6},"end":{"line":33,"column":7}},{"start":{"line":31,"column":6},"end":{"line":33,"column":7}}],"line":31},"3":{"loc":{"start":{"line":31,"column":10},"end":{"line":31,"column":68}},"type":"binary-expr","locations":[{"start":{"line":31,"column":10},"end":{"line":31,"column":36}},{"start":{"line":31,"column":40},"end":{"line":31,"column":68}}],"line":31},"4":{"loc":{"start":{"line":34,"column":6},"end":{"line":36,"column":7}},"type":"if","locations":[{"start":{"line":34,"column":6},"end":{"line":36,"column":7}},{"start":{"line":34,"column":6},"end":{"line":36,"column":7}}],"line":34},"5":{"loc":{"start":{"line":34,"column":10},"end":{"line":34,"column":68}},"type":"binary-expr","locations":[{"start":{"line":34,"column":10},"end":{"line":34,"column":37}},{"start":{"line":34,"column":41},"end":{"line":34,"column":68}}],"line":34},"6":{"loc":{"start":{"line":37,"column":6},"end":{"line":39,"column":7}},"type":"if","locations":[{"start":{"line":37,"column":6},"end":{"line":39,"column":7}},{"start":{"line":37,"column":6},"end":{"line":39,"column":7}}],"line":37},"7":{"loc":{"start":{"line":37,"column":10},"end":{"line":37,"column":69}},"type":"binary-expr","locations":[{"start":{"line":37,"column":10},"end":{"line":37,"column":37}},{"start":{"line":37,"column":41},"end":{"line":37,"column":69}}],"line":37},"8":{"loc":{"start":{"line":44,"column":4},"end":{"line":50,"column":5}},"type":"if","locations":[{"start":{"line":44,"column":4},"end":{"line":50,"column":5}},{"start":{"line":44,"column":4},"end":{"line":50,"column":5}}],"line":44},"9":{"loc":{"start":{"line":45,"column":6},"end":{"line":49,"column":7}},"type":"if","locations":[{"start":{"line":45,"column":6},"end":{"line":49,"column":7}},{"start":{"line":45,"column":6},"end":{"line":49,"column":7}}],"line":45},"10":{"loc":{"start":{"line":51,"column":4},"end":{"line":57,"column":5}},"type":"if","locations":[{"start":{"line":51,"column":4},"end":{"line":57,"column":5}},{"start":{"line":51,"column":4},"end":{"line":57,"column":5}}],"line":51},"11":{"loc":{"start":{"line":52,"column":6},"end":{"line":56,"column":7}},"type":"if","locations":[{"start":{"line":52,"column":6},"end":{"line":56,"column":7}},{"start":{"line":52,"column":6},"end":{"line":56,"column":7}}],"line":52}},"s":{"0":0,"1":0,"2":0,"3":0,"4":0,"5":0,"6":0,"7":0,"8":0,"9":0,"10":0,"11":0,"12":0,"13":0,"14":0,"15":0,"16":0,"17":0,"18":0,"19":0,"20":0,"21":0,"22":0,"23":0,"24":0,"25":0,"26":0,"27":0,"28":0,"29":0,"30":0,"31":0,"32":0,"33":0,"34":0,"35":0,"36":0,"37":0,"38":0,"39":0,"40":0,"41":0,"42":0,"43":0,"44":0},"f":{"0":0,"1":0,"2":0,"3":0,"4":0,"5":0,"6":0,"7":0,"8":0,"9":0,"10":0},"b":{"0":[0,0],"1":[0,0],"2":[0,0],"3":[0,0],"4":[0,0],"5":[0,0],"6":[0,0],"7":[0,0],"8":[0,0],"9":[0,0],"10":[0,0],"11":[0,0]}}
,"/Users/johnbrown/Desktop/projects/mailtroopers/client/src/components/dashboard/main/version/Version.js": {"path":"/Users/johnbrown/Desktop/projects/mailtroopers/client/src/components/dashboard/main/version/Version.js","statementMap":{"0":{"start":{"line":6,"column":2},"end":{"line":17,"column":3}}},"fnMap":{"0":{"name":"Version","decl":{"start":{"line":5,"column":9},"end":{"line":5,"column":16}},"loc":{"start":{"line":5,"column":25},"end":{"line":18,"column":1}},"line":5}},"branchMap":{},"s":{"0":1},"f":{"0":1},"b":{},"_coverageSchema":"332fd63041d2c1bcb487cc26dd0d5f7d97098a6c","hash":"cfaa3fcc6f742287fc964cf5798d28fad45953c2"}
,"/Users/johnbrown/Desktop/projects/mailtroopers/client/src/components/dashboard/right-sidebar/RightSidebar.js": {"path":"/Users/johnbrown/Desktop/projects/mailtroopers/client/src/components/dashboard/right-sidebar/RightSidebar.js","statementMap":{"0":{"start":{"line":1,"column":13},"end":{"line":1,"column":75}},"1":{"start":{"line":1,"column":75},"end":{"line":1,"column":108}},"2":{"start":{"line":1,"column":127},"end":{"line":1,"column":237}},"3":{"start":{"line":1,"column":251},"end":{"line":1,"column":267}},"4":{"start":{"line":1,"column":282},"end":{"line":1,"column":312}},"5":{"start":{"line":2,"column":18},"end":{"line":2,"column":40}},"6":{"start":{"line":4,"column":16},"end":{"line":4,"column":46}},"7":{"start":{"line":4,"column":64},"end":{"line":4,"column":97}},"8":{"start":{"line":5,"column":13},"end":{"line":5,"column":37}},"9":{"start":{"line":5,"column":52},"end":{"line":5,"column":82}},"10":{"start":{"line":7,"column":15},"end":{"line":7,"column":42}},"11":{"start":{"line":9,"column":0},"end":{"line":9,"column":30}},"12":{"start":{"line":9,"column":68},"end":{"line":9,"column":122}},"13":{"start":{"line":14,"column":4},"end":{"line":16,"column":5}},"14":{"start":{"line":15,"column":6},"end":{"line":15,"column":40}},"15":{"start":{"line":17,"column":4},"end":{"line":19,"column":5}},"16":{"start":{"line":18,"column":6},"end":{"line":18,"column":44}},"17":{"start":{"line":20,"column":4},"end":{"line":22,"column":5}},"18":{"start":{"line":21,"column":6},"end":{"line":21,"column":53}},"19":{"start":{"line":23,"column":4},"end":{"line":23,"column":27}},"20":{"start":{"line":27,"column":4},"end":{"line":33,"column":5}},"21":{"start":{"line":28,"column":6},"end":{"line":32,"column":7}},"22":{"start":{"line":29,"column":8},"end":{"line":29,"column":38}},"23":{"start":{"line":31,"column":8},"end":{"line":31,"column":59}},"24":{"start":{"line":34,"column":4},"end":{"line":40,"column":5}},"25":{"start":{"line":35,"column":6},"end":{"line":39,"column":7}},"26":{"start":{"line":36,"column":8},"end":{"line":36,"column":42}},"27":{"start":{"line":38,"column":8},"end":{"line":38,"column":67}},"28":{"start":{"line":44,"column":4},"end":{"line":66,"column":132}},"29":{"start":{"line":49,"column":28},"end":{"line":49,"column":69}},"30":{"start":{"line":60,"column":28},"end":{"line":60,"column":73}},"31":{"start":{"line":69,"column":4},"end":{"line":69,"column":40}},"32":{"start":{"line":72,"column":24},"end":{"line":74,"column":49}},"33":{"start":{"line":72,"column":34},"end":{"line":74,"column":48}},"34":{"start":{"line":74,"column":50},"end":{"line":77,"column":56}}},"fnMap":{"0":{"name":"_interopRequireDefault","decl":{"start":{"line":9,"column":39},"end":{"line":9,"column":61}},"loc":{"start":{"line":9,"column":67},"end":{"line":9,"column":123}},"line":9},"1":{"name":"(anonymous_1)","decl":{"start":{"line":13,"column":2},"end":{"line":13,"column":3}},"loc":{"start":{"line":13,"column":15},"end":{"line":24,"column":3}},"line":13},"2":{"name":"(anonymous_2)","decl":{"start":{"line":26,"column":2},"end":{"line":26,"column":3}},"loc":{"start":{"line":26,"column":21},"end":{"line":41,"column":3}},"line":26},"3":{"name":"(anonymous_3)","decl":{"start":{"line":43,"column":2},"end":{"line":43,"column":3}},"loc":{"start":{"line":43,"column":11},"end":{"line":69,"column":3}},"line":43},"4":{"name":"(anonymous_4)","decl":{"start":{"line":49,"column":21},"end":{"line":49,"column":22}},"loc":{"start":{"line":49,"column":27},"end":{"line":49,"column":70}},"line":49},"5":{"name":"(anonymous_5)","decl":{"start":{"line":60,"column":21},"end":{"line":60,"column":22}},"loc":{"start":{"line":60,"column":27},"end":{"line":60,"column":74}},"line":60},"6":{"name":"(anonymous_6)","decl":{"start":{"line":72,"column":24},"end":{"line":72,"column":25}},"loc":{"start":{"line":72,"column":34},"end":{"line":74,"column":48}},"line":72}},"branchMap":{"0":{"loc":{"start":{"line":9,"column":75},"end":{"line":9,"column":121}},"type":"cond-expr","locations":[{"start":{"line":9,"column":99},"end":{"line":9,"column":102}},{"start":{"line":9,"column":105},"end":{"line":9,"column":121}}],"line":9},"1":{"loc":{"start":{"line":9,"column":75},"end":{"line":9,"column":96}},"type":"binary-expr","locations":[{"start":{"line":9,"column":75},"end":{"line":9,"column":78}},{"start":{"line":9,"column":82},"end":{"line":9,"column":96}}],"line":9},"2":{"loc":{"start":{"line":14,"column":4},"end":{"line":16,"column":5}},"type":"if","locations":[{"start":{"line":14,"column":4},"end":{"line":16,"column":5}},{"start":{"line":14,"column":4},"end":{"line":16,"column":5}}],"line":14},"3":{"loc":{"start":{"line":14,"column":8},"end":{"line":14,"column":55}},"type":"binary-expr","locations":[{"start":{"line":14,"column":8},"end":{"line":14,"column":28}},{"start":{"line":14,"column":32},"end":{"line":14,"column":55}}],"line":14},"4":{"loc":{"start":{"line":17,"column":4},"end":{"line":19,"column":5}},"type":"if","locations":[{"start":{"line":17,"column":4},"end":{"line":19,"column":5}},{"start":{"line":17,"column":4},"end":{"line":19,"column":5}}],"line":17},"5":{"loc":{"start":{"line":17,"column":8},"end":{"line":17,"column":55}},"type":"binary-expr","locations":[{"start":{"line":17,"column":8},"end":{"line":17,"column":27}},{"start":{"line":17,"column":31},"end":{"line":17,"column":55}}],"line":17},"6":{"loc":{"start":{"line":20,"column":4},"end":{"line":22,"column":5}},"type":"if","locations":[{"start":{"line":20,"column":4},"end":{"line":22,"column":5}},{"start":{"line":20,"column":4},"end":{"line":22,"column":5}}],"line":20},"7":{"loc":{"start":{"line":20,"column":8},"end":{"line":20,"column":56}},"type":"binary-expr","locations":[{"start":{"line":20,"column":8},"end":{"line":20,"column":28}},{"start":{"line":20,"column":32},"end":{"line":20,"column":56}}],"line":20},"8":{"loc":{"start":{"line":27,"column":4},"end":{"line":33,"column":5}},"type":"if","locations":[{"start":{"line":27,"column":4},"end":{"line":33,"column":5}},{"start":{"line":27,"column":4},"end":{"line":33,"column":5}}],"line":27},"9":{"loc":{"start":{"line":28,"column":6},"end":{"line":32,"column":7}},"type":"if","locations":[{"start":{"line":28,"column":6},"end":{"line":32,"column":7}},{"start":{"line":28,"column":6},"end":{"line":32,"column":7}}],"line":28},"10":{"loc":{"start":{"line":34,"column":4},"end":{"line":40,"column":5}},"type":"if","locations":[{"start":{"line":34,"column":4},"end":{"line":40,"column":5}},{"start":{"line":34,"column":4},"end":{"line":40,"column":5}}],"line":34},"11":{"loc":{"start":{"line":35,"column":6},"end":{"line":39,"column":7}},"type":"if","locations":[{"start":{"line":35,"column":6},"end":{"line":39,"column":7}},{"start":{"line":35,"column":6},"end":{"line":39,"column":7}}],"line":35}},"s":{"0":0,"1":0,"2":0,"3":0,"4":0,"5":0,"6":0,"7":0,"8":0,"9":0,"10":0,"11":0,"12":0,"13":0,"14":0,"15":0,"16":0,"17":0,"18":0,"19":0,"20":0,"21":0,"22":0,"23":0,"24":0,"25":0,"26":0,"27":0,"28":0,"29":0,"30":0,"31":0,"32":0,"33":0,"34":0},"f":{"0":0,"1":0,"2":0,"3":0,"4":0,"5":0,"6":0},"b":{"0":[0,0],"1":[0,0],"2":[0,0],"3":[0,0],"4":[0,0],"5":[0,0],"6":[0,0],"7":[0,0],"8":[0,0],"9":[0,0],"10":[0,0],"11":[0,0]}}
,"/Users/johnbrown/Desktop/projects/mailtroopers/client/src/components/dashboard/right-sidebar/comments/Comments.js": {"path":"/Users/johnbrown/Desktop/projects/mailtroopers/client/src/components/dashboard/right-sidebar/comments/Comments.js","statementMap":{"0":{"start":{"line":1,"column":13},"end":{"line":1,"column":75}},"1":{"start":{"line":1,"column":75},"end":{"line":1,"column":104}},"2":{"start":{"line":1,"column":123},"end":{"line":1,"column":238}},"3":{"start":{"line":6,"column":13},"end":{"line":6,"column":29}},"4":{"start":{"line":6,"column":44},"end":{"line":6,"column":74}},"5":{"start":{"line":6,"column":93},"end":{"line":6,"column":115}},"6":{"start":{"line":6,"column":131},"end":{"line":6,"column":161}},"7":{"start":{"line":7,"column":0},"end":{"line":7,"column":26}},"8":{"start":{"line":7,"column":64},"end":{"line":7,"column":118}},"9":{"start":{"line":11,"column":4},"end":{"line":11,"column":17}},"10":{"start":{"line":12,"column":4},"end":{"line":26,"column":29}},"11":{"start":{"line":30,"column":4},"end":{"line":38,"column":7}},"12":{"start":{"line":31,"column":6},"end":{"line":35,"column":180}},"13":{"start":{"line":40,"column":4},"end":{"line":40,"column":61}},"14":{"start":{"line":44,"column":4},"end":{"line":44,"column":23}},"15":{"start":{"line":45,"column":4},"end":{"line":45,"column":53}},"16":{"start":{"line":49,"column":4},"end":{"line":54,"column":24}},"17":{"start":{"line":57,"column":4},"end":{"line":57,"column":32}},"18":{"start":{"line":57,"column":32},"end":{"line":60,"column":37}}},"fnMap":{"0":{"name":"_interopRequireDefault","decl":{"start":{"line":7,"column":35},"end":{"line":7,"column":57}},"loc":{"start":{"line":7,"column":63},"end":{"line":7,"column":119}},"line":7},"1":{"name":"(anonymous_1)","decl":{"start":{"line":10,"column":2},"end":{"line":10,"column":3}},"loc":{"start":{"line":10,"column":21},"end":{"line":41,"column":3}},"line":10},"2":{"name":"(anonymous_2)","decl":{"start":{"line":30,"column":43},"end":{"line":30,"column":44}},"loc":{"start":{"line":30,"column":63},"end":{"line":38,"column":5}},"line":30},"3":{"name":"(anonymous_3)","decl":{"start":{"line":43,"column":2},"end":{"line":43,"column":3}},"loc":{"start":{"line":43,"column":22},"end":{"line":46,"column":3}},"line":43},"4":{"name":"(anonymous_4)","decl":{"start":{"line":48,"column":2},"end":{"line":48,"column":3}},"loc":{"start":{"line":48,"column":11},"end":{"line":57,"column":3}},"line":48}},"branchMap":{"0":{"loc":{"start":{"line":7,"column":71},"end":{"line":7,"column":117}},"type":"cond-expr","locations":[{"start":{"line":7,"column":95},"end":{"line":7,"column":98}},{"start":{"line":7,"column":101},"end":{"line":7,"column":117}}],"line":7},"1":{"loc":{"start":{"line":7,"column":71},"end":{"line":7,"column":92}},"type":"binary-expr","locations":[{"start":{"line":7,"column":71},"end":{"line":7,"column":74}},{"start":{"line":7,"column":78},"end":{"line":7,"column":92}}],"line":7}},"s":{"0":0,"1":0,"2":0,"3":0,"4":0,"5":0,"6":0,"7":0,"8":0,"9":0,"10":0,"11":0,"12":0,"13":0,"14":0,"15":0,"16":0,"17":0,"18":0},"f":{"0":0,"1":0,"2":0,"3":0,"4":0},"b":{"0":[0,0],"1":[0,0]}}
,"/Users/johnbrown/Desktop/projects/mailtroopers/client/src/components/dashboard/right-sidebar/troop/Troop.js": {"path":"/Users/johnbrown/Desktop/projects/mailtroopers/client/src/components/dashboard/right-sidebar/troop/Troop.js","statementMap":{"0":{"start":{"line":1,"column":13},"end":{"line":1,"column":75}},"1":{"start":{"line":1,"column":75},"end":{"line":1,"column":101}},"2":{"start":{"line":1,"column":120},"end":{"line":1,"column":229}},"3":{"start":{"line":1,"column":243},"end":{"line":1,"column":259}},"4":{"start":{"line":1,"column":274},"end":{"line":1,"column":304}},"5":{"start":{"line":2,"column":18},"end":{"line":2,"column":40}},"6":{"start":{"line":3,"column":15},"end":{"line":3,"column":45}},"7":{"start":{"line":4,"column":0},"end":{"line":4,"column":23}},"8":{"start":{"line":4,"column":61},"end":{"line":4,"column":115}},"9":{"start":{"line":8,"column":4},"end":{"line":8,"column":17}},"10":{"start":{"line":8,"column":17},"end":{"line":29,"column":6}},"11":{"start":{"line":27,"column":21},"end":{"line":27,"column":35}},"12":{"start":{"line":28,"column":6},"end":{"line":28,"column":37}},"13":{"start":{"line":29,"column":6},"end":{"line":29,"column":95}},"14":{"start":{"line":29,"column":95},"end":{"line":29,"column":770}},"15":{"start":{"line":29,"column":147},"end":{"line":29,"column":767}},"16":{"start":{"line":29,"column":770},"end":{"line":29,"column":827}},"17":{"start":{"line":32,"column":4},"end":{"line":32,"column":23}},"18":{"start":{"line":33,"column":4},"end":{"line":33,"column":53}},"19":{"start":{"line":37,"column":4},"end":{"line":41,"column":362}},"20":{"start":{"line":45,"column":4},"end":{"line":45,"column":26}},"21":{"start":{"line":45,"column":26},"end":{"line":48,"column":34}}},"fnMap":{"0":{"name":"_interopRequireDefault","decl":{"start":{"line":4,"column":32},"end":{"line":4,"column":54}},"loc":{"start":{"line":4,"column":60},"end":{"line":4,"column":116}},"line":4},"1":{"name":"(anonymous_1)","decl":{"start":{"line":7,"column":2},"end":{"line":7,"column":3}},"loc":{"start":{"line":7,"column":21},"end":{"line":29,"column":828}},"line":7},"2":{"name":"(anonymous_2)","decl":{"start":{"line":26,"column":18},"end":{"line":26,"column":19}},"loc":{"start":{"line":26,"column":26},"end":{"line":29,"column":5}},"line":26},"3":{"name":"(anonymous_3)","decl":{"start":{"line":29,"column":126},"end":{"line":29,"column":127}},"loc":{"start":{"line":29,"column":146},"end":{"line":29,"column":768}},"line":29},"4":{"name":"(anonymous_4)","decl":{"start":{"line":31,"column":2},"end":{"line":31,"column":3}},"loc":{"start":{"line":31,"column":22},"end":{"line":34,"column":3}},"line":31},"5":{"name":"(anonymous_5)","decl":{"start":{"line":36,"column":2},"end":{"line":36,"column":3}},"loc":{"start":{"line":36,"column":11},"end":{"line":45,"column":3}},"line":36}},"branchMap":{"0":{"loc":{"start":{"line":4,"column":68},"end":{"line":4,"column":114}},"type":"cond-expr","locations":[{"start":{"line":4,"column":92},"end":{"line":4,"column":95}},{"start":{"line":4,"column":98},"end":{"line":4,"column":114}}],"line":4},"1":{"loc":{"start":{"line":4,"column":68},"end":{"line":4,"column":89}},"type":"binary-expr","locations":[{"start":{"line":4,"column":68},"end":{"line":4,"column":71}},{"start":{"line":4,"column":75},"end":{"line":4,"column":89}}],"line":4}},"s":{"0":0,"1":0,"2":0,"3":0,"4":0,"5":0,"6":0,"7":0,"8":0,"9":0,"10":0,"11":0,"12":0,"13":0,"14":0,"15":0,"16":0,"17":0,"18":0,"19":0,"20":0,"21":0},"f":{"0":0,"1":0,"2":0,"3":0,"4":0,"5":0},"b":{"0":[0,0],"1":[0,0]}}
[...]
me":"_interopRequireDefault","decl":{"start":{"line":11,"column":33},"end":{"line":11,"column":55}},"loc":{"start":{"line":11,"column":61},"end":{"line":11,"column":117}},"line":11},"1":{"name":"(anonymous_1)","decl":{"start":{"line":14,"column":2},"end":{"line":14,"column":3}},"loc":{"start":{"line":14,"column":19},"end":{"line":22,"column":3}},"line":14},"2":{"name":"(anonymous_2)","decl":{"start":{"line":19,"column":9},"end":{"line":19,"column":10}},"loc":{"start":{"line":19,"column":15},"end":{"line":21,"column":5}},"line":19},"3":{"name":"(anonymous_3)","decl":{"start":{"line":25,"column":2},"end":{"line":25,"column":3}},"loc":{"start":{"line":25,"column":11},"end":{"line":90,"column":3}},"line":25},"4":{"name":"(anonymous_4)","decl":{"start":{"line":36,"column":48},"end":{"line":36,"column":49}},"loc":{"start":{"line":37,"column":14},"end":{"line":37,"column":35}},"line":37},"5":{"name":"(anonymous_5)","decl":{"start":{"line":95,"column":16},"end":{"line":95,"column":17}},"loc":{"start":{"line":96,"column":2},"end":{"line":96,"column":73}},"line":96}},"branchMap":{"0":{"loc":{"start":{"line":11,"column":69},"end":{"line":11,"column":115}},"type":"cond-expr","locations":[{"start":{"line":11,"column":93},"end":{"line":11,"column":96}},{"start":{"line":11,"column":99},"end":{"line":11,"column":115}}],"line":11},"1":{"loc":{"start":{"line":11,"column":69},"end":{"line":11,"column":90}},"type":"binary-expr","locations":[{"start":{"line":11,"column":69},"end":{"line":11,"column":72}},{"start":{"line":11,"column":76},"end":{"line":11,"column":90}}],"line":11},"2":{"loc":{"start":{"line":78,"column":28},"end":{"line":78,"column":72}},"type":"binary-expr","locations":[{"start":{"line":78,"column":28},"end":{"line":78,"column":47}},{"start":{"line":78,"column":51},"end":{"line":78,"column":72}}],"line":78}},"s":{"0":0,"1":0,"2":0,"3":0,"4":0,"5":0,"6":0,"7":0,"8":0,"9":0,"10":0,"11":0,"12":0,"13":0,"14":0,"15":0,"16":0,"17":0,"18":0,"19":0},"f":{"0":0,"1":0,"2":0,"3":0,"4":0,"5":0},"b":{"0":[0,0],"1":[0,0],"2":[0,0]}}
,"/Users/johnbrown/Desktop/projects/mailtroopers/client/src/components/modals/signup-modal/SignUpWrapper.js": {"path":"/Users/johnbrown/Desktop/projects/mailtroopers/client/src/components/modals/signup-modal/SignUpWrapper.js","statementMap":{"0":{"start":{"line":1,"column":13},"end":{"line":1,"column":75}},"1":{"start":{"line":1,"column":94},"end":{"line":1,"column":201}},"2":{"start":{"line":1,"column":215},"end":{"line":1,"column":231}},"3":{"start":{"line":1,"column":246},"end":{"line":1,"column":276}},"4":{"start":{"line":2,"column":14},"end":{"line":2,"column":33}},"5":{"start":{"line":2,"column":49},"end":{"line":2,"column":80}},"6":{"start":{"line":3,"column":18},"end":{"line":3,"column":40}},"7":{"start":{"line":4,"column":22},"end":{"line":4,"column":49}},"8":{"start":{"line":4,"column":88},"end":{"line":4,"column":142}},"9":{"start":{"line":6,"column":22},"end":{"line":17,"column":1}},"10":{"start":{"line":8,"column":2},"end":{"line":10,"column":3}},"11":{"start":{"line":9,"column":4},"end":{"line":9,"column":161}},"12":{"start":{"line":12,"column":2},"end":{"line":14,"column":152}},"13":{"start":{"line":19,"column":24},"end":{"line":21,"column":37}},"14":{"start":{"line":19,"column":34},"end":{"line":21,"column":36}},"15":{"start":{"line":21,"column":38},"end":{"line":24,"column":57}}},"fnMap":{"0":{"name":"_interopRequireDefault","decl":{"start":{"line":4,"column":59},"end":{"line":4,"column":81}},"loc":{"start":{"line":4,"column":87},"end":{"line":4,"column":143}},"line":4},"1":{"name":"(anonymous_1)","decl":{"start":{"line":6,"column":22},"end":{"line":6,"column":23}},"loc":{"start":{"line":6,"column":31},"end":{"line":17,"column":1}},"line":6},"2":{"name":"(anonymous_2)","decl":{"start":{"line":19,"column":24},"end":{"line":19,"column":25}},"loc":{"start":{"line":19,"column":34},"end":{"line":21,"column":36}},"line":19}},"branchMap":{"0":{"loc":{"start":{"line":4,"column":95},"end":{"line":4,"column":141}},"type":"cond-expr","locations":[{"start":{"line":4,"column":119},"end":{"line":4,"column":122}},{"start":{"line":4,"column":125},"end":{"line":4,"column":141}}],"line":4},"1":{"loc":{"start":{"line":4,"column":95},"end":{"line":4,"column":116}},"type":"binary-expr","locations":[{"start":{"line":4,"column":95},"end":{"line":4,"column":98}},{"start":{"line":4,"column":102},"end":{"line":4,"column":116}}],"line":4},"2":{"loc":{"start":{"line":8,"column":2},"end":{"line":10,"column":3}},"type":"if","locations":[{"start":{"line":8,"column":2},"end":{"line":10,"column":3}},{"start":{"line":8,"column":2},"end":{"line":10,"column":3}}],"line":8}},"s":{"0":0,"1":0,"2":0,"3":0,"4":0,"5":0,"6":0,"7":0,"8":0,"9":0,"10":0,"11":0,"12":0,"13":0,"14":0,"15":0},"f":{"0":0,"1":0,"2":0},"b":{"0":[0,0],"1":[0,0],"2":[0,0]}}
,"/Users/johnbrown/Desktop/projects/mailtroopers/client/src/components/navbar/Navbar.js": {"path":"/Users/johnbrown/Desktop/projects/mailtroopers/client/src/components/navbar/Navbar.js","statementMap":{"0":{"start":{"line":7,"column":2},"end":{"line":13,"column":3}}},"fnMap":{"0":{"name":"Navbar","decl":{"start":{"line":6,"column":24},"end":{"line":6,"column":30}},"loc":{"start":{"line":6,"column":38},"end":{"line":14,"column":1}},"line":6}},"branchMap":{},"s":{"0":1},"f":{"0":1},"b":{},"_coverageSchema":"332fd63041d2c1bcb487cc26dd0d5f7d97098a6c","hash":"316c256a544086a55f5277c23ec65358a56d7e45"}
,"/Users/johnbrown/Desktop/projects/mailtroopers/client/src/reducers/email.js": {"path":"/Users/johnbrown/Desktop/projects/mailtroopers/client/src/reducers/email.js","statementMap":{"0":{"start":{"line":1,"column":13},"end":{"line":1,"column":75}},"1":{"start":{"line":1,"column":75},"end":{"line":1,"column":108}},"2":{"start":{"line":1,"column":121},"end":{"line":1,"column":148}},"3":{"start":{"line":1,"column":163},"end":{"line":1,"column":194}},"4":{"start":{"line":1,"column":234},"end":{"line":1,"column":450}},"5":{"start":{"line":1,"column":262},"end":{"line":1,"column":273}},"6":{"start":{"line":1,"column":294},"end":{"line":1,"column":296}},"7":{"start":{"line":1,"column":297},"end":{"line":1,"column":414}},"8":{"start":{"line":1,"column":315},"end":{"line":1,"column":413}},"9":{"start":{"line":1,"column":337},"end":{"line":1,"column":412}},"10":{"start":{"line":1,"column":389},"end":{"line":1,"column":412}},"11":{"start":{"line":1,"column":414},"end":{"line":1,"column":435}},"12":{"start":{"line":1,"column":435},"end":{"line":1,"column":449}},"13":{"start":{"line":3,"column":21},"end":{"line":5,"column":16}},"14":{"start":{"line":8,"column":21},"end":{"line":25,"column":1}},"15":{"start":{"line":9,"column":2},"end":{"line":22,"column":3}},"16":{"start":{"line":10,"column":4},"end":{"line":10,"column":68}},"17":{"start":{"line":12,"column":2},"end":{"line":22,"column":3}},"18":{"start":{"line":13,"column":4},"end":{"line":13,"column":63}},"19":{"start":{"line":15,"column":2},"end":{"line":22,"column":3}},"20":{"start":{"line":16,"column":4},"end":{"line":16,"column":84}},"21":{"start":{"line":18,"column":2},"end":{"line":22,"column":3}},"22":{"start":{"line":19,"column":4},"end":{"line":20,"column":81}},"23":{"start":{"line":20,"column":43},"end":{"line":20,"column":76}},"24":{"start":{"line":24,"column":2},"end":{"line":24,"column":15}}},"fnMap":{"0":{"name":"_interopRequireWildcard","decl":{"start":{"line":1,"column":204},"end":{"line":1,"column":227}},"loc":{"start":{"line":1,"column":233},"end":{"line":1,"column":451}},"line":1},"1":{"name":"(anonymous_1)","decl":{"start":{"line":8,"column":44},"end":{"line":8,"column":45}},"loc":{"start":{"line":8,"column":78},"end":{"line":25,"column":1}},"line":8},"2":{"name":"(anonymous_2)","decl":{"start":{"line":20,"column":34},"end":{"line":20,"column":35}},"loc":{"start":{"line":20,"column":43},"end":{"line":20,"column":76}},"line":20}},"branchMap":{"0":{"loc":{"start":{"line":1,"column":234},"end":{"line":1,"column":450}},"type":"if","locations":[{"start":{"line":1,"column":234},"end":{"line":1,"column":450}},{"start":{"line":1,"column":234},"end":{"line":1,"column":450}}],"line":1},"1":{"loc":{"start":{"line":1,"column":238},"end":{"line":1,"column":259}},"type":"binary-expr","locations":[{"start":{"line":1,"column":238},"end":{"line":1,"column":241}},{"start":{"line":1,"column":245},"end":{"line":1,"column":259}}],"line":1},"2":{"loc":{"start":{"line":1,"column":297},"end":{"line":1,"column":414}},"type":"if","locations":[{"start":{"line":1,"column":297},"end":{"line":1,"column":414}},{"start":{"line":1,"column":297},"end":{"line":1,"column":414}}],"line":1},"3":{"loc":{"start":{"line":1,"column":337},"end":{"line":1,"column":412}},"type":"if","locations":[{"start":{"line":1,"column":337},"end":{"line":1,"column":412}},{"start":{"line":1,"column":337},"end":{"line":1,"column":412}}],"line":1},"4":{"loc":{"start":{"line":8,"column":45},"end":{"line":8,"column":65}},"type":"default-arg","locations":[{"start":{"line":8,"column":53},"end":{"line":8,"column":65}}],"line":8},"5":{"loc":{"start":{"line":9,"column":2},"end":{"line":22,"column":3}},"type":"if","locations":[{"start":{"line":9,"column":2},"end":{"line":22,"column":3}},{"start":{"line":9,"column":2},"end":{"line":22,"column":3}}],"line":9},"6":{"loc":{"start":{"line":12,"column":2},"end":{"line":22,"column":3}},"type":"if","locations":[{"start":{"line":12,"column":2},"end":{"line":22,"column":3}},{"start":{"line":12,"column":2},"end":{"line":22,"column":3}}],"line":12},"7":{"loc":{"start":{"line":15,"column":2},"end":{"line":22,"column":3}},"type":"if","locations":[{"start":{"line":15,"column":2},"end":{"line":22,"column":3}},{"start":{"line":15,"column":2},"end":{"line":22,"column":3}}],"line":15},"8":{"loc":{"start":{"line":18,"column":2},"end":{"line":22,"column":3}},"type":"if","locations":[{"start":{"line":18,"column":2},"end":{"line":22,"column":3}},{"start":{"line":18,"column":2},"end":{"line":22,"column":3}}],"line":18}},"s":{"0":0,"1":0,"2":0,"3":0,"4":0,"5":0,"6":0,"7":0,"8":0,"9":0,"10":0,"11":0,"12":0,"13":0,"14":0,"15":0,"16":0,"17":0,"18":0,"19":0,"20":0,"21":0,"22":0,"23":0,"24":0},"f":{"0":0,"1":0,"2":0},"b":{"0":[0,0],"1":[0,0],"2":[0,0],"3":[0,0],"4":[0],"5":[0,0],"6":[0,0],"7":[0,0],"8":[0,0]}}
,"/Users/johnbrown/Desktop/projects/mailtroopers/client/src/reducers/index.js": {"path":"/Users/johnbrown/Desktop/projects/mailtroopers/client/src/reducers/index.js","statementMap":{"0":{"start":{"line":1,"column":13},"end":{"line":1,"column":75}},"1":{"start":{"line":1,"column":75},"end":{"line":1,"column":114}},"2":{"start":{"line":1,"column":129},"end":{"line":1,"column":150}},"3":{"start":{"line":1,"column":165},"end":{"line":1,"column":198}},"4":{"start":{"line":1,"column":238},"end":{"line":1,"column":454}},"5":{"start":{"line":1,"column":266},"end":{"line":1,"column":277}},"6":{"start":{"line":1,"column":298},"end":{"line":1,"column":300}},"7":{"start":{"line":1,"column":301},"end":{"line":1,"column":418}},"8":{"start":{"line":1,"column":319},"end":{"line":1,"column":417}},"9":{"start":{"line":1,"column":341},"end":{"line":1,"column":416}},"10":{"start":{"line":1,"column":393},"end":{"line":1,"column":416}},"11":{"start":{"line":1,"column":418},"end":{"line":1,"column":439}},"12":{"start":{"line":1,"column":439},"end":{"line":1,"column":453}},"13":{"start":{"line":3,"column":21},"end":{"line":10,"column":27}},"14":{"start":{"line":13,"column":27},"end":{"line":36,"column":1}},"15":{"start":{"line":14,"column":2},"end":{"line":34,"column":3}},"16":{"start":{"line":15,"column":4},"end":{"line":15,"column":81}},"17":{"start":{"line":17,"column":2},"end":{"line":34,"column":3}},"18":{"start":{"line":18,"column":4},"end":{"line":18,"column":83}},"19":{"start":{"line":20,"column":2},"end":{"line":34,"column":3}},"20":{"start":{"line":21,"column":4},"end":{"line":21,"column":67}},"21":{"start":{"line":23,"column":2},"end":{"line":34,"column":3}},"22":{"start":{"line":24,"column":4},"end":{"line":24,"column":75}},"23":{"start":{"line":26,"column":2},"end":{"line":34,"column":3}},"24":{"start":{"line":27,"column":4},"end":{"line":27,"column":75}},"25":{"start":{"line":29,"column":2},"end":{"line":34,"column":3}},"26":{"start":{"line":30,"column":4},"end":{"line":30,"column":75}},"27":{"start":{"line":32,"column":2},"end":{"line":34,"column":3}},"28":{"start":{"line":33,"column":4},"end":{"line":33,"column":83}},"29":{"start":{"line":35,"column":2},"end":{"line":35,"column":15}}},"fnMap":{"0":{"name":"_interopRequireWildcard","decl":{"start":{"line":1,"column":208},"end":{"line":1,"column":231}},"loc":{"start":{"line":1,"column":237},"end":{"line":1,"column":455}},"line":1},"1":{"name":"(anonymous_1)","decl":{"start":{"line":13,"column":56},"end":{"line":13,"column":57}},"loc":{"start":{"line":13,"column":90},"end":{"line":36,"column":1}},"line":13}},"branchMap":{"0":{"loc":{"start":{"line":1,"column":238},"end":{"line":1,"column":454}},"type":"if","locations":[{"start":{"line":1,"column":238},"end":{"line":1,"column":454}},{"start":{"line":1,"column":238},"end":{"line":1,"column":454}}],"line":1},"1":{"loc":{"start":{"line":1,"column":242},"end":{"line":1,"column":263}},"type":"binary-expr","locations":[{"start":{"line":1,"column":242},"end":{"line":1,"column":245}},{"start":{"line":1,"column":249},"end":{"line":1,"column":263}}],"line":1},"2":{"loc":{"start":{"line":1,"column":301},"end":{"line":1,"column":418}},"type":"if","locations":[{"start":{"line":1,"column":301},"end":{"line":1,"column":418}},{"start":{"line":1,"column":301},"end":{"line":1,"column":418}}],"line":1},"3":{"loc":{"start":{"line":1,"column":341},"end":{"line":1,"column":416}},"type":"if","locations":[{"start":{"line":1,"column":341},"end":{"line":1,"column":416}},{"start":{"line":1,"column":341},"end":{"line":1,"column":416}}],"line":1},"4":{"loc":{"start":{"line":13,"column":57},"end":{"line":13,"column":77}},"type":"default-arg","locations":[{"start":{"line":13,"column":65},"end":{"line":13,"column":77}}],"line":13},"5":{"loc":{"start":{"line":14,"column":2},"end":{"line":34,"column":3}},"type":"if","locations":[{"start":{"line":14,"column":2},"end":{"line":34,"column":3}},{"start":{"line":14,"column":2},"end":{"line":34,"column":3}}],"line":14},"6":{"loc":{"start":{"line":17,"column":2},"end":{"line":34,"column":3}},"type":"if","locations":[{"start":{"line":17,"column":2},"end":{"line":34,"column":3}},{"start":{"line":17,"column":2},"end":{"line":34,"column":3}}],"line":17},"7":{"loc":{"start":{"line":20,"column":2},"end":{"line":34,"column":3}},"type":"if","locations":[{"start":{"line":20,"column":2},"end":{"line":34,"column":3}},{"start":{"line":20,"column":2},"end":{"line":34,"column":3}}],"line":20},"8":{"loc":{"start":{"line":23,"column":2},"end":{"line":34,"column":3}},"type":"if","locations":[{"start":{"line":23,"column":2},"end":{"line":34,"column":3}},{"start":{"line":23,"column":2},"end":{"line":34,"column":3}}],"line":23},"9":{"loc":{"start":{"line":26,"column":2},"end":{"line":34,"column":3}},"type":"if","locations":[{"start":{"line":26,"column":2},"end":{"line":34,"column":3}},{"start":{"line":26,"column":2},"end":{"line":34,"column":3}}],"line":26},"10":{"loc":{"start":{"line":29,"column":2},"end":{"line":34,"column":3}},"type":"if","locations":[{"start":{"line":29,"column":2},"end":{"line":34,"column":3}},{"start":{"line":29,"column":2},"end":{"line":34,"column":3}}],"line":29},"11":{"loc":{"start":{"line":32,"column":2},"end":{"line":34,"column":3}},"type":"if","locations":[{"start":{"line":32,"column":2},"end":{"line":34,"column":3}},{"start":{"line":32,"column":2},"end":{"line":34,"column":3}}],"line":32}},"s":{"0":0,"1":0,"2":0,"3":0,"4":0,"5":0,"6":0,"7":0,"8":0,"9":0,"10":0,"11":0,"12":0,"13":0,"14":0,"15":0,"16":0,"17":0,"18":0,"19":0,"20":0,"21":0,"22":0,"23":0,"24":0,"25":0,"26":0,"27":0,"28":0,"29":0},"f":{"0":0,"1":0},"b":{"0":[0,0],"1":[0,0],"2":[0,0],"3":[0,0],"4":[0],"5":[0,0],"6":[0,0],"7":[0,0],"8":[0,0],"9":[0,0],"10":[0,0],"11":[0,0]}}
,"/Users/johnbrown/Desktop/projects/mailtroopers/client/src/reducers/io.js": {"path":"/Users/johnbrown/Desktop/projects/mailtroopers/client/src/reducers/io.js","statementMap":{"0":{"start":{"line":1,"column":13},"end":{"line":1,"column":75}},"1":{"start":{"line":1,"column":75},"end":{"line":1,"column":105}},"2":{"start":{"line":1,"column":115},"end":{"line":1,"column":139}},"3":{"start":{"line":3,"column":21},"end":{"line":4,"column":16}},"4":{"start":{"line":7,"column":18},"end":{"line":14,"column":1}},"5":{"start":{"line":8,"column":2},"end":{"line":12,"column":3}},"6":{"start":{"line":9,"column":4},"end":{"line":10,"column":31}},"7":{"start":{"line":13,"column":2},"end":{"line":13,"column":15}}},"fnMap":{"0":{"name":"(anonymous_0)","decl":{"start":{"line":7,"column":38},"end":{"line":7,"column":39}},"loc":{"start":{"line":7,"column":72},"end":{"line":14,"column":1}},"line":7}},"branchMap":{"0":{"loc":{"start":{"line":7,"column":39},"end":{"line":7,"column":59}},"type":"default-arg","locations":[{"start":{"line":7,"column":47},"end":{"line":7,"column":59}}],"line":7},"1":{"loc":{"start":{"line":8,"column":2},"end":{"line":12,"column":3}},"type":"if","locations":[{"start":{"line":8,"column":2},"end":{"line":12,"column":3}},{"start":{"line":8,"column":2},"end":{"line":12,"column":3}}],"line":8}},"s":{"0":0,"1":0,"2":0,"3":0,"4":0,"5":0,"6":0,"7":0},"f":{"0":0},"b":{"0":[0],"1":[0,0]}}
,"/Users/johnbrown/Desktop/projects/mailtroopers/client/src/reducers/user.js": {"path":"/Users/johnbrown/Desktop/projects/mailtroopers/client/src/reducers/user.js","statementMap":{"0":{"start":{"line":1,"column":13},"end":{"line":1,"column":75}},"1":{"start":{"line":1,"column":75},"end":{"line":1,"column":107}},"2":{"start":{"line":1,"column":119},"end":{"line":1,"column":145}},"3":{"start":{"line":8,"column":21},"end":{"line":12,"column":21}},"4":{"start":{"line":15,"column":20},"end":{"line":37,"column":1}},"5":{"start":{"line":16,"column":2},"end":{"line":35,"column":3}},"6":{"start":{"line":17,"column":4},"end":{"line":18,"column":28}},"7":{"start":{"line":21,"column":2},"end":{"line":35,"column":3}},"8":{"start":{"line":22,"column":4},"end":{"line":23,"column":28}},"9":{"start":{"line":26,"column":2},"end":{"line":35,"column":3}},"10":{"start":{"line":27,"column":4},"end":{"line":28,"column":37}},"11":{"start":{"line":31,"column":2},"end":{"line":35,"column":3}},"12":{"start":{"line":32,"column":4},"end":{"line":33,"column":41}},"13":{"start":{"line":36,"column":2},"end":{"line":36,"column":15}}},"fnMap":{"0":{"name":"(anonymous_0)","decl":{"start":{"line":15,"column":42},"end":{"line":15,"column":43}},"loc":{"start":{"line":15,"column":76},"end":{"line":37,"column":1}},"line":15}},"branchMap":{"0":{"loc":{"start":{"line":15,"column":43},"end":{"line":15,"column":63}},"type":"default-arg","locations":[{"start":{"line":15,"column":51},"end":{"line":15,"column":63}}],"line":15},"1":{"loc":{"start":{"line":16,"column":2},"end":{"line":35,"column":3}},"type":"if","locations":[{"start":{"line":16,"column":2},"end":{"line":35,"column":3}},{"start":{"line":16,"column":2},"end":{"line":35,"column":3}}],"line":16},"2":{"loc":{"start":{"line":21,"column":2},"end":{"line":35,"column":3}},"type":"if","locations":[{"start":{"line":21,"column":2},"end":{"line":35,"column":3}},{"start":{"line":21,"column":2},"end":{"line":35,"column":3}}],"line":21},"3":{"loc":{"start":{"line":26,"column":2},"end":{"line":35,"column":3}},"type":"if","locations":[{"start":{"line":26,"column":2},"end":{"line":35,"column":3}},{"start":{"line":26,"column":2},"end":{"line":35,"column":3}}],"line":26},"4":{"loc":{"start":{"line":31,"column":2},"end":{"line":35,"column":3}},"type":"if","locations":[{"start":{"line":31,"column":2},"end":{"line":35,"column":3}},{"start":{"line":31,"column":2},"end":{"line":35,"column":3}}],"line":31}},"s":{"0":0,"1":0,"2":0,"3":0,"4":0,"5":0,"6":0,"7":0,"8":0,"9":0,"10":0,"11":0,"12":0,"13":0},"f":{"0":0},"b":{"0":[0],"1":[0,0],"2":[0,0],"3":[0,0],"4":[0,0]}}
}
