TN:
SF:/Users/johnbrown/Desktop/projects/mailtroopers/client/src/index.js
FN:8,_interopRequireDefault
FNF:1
FNH:0
FNDA:0,_interopRequireDefault
DA:1,0
DA:2,0
DA:3,0
DA:5,0
DA:6,0
DA:7,0
DA:8,0
DA:10,0
DA:15,0
LF:9
LH:0
BRDA:8,0,0,0
BRDA:8,0,1,0
BRDA:8,1,0,0
BRDA:8,1,1,0
BRF:4
BRH:0
end_of_record
TN:
SF:/Users/johnbrown/Desktop/projects/mailtroopers/client/src/registerServiceWorker.js
FN:111,register
FN:115,(anonymous_1)
FN:117,registerValidSW
FN:117,(anonymous_3)
FN:117,(anonymous_4)
FN:117,(anonymous_5)
FN:124,(anonymous_6)
FN:124,checkValidServiceWorker
FN:125,(anonymous_8)
FN:127,(anonymous_9)
FN:127,(anonymous_10)
FN:128,(anonymous_11)
FN:128,unregister
FN:128,(anonymous_13)
FNF:14
FNH:0
FNDA:0,register
FNDA:0,(anonymous_1)
FNDA:0,registerValidSW
FNDA:0,(anonymous_3)
FNDA:0,(anonymous_4)
FNDA:0,(anonymous_5)
FNDA:0,(anonymous_6)
FNDA:0,checkValidServiceWorker
FNDA:0,(anonymous_8)
FNDA:0,(anonymous_9)
FNDA:0,(anonymous_10)
FNDA:0,(anonymous_11)
FNDA:0,unregister
FNDA:0,(anonymous_13)
DA:1,0
DA:21,0
DA:109,0
DA:111,0
DA:112,0
DA:115,0
DA:116,0
DA:117,0
DA:121,0
DA:124,0
DA:125,0
DA:126,0
DA:127,0
DA:128,0
LF:14
LH:0
BRDA:109,0,0,0
BRDA:109,0,1,0
BRDA:109,0,2,0
BRDA:111,1,0,0
BRDA:111,1,1,0
BRDA:111,2,0,0
BRDA:111,2,1,0
BRDA:112,3,0,0
BRDA:112,3,1,0
BRDA:115,4,0,0
BRDA:115,4,1,0
BRDA:117,5,0,0
BRDA:117,5,1,0
BRDA:117,6,0,0
BRDA:117,6,1,0
BRDA:126,7,0,0
BRDA:126,7,1,0
BRDA:126,8,0,0
BRDA:126,8,1,0
BRDA:128,9,0,0
BRDA:128,9,1,0
BRF:21
BRH:0
end_of_record
TN:
SF:/Users/johnbrown/Desktop/projects/mailtroopers/client/src/store.js
FNF:0
FNH:0
LF:0
LH:0
BRF:0
BRH:0
end_of_record
TN:
SF:/Users/johnbrown/Desktop/projects/mailtroopers/client/src/actions/index.js
FNF:0
FNH:0
DA:1,2
DA:2,2
DA:6,2
DA:7,2
LF:4
LH:4
BRF:0
BRH:0
end_of_record
TN:
SF:/Users/johnbrown/Desktop/projects/mailtroopers/client/src/components/app/App.js
FN:14,(anonymous_0)
FN:29,(anonymous_1)
FNF:2
FNH:1
FNDA:1,(anonymous_0)
FNDA:0,(anonymous_1)
DA:16,1
DA:29,1
LF:2
LH:2
BRF:0
BRH:0
end_of_record
TN:
SF:/Users/johnbrown/Desktop/projects/mailtroopers/client/src/components/left-sidebar/LeftSidebar.js
FN:5,LeftSidebar
FNF:1
FNH:1
FNDA:2,LeftSidebar
DA:6,2
LF:1
LH:1
BRF:0
BRH:0
end_of_record
TN:
SF:/Users/johnbrown/Desktop/projects/mailtroopers/client/src/components/main/Main.js
FN:12,(anonymous_0)
FN:17,(anonymous_1)
FN:22,(anonymous_2)
FN:23,(anonymous_3)
FN:30,(anonymous_4)
FN:43,(anonymous_5)
FN:60,(anonymous_6)
FN:67,(anonymous_7)
FN:76,(anonymous_8)
FN:86,(anonymous_9)
FNF:10
FNH:6
FNDA:2,(anonymous_0)
FNDA:0,(anonymous_1)
FNDA:2,(anonymous_2)
FNDA:0,(anonymous_3)
FNDA:2,(anonymous_4)
FNDA:4,(anonymous_5)
FNDA:2,(anonymous_6)
FNDA:0,(anonymous_7)
FNDA:0,(anonymous_8)
FNDA:1,(anonymous_9)
DA:9,2
DA:13,2
DA:14,2
DA:17,2
DA:23,2
DA:24,0
DA:25,0
DA:27,2
DA:31,2
DA:32,0
DA:34,2
DA:35,0
DA:37,2
DA:38,1
DA:40,1
DA:44,4
DA:45,2
DA:46,1
DA:48,1
DA:51,2
DA:52,2
DA:53,1
DA:55,1
DA:61,2
DA:67,0
DA:76,0
DA:86,2
LF:27
LH:21
BRDA:31,0,0,0
BRDA:31,0,1,2
BRDA:31,1,0,2
BRDA:31,1,1,1
BRDA:34,2,0,0
BRDA:34,2,1,2
BRDA:34,3,0,2
BRDA:34,3,1,1
BRDA:37,4,0,1
BRDA:37,4,1,1
BRDA:37,5,0,2
BRDA:37,5,1,1
BRDA:44,6,0,2
BRDA:44,6,1,2
BRDA:45,7,0,1
BRDA:45,7,1,1
BRDA:51,8,0,2
BRDA:51,8,1,0
BRDA:52,9,0,1
BRDA:52,9,1,1
BRF:20
BRH:17
end_of_record
TN:
SF:/Users/johnbrown/Desktop/projects/mailtroopers/client/src/components/main/version/Version.js
FN:5,Version
FNF:1
FNH:1
FNDA:3,Version
DA:6,3
LF:1
LH:1
BRF:0
BRH:0
end_of_record
TN:
SF:/Users/johnbrown/Desktop/projects/mailtroopers/client/src/components/navbar/Navbar.js
FN:6,Navbar
FNF:1
FNH:1
FNDA:2,Navbar
DA:7,2
LF:1
LH:1
BRF:0
BRH:0
end_of_record
TN:
SF:/Users/johnbrown/Desktop/projects/mailtroopers/client/src/components/right-sidebar/RightSidebar.js
FN:8,RightSidebar
FNF:1
FNH:1
FNDA:2,RightSidebar
DA:9,2
LF:1
LH:1
BRF:0
BRH:0
end_of_record
TN:
SF:/Users/johnbrown/Desktop/projects/mailtroopers/client/src/components/right-sidebar/comments/Comments.js
FN:7,(anonymous_0)
FN:27,(anonymous_1)
FN:38,(anonymous_2)
FNF:3
FNH:3
FNDA:3,(anonymous_0)
FNDA:9,(anonymous_1)
FNDA:3,(anonymous_2)
DA:8,3
DA:9,3
DA:27,3
DA:28,9
DA:39,3
LF:5
LH:5
BRF:0
BRH:0
end_of_record
TN:
SF:/Users/johnbrown/Desktop/projects/mailtroopers/client/src/components/right-sidebar/troop/Troop.js
FN:7,(anonymous_0)
FN:13,(anonymous_1)
FN:23,(anonymous_2)
FN:28,(anonymous_3)
FNF:4
FNH:4
FNDA:3,(anonymous_0)
FNDA:15,(anonymous_1)
FNDA:15,(anonymous_2)
FNDA:3,(anonymous_3)
DA:8,3
DA:9,3
DA:13,3
DA:14,15
DA:24,15
DA:25,15
DA:29,3
LF:7
LH:7
BRF:0
BRH:0
end_of_record
TN:
SF:/Users/johnbrown/Desktop/projects/mailtroopers/client/src/reducers/index.js
FN:17,(anonymous_0)
FNF:1
FNH:1
FNDA:1,(anonymous_0)
DA:3,1
DA:17,1
DA:18,1
DA:19,0
DA:21,1
DA:22,0
DA:24,1
LF:7
LH:5
BRDA:17,0,0,1
BRDA:18,1,0,0
BRDA:18,1,1,1
BRDA:21,2,0,0
BRDA:21,2,1,1
BRF:5
BRH:3
end_of_record
