TN:
SF:/Users/johnbrown/Desktop/projects/mailtroopers/client/src/config.js
FNF:0
FNH:0
DA:1,2
LF:1
LH:1
BRDA:1,0,0,2
BRDA:1,0,1,2
BRF:2
BRH:2
end_of_record
TN:
SF:/Users/johnbrown/Desktop/projects/mailtroopers/client/src/index.js
FN:8,_interopRequireDefault
FNF:1
FNH:0
FNDA:0,_interopRequireDefault
DA:1,0
DA:2,0
DA:3,0
DA:5,0
DA:6,0
DA:7,0
DA:8,0
DA:10,0
DA:15,0
LF:9
LH:0
BRDA:8,0,0,0
BRDA:8,0,1,0
BRDA:8,1,0,0
BRDA:8,1,1,0
BRF:4
BRH:0
end_of_record
TN:
SF:/Users/johnbrown/Desktop/projects/mailtroopers/client/src/registerServiceWorker.js
FN:111,register
FN:115,(anonymous_1)
FN:117,registerValidSW
FN:117,(anonymous_3)
FN:117,(anonymous_4)
FN:117,(anonymous_5)
FN:124,(anonymous_6)
FN:124,checkValidServiceWorker
FN:125,(anonymous_8)
FN:127,(anonymous_9)
FN:127,(anonymous_10)
FN:128,(anonymous_11)
FN:128,unregister
FN:128,(anonymous_13)
FNF:14
FNH:0
FNDA:0,register
FNDA:0,(anonymous_1)
FNDA:0,registerValidSW
FNDA:0,(anonymous_3)
FNDA:0,(anonymous_4)
FNDA:0,(anonymous_5)
FNDA:0,(anonymous_6)
FNDA:0,checkValidServiceWorker
FNDA:0,(anonymous_8)
FNDA:0,(anonymous_9)
FNDA:0,(anonymous_10)
FNDA:0,(anonymous_11)
FNDA:0,unregister
FNDA:0,(anonymous_13)
DA:1,0
DA:21,0
DA:109,0
DA:111,0
DA:112,0
DA:115,0
DA:116,0
DA:117,0
DA:121,0
DA:124,0
DA:125,0
DA:126,0
DA:127,0
DA:128,0
LF:14
LH:0
BRDA:109,0,0,0
BRDA:109,0,1,0
BRDA:109,0,2,0
BRDA:111,1,0,0
BRDA:111,1,1,0
BRDA:111,2,0,0
BRDA:111,2,1,0
BRDA:112,3,0,0
BRDA:112,3,1,0
BRDA:115,4,0,0
BRDA:115,4,1,0
BRDA:117,5,0,0
BRDA:117,5,1,0
BRDA:117,6,0,0
BRDA:117,6,1,0
BRDA:126,7,0,0
BRDA:126,7,1,0
BRDA:126,8,0,0
BRDA:126,8,1,0
BRDA:128,9,0,0
BRDA:128,9,1,0
BRF:21
BRH:0
end_of_record
TN:
SF:/Users/johnbrown/Desktop/projects/mailtroopers/client/src/store.js
FNF:0
FNH:0
LF:0
LH:0
BRF:0
BRH:0
end_of_record
TN:
SF:/Users/johnbrown/Desktop/projects/mailtroopers/client/src/actions/index.js
FNF:0
FNH:0
DA:1,7
DA:2,7
DA:6,7
DA:7,7
DA:11,7
DA:12,7
DA:16,7
DA:17,7
DA:21,7
DA:22,7
DA:26,7
DA:27,7
LF:12
LH:12
BRF:0
BRH:0
end_of_record
TN:
SF:/Users/johnbrown/Desktop/projects/mailtroopers/client/src/components/app/App.js
FN:17,(anonymous_0)
FN:38,(anonymous_1)
FNF:2
FNH:1
FNDA:1,(anonymous_0)
FNDA:0,(anonymous_1)
DA:18,1
DA:19,1
DA:21,1
DA:38,1
LF:4
LH:4
BRDA:18,0,0,0
BRDA:18,0,1,1
BRDA:19,1,0,0
BRDA:19,1,1,1
BRF:4
BRH:2
end_of_record
TN:
SF:/Users/johnbrown/Desktop/projects/mailtroopers/client/src/components/left-sidebar/LeftSidebar.js
FN:5,LeftSidebar
FNF:1
FNH:1
FNDA:2,LeftSidebar
DA:6,2
LF:1
LH:1
BRF:0
BRH:0
end_of_record
TN:
SF:/Users/johnbrown/Desktop/projects/mailtroopers/client/src/components/main/Main.js
FN:13,(anonymous_0)
FN:18,(anonymous_1)
FN:23,(anonymous_2)
FN:24,(anonymous_3)
FN:30,(anonymous_4)
FN:43,(anonymous_5)
FN:60,(anonymous_6)
FN:67,(anonymous_7)
FN:76,(anonymous_8)
FN:86,(anonymous_9)
FNF:10
FNH:6
FNDA:2,(anonymous_0)
FNDA:0,(anonymous_1)
FNDA:2,(anonymous_2)
FNDA:0,(anonymous_3)
FNDA:2,(anonymous_4)
FNDA:4,(anonymous_5)
FNDA:2,(anonymous_6)
FNDA:0,(anonymous_7)
FNDA:0,(anonymous_8)
FNDA:1,(anonymous_9)
DA:10,2
DA:14,2
DA:15,2
DA:18,2
DA:24,2
DA:25,0
DA:27,2
DA:31,2
DA:32,0
DA:34,2
DA:35,0
DA:37,2
DA:38,1
DA:40,1
DA:44,4
DA:45,2
DA:46,1
DA:48,1
DA:51,2
DA:52,2
DA:53,1
DA:55,1
DA:61,2
DA:67,0
DA:76,0
DA:86,2
LF:26
LH:21
BRDA:31,0,0,0
BRDA:31,0,1,2
BRDA:31,1,0,2
BRDA:31,1,1,1
BRDA:34,2,0,0
BRDA:34,2,1,2
BRDA:34,3,0,2
BRDA:34,3,1,1
BRDA:37,4,0,1
BRDA:37,4,1,1
BRDA:37,5,0,2
BRDA:37,5,1,1
BRDA:44,6,0,2
BRDA:44,6,1,2
BRDA:45,7,0,1
BRDA:45,7,1,1
BRDA:51,8,0,2
BRDA:51,8,1,0
BRDA:52,9,0,1
BRDA:52,9,1,1
BRF:20
BRH:17
end_of_record
TN:
SF:/Users/johnbrown/Desktop/projects/mailtroopers/client/src/components/main/version/Version.js
FN:5,Version
FNF:1
FNH:1
FNDA:3,Version
DA:6,3
LF:1
LH:1
BRF:0
BRH:0
end_of_record
TN:
SF:/Users/johnbrown/Desktop/projects/mailtroopers/client/src/components/modals/comment-modal/CommentModal.js
FN:10,(anonymous_0)
FN:19,(anonymous_1)
FN:26,(anonymous_2)
FN:31,(anonymous_3)
FN:43,(anonymous_4)
FN:56,(anonymous_5)
FNF:6
FNH:2
FNDA:1,(anonymous_0)
FNDA:0,(anonymous_1)
FNDA:0,(anonymous_2)
FNDA:0,(anonymous_3)
FNDA:1,(anonymous_4)
FNDA:0,(anonymous_5)
DA:11,1
DA:12,1
DA:20,0
DA:21,0
DA:27,0
DA:28,0
DA:32,0
DA:33,0
DA:37,0
DA:44,1
DA:54,1
DA:56,0
LF:12
LH:4
BRDA:32,0,0,0
BRDA:32,0,1,0
BRDA:44,1,0,0
BRDA:44,1,1,1
BRDA:58,2,0,1
BRDA:58,2,1,0
BRF:6
BRH:2
end_of_record
TN:
SF:/Users/johnbrown/Desktop/projects/mailtroopers/client/src/components/modals/recruit-modal/RecruitModal.js
FN:9,(anonymous_0)
FN:16,(anonymous_1)
FN:21,(anonymous_2)
FN:29,(anonymous_3)
FN:35,(anonymous_4)
FN:47,(anonymous_5)
FNF:6
FNH:2
FNDA:1,(anonymous_0)
FNDA:0,(anonymous_1)
FNDA:0,(anonymous_2)
FNDA:1,(anonymous_3)
FNDA:0,(anonymous_4)
FNDA:0,(anonymous_5)
DA:10,1
DA:11,1
DA:17,0
DA:18,0
DA:22,0
DA:23,0
DA:24,0
DA:30,1
DA:33,1
DA:35,0
DA:47,0
LF:11
LH:4
BRDA:30,0,0,1
BRDA:30,0,1,0
BRF:2
BRH:1
end_of_record
TN:
SF:/Users/johnbrown/Desktop/projects/mailtroopers/client/src/components/navbar/Navbar.js
FN:6,Navbar
FNF:1
FNH:1
FNDA:2,Navbar
DA:7,2
LF:1
LH:1
BRF:0
BRH:0
end_of_record
TN:
SF:/Users/johnbrown/Desktop/projects/mailtroopers/client/src/components/right-sidebar/RightSidebar.js
FN:13,(anonymous_0)
FN:26,(anonymous_1)
FN:43,(anonymous_2)
FN:49,(anonymous_3)
FN:60,(anonymous_4)
FN:72,(anonymous_5)
FNF:6
FNH:4
FNDA:2,(anonymous_0)
FNDA:4,(anonymous_1)
FNDA:2,(anonymous_2)
FNDA:0,(anonymous_3)
FNDA:0,(anonymous_4)
FNDA:2,(anonymous_5)
DA:14,2
DA:15,0
DA:17,2
DA:18,0
DA:20,2
DA:21,0
DA:23,2
DA:27,4
DA:28,2
DA:29,2
DA:31,0
DA:34,2
DA:35,2
DA:36,2
DA:38,0
DA:44,2
DA:49,0
DA:60,0
DA:72,2
LF:19
LH:12
BRDA:14,0,0,0
BRDA:14,0,1,2
BRDA:14,1,0,2
BRDA:14,1,1,0
BRDA:17,2,0,0
BRDA:17,2,1,2
BRDA:17,3,0,2
BRDA:17,3,1,2
BRDA:20,4,0,0
BRDA:20,4,1,2
BRDA:20,5,0,2
BRDA:20,5,1,0
BRDA:27,6,0,2
BRDA:27,6,1,2
BRDA:28,7,0,2
BRDA:28,7,1,0
BRDA:34,8,0,2
BRDA:34,8,1,0
BRDA:35,9,0,2
BRDA:35,9,1,0
BRF:20
BRH:12
end_of_record
TN:
SF:/Users/johnbrown/Desktop/projects/mailtroopers/client/src/components/right-sidebar/comments/Comments.js
FN:10,(anonymous_0)
FN:30,(anonymous_1)
FN:43,(anonymous_2)
FN:48,(anonymous_3)
FNF:4
FNH:3
FNDA:3,(anonymous_0)
FNDA:9,(anonymous_1)
FNDA:0,(anonymous_2)
FNDA:3,(anonymous_3)
DA:11,3
DA:12,3
DA:30,3
DA:31,9
DA:40,3
DA:44,0
DA:45,0
DA:49,3
LF:8
LH:6
BRF:0
BRH:0
end_of_record
TN:
SF:/Users/johnbrown/Desktop/projects/mailtroopers/client/src/components/right-sidebar/troop/Troop.js
FN:7,(anonymous_0)
FN:13,(anonymous_1)
FN:26,(anonymous_2)
FN:31,(anonymous_3)
FN:36,(anonymous_4)
FNF:5
FNH:4
FNDA:3,(anonymous_0)
FNDA:15,(anonymous_1)
FNDA:15,(anonymous_2)
FNDA:0,(anonymous_3)
FNDA:3,(anonymous_4)
DA:8,3
DA:9,3
DA:13,3
DA:14,15
DA:22,3
DA:27,15
DA:28,15
DA:32,0
DA:33,0
DA:37,3
LF:10
LH:8
BRF:0
BRH:0
end_of_record
TN:
SF:/Users/johnbrown/Desktop/projects/mailtroopers/client/src/reducers/index.js
FN:21,(anonymous_0)
FNF:1
FNH:1
FNDA:6,(anonymous_0)
DA:3,6
DA:21,6
DA:22,6
DA:23,0
DA:25,6
DA:26,0
DA:28,6
DA:29,0
DA:31,6
DA:32,0
DA:34,6
DA:35,0
DA:37,6
DA:38,0
DA:40,6
LF:15
LH:9
BRDA:21,0,0,6
BRDA:22,1,0,0
BRDA:22,1,1,6
BRDA:25,2,0,0
BRDA:25,2,1,6
BRDA:28,3,0,0
BRDA:28,3,1,6
BRDA:31,4,0,0
BRDA:31,4,1,6
BRDA:34,5,0,0
BRDA:34,5,1,6
BRDA:37,6,0,0
BRDA:37,6,1,6
BRF:13
BRH:7
end_of_record
